
                            < M A T L A B (R) >
                  Copyright 1984-2021 The MathWorks, Inc.
             R2021a Update 3 (9.10.0.1684407) 64-bit (glnxa64)
                                May 27, 2021

 
To get started, type doc.
For product information, visit www.mathworks.com.
 

sizes =

  Columns 1 through 6

        1000        5000       10000       50000      100000      500000

  Column 7

     1000000


kwant =

     4


what = 

    "pos"


tau =

   1.0000e-06


itermax =

   100


stepsize =

    0.1000


w =

     0


alpha =

    0.9000



========================= #samples =       1000 ============================
nonzeros rate:     0.0704 
initial loss: 4.0211e+06 



--------------------------------------------
results from eigs: 
running time 0.5128 
computed eigenvalues: 0.000000 
computed eigenvalues: 0.015133 
computed eigenvalues: 0.065468 
computed eigenvalues: 0.072745 
eigV error: 6.0064e-12 , loss: 1.2558e+03 
--------------------------------------------
results from CoD: 
running time 0.5205 
#iteration:     100000 =   100 *       1000 
computed eigenvalues: 0.000000 
computed eigenvalues: 0.015133 
computed eigenvalues: 0.065780 
computed eigenvalues: 0.072863 
eigV error: 2.1155e-02 , loss: 1.2558e+03 
--------------------------------------------
results from CoD(mod): 
running time 1.5001 
#iteration:     100000 =   100 *       1000 
computed eigenvalues: 0.000000 
computed eigenvalues: 0.015133 
computed eigenvalues: 0.936511 
computed eigenvalues: 0.995368 
eigV error: 2.3396e-01 , loss: 1.2594e+03 


========================= #samples =       5000 ============================
nonzeros rate:     0.0041 
initial loss: 9.7481e+07 



--------------------------------------------
results from eigs: 
running time 0.3539 
computed eigenvalues: -0.000000 
computed eigenvalues: 0.000000 
computed eigenvalues: 0.005679 
computed eigenvalues: 0.007710 
eigV error: 7.9042e-10 , loss: 6.2275e+03 
--------------------------------------------
results from CoD: 
running time 2.0622 
#iteration:     500000 =   100 *       5000 
computed eigenvalues: 0.000080 
computed eigenvalues: 0.000182 
computed eigenvalues: 0.000269 
computed eigenvalues: 0.000288 
eigV error: 2.2656e-02 , loss: 6.2275e+03 
--------------------------------------------
results from CoD(mod): 
running time 2.5771 
#iteration:     500000 =   100 *       5000 
computed eigenvalues: 0.000001 
computed eigenvalues: 0.000000 
computed eigenvalues: 0.000000 
computed eigenvalues: 0.000000 
eigV error: 5.3443e-04 , loss: 6.2275e+03 


========================= #samples =      10000 ============================
nonzeros rate:     0.0049 
initial loss: 3.9963e+08 



--------------------------------------------
results from eigs: 
running time 3.3274 
computed eigenvalues: 0.000000 
computed eigenvalues: 0.000178 
computed eigenvalues: 0.000294 
computed eigenvalues: 0.000621 
eigV error: 6.7939e-07 , loss: 1.2499e+04 
--------------------------------------------
results from CoD: 
running time 4.3066 
#iteration:    1000000 =   100 *      10000 
computed eigenvalues: 0.001832 
computed eigenvalues: 0.001310 
computed eigenvalues: 0.001164 
computed eigenvalues: 0.001118 
eigV error: 3.8376e-02 , loss: 1.2499e+04 
--------------------------------------------
results from CoD(mod): 
running time 6.9679 
#iteration:    1000000 =   100 *      10000 
computed eigenvalues: 0.000079 
computed eigenvalues: 0.000072 
computed eigenvalues: 0.000029 
computed eigenvalues: 0.000018 
eigV error: 4.0388e-03 , loss: 1.2499e+04 


========================= #samples =      50000 ============================
nonzeros rate:     0.0013 
initial loss: 1.0031e+10 



--------------------------------------------
results from eigs: 
running time 18.3994 
computed eigenvalues: 0.000000 
computed eigenvalues: 0.000050 
computed eigenvalues: 0.000079 
computed eigenvalues: 0.000117 
eigV error: 1.2481e-07 , loss: 6.1366e+04 
--------------------------------------------
results from CoD: 
running time 22.5207 
#iteration:    5000000 =   100 *      50000 
computed eigenvalues: 0.000614 
computed eigenvalues: 0.000818 
computed eigenvalues: 0.000984 
computed eigenvalues: 0.001284 
eigV error: 3.8214e-02 , loss: 6.1366e+04 
--------------------------------------------
results from CoD(mod): 
running time 56.2651 
#iteration:    5000000 =   100 *      50000 
computed eigenvalues: 0.000158 
computed eigenvalues: 0.000117 
computed eigenvalues: 0.000096 
computed eigenvalues: 0.000085 
eigV error: 3.7503e-03 , loss: 6.1366e+04 


========================= #samples =     100000 ============================
nonzeros rate:     0.0003 
initial loss: 3.9872e+10 



--------------------------------------------
results from eigs: 
running time 4.1969 
computed eigenvalues: 0.000000 
computed eigenvalues: 0.000003 
computed eigenvalues: 0.000029 
computed eigenvalues: 0.000181 
eigV error: 4.3786e-07 , loss: 1.2111e+05 
--------------------------------------------
results from CoD: 
running time 19.9737 
#iteration:   10000000 =   100 *     100000 
computed eigenvalues: 0.000919 
computed eigenvalues: 0.000363 
computed eigenvalues: 0.000021 
computed eigenvalues: 0.000042 
eigV error: 1.7230e-02 , loss: 1.2111e+05 
--------------------------------------------
results from CoD(mod): 
running time 34.1456 
#iteration:   10000000 =   100 *     100000 
computed eigenvalues: 0.000199 
computed eigenvalues: 0.000049 
computed eigenvalues: 0.000001 
computed eigenvalues: 0.000006 
eigV error: 5.3512e-03 , loss: 1.2111e+05 


========================= #samples =     500000 ============================
nonzeros rate:     0.0001 
