
                            < M A T L A B (R) >
                  Copyright 1984-2021 The MathWorks, Inc.
             R2021a Update 3 (9.10.0.1684407) 64-bit (glnxa64)
                                May 27, 2021

 
To get started, type doc.
For product information, visit www.mathworks.com.
 

sizes =

  Columns 1 through 6

        1000        5000       10000       50000      100000      500000

  Column 7

     1000000


kwant =

    18


what = 

    "bin"


tau =

   1.0000e-06


itermax =

   100


stepsize =

    0.1000


w =

     0


alpha =

    0.9000



========================= #samples =       1000 ============================
nonzeros rate:     0.0704 
initial loss: 1.7640e+07 



--------------------------------------------
results from eigs(smr): 
running time 0.2113 
computed eigenvalues: 0.000000 
computed eigenvalues: 0.043943 
computed eigenvalues: 0.123460 
computed eigenvalues: 0.218223 
computed eigenvalues: 0.270612 
computed eigenvalues: 0.315507 
computed eigenvalues: 0.366663 
computed eigenvalues: 0.378561 
computed eigenvalues: 0.395519 
computed eigenvalues: 0.410869 
computed eigenvalues: 0.437048 
computed eigenvalues: 0.447650 
computed eigenvalues: 0.463972 
computed eigenvalues: 0.476209 
computed eigenvalues: 0.478862 
computed eigenvalues: 0.506616 
computed eigenvalues: 0.518331 
computed eigenvalues: 0.543889 
eigV error: 8.8854e-08 , loss: 1.2635e+03 
--------------------------------------------
results from eigs(lgr): 
running time 0.0163 
computed eigenvalues: 1.366792 
computed eigenvalues: 1.400000 
computed eigenvalues: 1.500000 
eigV error: 9.1830e-08 , loss: 1.2413e+03 


========================= #samples =       5000 ============================
nonzeros rate:     0.0041 
initial loss: 4.5198e+08 



--------------------------------------------
results from eigs(smr): 
running time 0.0965 
computed eigenvalues: -0.000000 
computed eigenvalues: 0.000000 
computed eigenvalues: 0.011209 
computed eigenvalues: 0.011299 
computed eigenvalues: 0.015637 
computed eigenvalues: 0.015824 
computed eigenvalues: 0.019049 
computed eigenvalues: 0.022580 
computed eigenvalues: 0.023397 
computed eigenvalues: 0.029432 
computed eigenvalues: 0.036590 
computed eigenvalues: 0.046899 
computed eigenvalues: 0.053372 
computed eigenvalues: 0.080306 
computed eigenvalues: 0.084196 
computed eigenvalues: 0.093753 
computed eigenvalues: 0.100277 
computed eigenvalues: 0.130037 
eigV error: 3.4126e-08 , loss: 6.2374e+03 
--------------------------------------------
results from eigs(lgr): 
running time 0.0763 
computed eigenvalues: 1.989198 
computed eigenvalues: 1.990438 
computed eigenvalues: 2.000000 
eigV error: 1.5839e-07 , loss: 6.2298e+03 


========================= #samples =      10000 ============================
nonzeros rate:     0.0049 
initial loss: 1.8063e+09 



--------------------------------------------
results from eigs(smr): 
running time 0.5116 
computed eigenvalues: -0.000000 
computed eigenvalues: 0.000000 
computed eigenvalues: 0.000320 
computed eigenvalues: 0.002420 
computed eigenvalues: 0.002695 
computed eigenvalues: 0.004002 
computed eigenvalues: 0.004365 
computed eigenvalues: 0.004814 
computed eigenvalues: 0.005163 
computed eigenvalues: 0.005425 
computed eigenvalues: 0.005774 
computed eigenvalues: 0.006557 
computed eigenvalues: 0.007893 
computed eigenvalues: 0.008276 
computed eigenvalues: 0.008284 
computed eigenvalues: 0.008838 
computed eigenvalues: 0.011207 
computed eigenvalues: 0.011927 
eigV error: 9.5284e-07 , loss: 1.2446e+04 
--------------------------------------------
results from eigs(lgr): 
running time 0.0599 
computed eigenvalues: 1.994462 
computed eigenvalues: 1.996567 
computed eigenvalues: 2.000000 
eigV error: 3.7420e-07 , loss: 1.2440e+04 


========================= #samples =      50000 ============================
nonzeros rate:     0.0013 
initial loss: 4.5069e+10 



--------------------------------------------
results from eigs(smr): 
running time 6.3296 
computed eigenvalues: -0.000000 
computed eigenvalues: 0.000000 
computed eigenvalues: 0.000000 
computed eigenvalues: 0.000094 
computed eigenvalues: 0.000147 
computed eigenvalues: 0.000314 
computed eigenvalues: 0.000377 
computed eigenvalues: 0.000550 
computed eigenvalues: 0.000571 
computed eigenvalues: 0.000579 
computed eigenvalues: 0.000640 
computed eigenvalues: 0.000697 
computed eigenvalues: 0.000703 
computed eigenvalues: 0.000864 
computed eigenvalues: 0.000872 
computed eigenvalues: 0.000902 
computed eigenvalues: 0.000908 
computed eigenvalues: 0.001020 
eigV error: 9.5268e-07 , loss: 6.1218e+04 
--------------------------------------------
results from eigs(lgr): 
running time 0.1520 
computed eigenvalues: 1.989058 
computed eigenvalues: 1.992828 
computed eigenvalues: 2.000000 
eigV error: 1.0076e-07 , loss: 6.1212e+04 


========================= #samples =     100000 ============================
nonzeros rate:     0.0003 
initial loss: 1.7995e+11 



--------------------------------------------
results from eigs(smr): 
running time 0.4423 
computed eigenvalues: -0.000000 
computed eigenvalues: 0.000015 
computed eigenvalues: 0.000040 
computed eigenvalues: 0.000187 
computed eigenvalues: 0.000871 
computed eigenvalues: 0.010606 
computed eigenvalues: 0.013392 
computed eigenvalues: 0.030313 
computed eigenvalues: 0.033883 
computed eigenvalues: 0.041588 
computed eigenvalues: 0.051544 
computed eigenvalues: 0.069322 
computed eigenvalues: 0.078363 
computed eigenvalues: 0.103385 
computed eigenvalues: 0.124287 
computed eigenvalues: 0.133342 
computed eigenvalues: 0.133935 
computed eigenvalues: 0.137394 
eigV error: 9.2248e-10 , loss: 1.2110e+05 
--------------------------------------------
results from eigs(lgr): 
running time 0.3670 
computed eigenvalues: 1.991724 
computed eigenvalues: 1.999984 
computed eigenvalues: 2.000000 
eigV error: 1.7633e-07 , loss: 1.2110e+05 


========================= #samples =     500000 ============================
nonzeros rate:     0.0001 
