
                            < M A T L A B (R) >
                  Copyright 1984-2021 The MathWorks, Inc.
             R2021a Update 3 (9.10.0.1684407) 64-bit (glnxa64)
                                May 27, 2021

 
To get started, type doc.
For product information, visit www.mathworks.com.
 

sizes =

  Columns 1 through 6

        1000        5000       10000       50000      100000      500000

  Column 7

     1000000


kwant =

    18


what = 

    "pos"


tau =

   1.0000e-06


itermax =

   100


stepsize =

    0.1000


w =

     0


alpha =

    0.9000



========================= #samples =       1000 ============================
nonzeros rate:     0.0704 
initial loss: 1.7640e+07 



--------------------------------------------
results from eigs(smr): 
running time 0.2462 
computed eigenvalues: -0.000000 
computed eigenvalues: 0.015133 
computed eigenvalues: 0.065468 
computed eigenvalues: 0.072745 
computed eigenvalues: 0.098669 
computed eigenvalues: 0.109349 
computed eigenvalues: 0.113444 
computed eigenvalues: 0.122309 
computed eigenvalues: 0.139234 
computed eigenvalues: 0.141753 
computed eigenvalues: 0.149732 
computed eigenvalues: 0.151867 
computed eigenvalues: 0.174364 
computed eigenvalues: 0.176596 
computed eigenvalues: 0.184330 
computed eigenvalues: 0.193068 
computed eigenvalues: 0.209111 
computed eigenvalues: 0.224817 
eigV error: 5.8036e-07 , loss: 1.2770e+03 
--------------------------------------------
results from eigs(lgr): 
running time 0.0201 
computed eigenvalues: 1.846687 
computed eigenvalues: 1.899451 
computed eigenvalues: 1.926630 
eigV error: 3.2620e-07 , loss: 1.2656e+03 


========================= #samples =       5000 ============================
nonzeros rate:     0.0041 
initial loss: 4.5198e+08 



--------------------------------------------
results from eigs(smr): 
running time 0.1192 
computed eigenvalues: -0.000000 
computed eigenvalues: 0.000000 
computed eigenvalues: 0.005679 
computed eigenvalues: 0.007710 
computed eigenvalues: 0.008016 
computed eigenvalues: 0.010453 
computed eigenvalues: 0.012268 
computed eigenvalues: 0.012589 
computed eigenvalues: 0.018776 
computed eigenvalues: 0.020780 
computed eigenvalues: 0.021512 
computed eigenvalues: 0.024944 
computed eigenvalues: 0.026395 
computed eigenvalues: 0.036097 
computed eigenvalues: 0.038023 
computed eigenvalues: 0.045007 
computed eigenvalues: 0.046383 
computed eigenvalues: 0.061112 
eigV error: 9.4330e-10 , loss: 6.2451e+03 
--------------------------------------------
results from eigs(lgr): 
running time 0.0466 
computed eigenvalues: 1.990798 
computed eigenvalues: 1.991024 
computed eigenvalues: 2.000000 
eigV error: 4.4272e-07 , loss: 6.2382e+03 


========================= #samples =      10000 ============================
nonzeros rate:     0.0049 
initial loss: 1.8063e+09 



--------------------------------------------
results from eigs(smr): 
running time 0.8285 
computed eigenvalues: 0.000000 
computed eigenvalues: 0.000000 
computed eigenvalues: 0.000178 
computed eigenvalues: 0.000294 
computed eigenvalues: 0.000621 
computed eigenvalues: 0.000833 
computed eigenvalues: 0.001226 
computed eigenvalues: 0.001869 
computed eigenvalues: 0.001964 
computed eigenvalues: 0.001978 
computed eigenvalues: 0.002164 
computed eigenvalues: 0.002436 
computed eigenvalues: 0.002496 
computed eigenvalues: 0.002625 
computed eigenvalues: 0.002710 
computed eigenvalues: 0.002757 
computed eigenvalues: 0.002956 
computed eigenvalues: 0.003828 
eigV error: 8.0407e-07 , loss: 1.2515e+04 
--------------------------------------------
results from eigs(lgr): 
running time 0.1385 
computed eigenvalues: 1.997123 
computed eigenvalues: 1.998036 
computed eigenvalues: 2.000000 
eigV error: 3.0309e-07 , loss: 1.2509e+04 


========================= #samples =      50000 ============================
nonzeros rate:     0.0013 
initial loss: 4.5069e+10 



[Warning: 11 of the 18 requested eigenvalues converged. Eigenvalues that did not
converge are NaN.] 
[> In eigs (line 176)
In findEigs (line 102)] 
--------------------------------------------
results from eigs(smr): 
running time 8.6126 
computed eigenvalues: -0.000000 
computed eigenvalues: -0.000000 
computed eigenvalues: 0.000050 
computed eigenvalues: 0.000079 
computed eigenvalues: 0.000117 
computed eigenvalues: 0.000163 
computed eigenvalues: 0.000261 
computed eigenvalues: 0.000291 
computed eigenvalues: 0.000326 
computed eigenvalues: 0.000331 
computed eigenvalues: 0.000347 
computed eigenvalues: NaN 
computed eigenvalues: NaN 
computed eigenvalues: NaN 
computed eigenvalues: NaN 
computed eigenvalues: NaN 
computed eigenvalues: NaN 
computed eigenvalues: NaN 
eigV error:        NaN , loss: 6.1383e+04 
--------------------------------------------
results from eigs(lgr): 
running time 0.1598 
computed eigenvalues: 1.988093 
computed eigenvalues: 1.992313 
computed eigenvalues: 2.000000 
eigV error: 2.8520e-07 , loss: 6.1377e+04 


========================= #samples =     100000 ============================
nonzeros rate:     0.0003 
initial loss: 1.7995e+11 



--------------------------------------------
results from eigs(smr): 
running time 0.5207 
computed eigenvalues: -0.000000 
computed eigenvalues: 0.000003 
computed eigenvalues: 0.000029 
computed eigenvalues: 0.000181 
computed eigenvalues: 0.001201 
computed eigenvalues: 0.002408 
computed eigenvalues: 0.003121 
computed eigenvalues: 0.014188 
computed eigenvalues: 0.024279 
computed eigenvalues: 0.036295 
computed eigenvalues: 0.043594 
computed eigenvalues: 0.057398 
computed eigenvalues: 0.057746 
computed eigenvalues: 0.077880 
computed eigenvalues: 0.080015 
computed eigenvalues: 0.087505 
computed eigenvalues: 0.091361 
computed eigenvalues: 0.095010 
eigV error: 8.6165e-07 , loss: 1.2113e+05 
--------------------------------------------
results from eigs(lgr): 
running time 0.2998 
computed eigenvalues: 1.996990 
computed eigenvalues: 1.999997 
computed eigenvalues: 2.000000 
eigV error: 2.7972e-08 , loss: 1.2112e+05 


========================= #samples =     500000 ============================
nonzeros rate:     0.0001 
