
                            < M A T L A B (R) >
                  Copyright 1984-2021 The MathWorks, Inc.
             R2021a Update 3 (9.10.0.1684407) 64-bit (glnxa64)
                                May 27, 2021

 
To get started, type doc.
For product information, visit www.mathworks.com.
 

sizes =

  Columns 1 through 6

        1000        5000       10000       50000      100000      500000

  Columns 7 through 8

     1000000     5000000


kwant =

     5


what = 

    "abs"


tau =

   1.0000e-03


itermax =

        3000


stepsize =

    0.0200


w =

     1


alpha =

    0.9000


ncores =

    40

Starting parallel pool (parpool) using the 'local' profile ...
Connected to the parallel pool (number of workers: 40).


========================= #samples =       1000 ============================
nonzeros rate:     0.0817 
#1 converged in 3 steps, ritz(  1)=1.130854e-01, rnorm= 4.6559e-05
#2 converged in 3 steps, ritz(  2)=1.160631e-01, rnorm= 7.6235e-05
#3 converged in 3 steps, ritz(  3)=1.776382e-01, rnorm= 5.1647e-04
#4 converged in 4 steps, ritz(  4)=2.346877e-01, rnorm= 2.8553e-04
#5 converged in 4 steps, ritz(  5)=2.459096e-01, rnorm= 3.4075e-04
#converged eig=5,  #wanted eig=5,  #iter=4, kinner=0, kouter=0
 info of the eigenproblem and solver parameters :  dim=1000
 polym=5,  blk=5,  vomax=35,  vimax=30,  n=20, augment=1, tol=1.00e-03
 ORTH-cpu=2.0000e-02, ORTH-flops=878000,  ORTH-flops/dim=8.7800e+02
 mat-vect-cpu=3.0000e-02  #mat-vect-prod=126,  mat-vec-cpu/#mvprod=2.3810e-04
 filt_MVcpu=1.0000e-02, filt_non_mv_cpu=1.0000e-02, refinement_cpu=7.0000e-02
 CPU%: MV=4.76%(filt_MV=1.59%), ORTH=3.17%, refinement=11.11%
       other=80.95% (filt_nonMV=1.59%, Hn_cpu=1.59%, conv_cpu=14.29%)
 TOTAL CPU seconds = 6.300000e-01
results from bchdav(L): 
running time 0.7397 
#iteration:          4 
computed eigenvalues: 0.013085 
computed eigenvalues: 0.016063 
computed eigenvalues: 0.077638 
computed eigenvalues: 0.134688 
computed eigenvalues: 0.145910 
eigV error: 1.6506e-03 
--------------------------------------------
#1 converged in 1 steps, ritz(  1)=1.136534e-01, rnorm= 1.7557e-04
#2 converged in 1 steps, ritz(  2)=1.178472e-01, rnorm= 2.3373e-04
#3 converged in 1 steps, ritz(  3)=1.795961e-01, rnorm= 3.8764e-04
#4 converged in 1 steps, ritz(  4)=2.377240e-01, rnorm= 1.0400e-03
#5 converged in 1 steps, ritz(  5)=2.481451e-01, rnorm= 1.2504e-03
#converged eig=5,  #wanted eig=5,  #iter=1, kinner=0, kouter=0
 info of the eigenproblem and solver parameters :  dim=1000
 polym=5,  blk=5,  vomax=35,  vimax=30,  n=5, augment=1, tol=1.00e-03
 ORTH-cpu=1.0000e-02, ORTH-flops=40000,  ORTH-flops/dim=4.0000e+01
 mat-vect-cpu=0.0000e+00  #mat-vect-prod=36,  mat-vec-cpu/#mvprod=0.0000e+00
 filt_MVcpu=0.0000e+00, filt_non_mv_cpu=0.0000e+00, refinement_cpu=0.0000e+00
 CPU%: MV=0.00%(filt_MV=0.00%), ORTH=11.11%, refinement=0.00%
       other=88.89% (filt_nonMV=0.00%, Hn_cpu=11.11%, conv_cpu=0.00%)
 TOTAL CPU seconds = 9.000000e-02
results from bchdav(L1, good init): 
running time 0.0304 
#iteration:          1 
computed eigenvalues: 0.013653 
computed eigenvalues: 0.017847 
computed eigenvalues: 0.079596 
computed eigenvalues: 0.137724 
computed eigenvalues: 0.148145 
eigV error: 4.0327e-03 
--------------------------------------------
#1 converged in 2 steps, ritz(  1)=1.136578e-01, rnorm= 1.1672e-03
#2 converged in 3 steps, ritz(  2)=1.178469e-01, rnorm= 6.6784e-05
#3 converged in 3 steps, ritz(  3)=1.795956e-01, rnorm= 5.2021e-04
#4 converged in 4 steps, ritz(  4)=2.377109e-01, rnorm= 3.8615e-04
#5 converged in 5 steps, ritz(  5)=2.480999e-01, rnorm= 1.6085e-04
#converged eig=5,  #wanted eig=5,  #iter=5, kinner=0, kouter=0
 info of the eigenproblem and solver parameters :  dim=1000
 polym=5,  blk=5,  vomax=35,  vimax=30,  n=25, augment=1, tol=1.00e-03
 ORTH-cpu=1.0000e-02, ORTH-flops=1348000,  ORTH-flops/dim=1.3480e+03
 mat-vect-cpu=3.0000e-02  #mat-vect-prod=156,  mat-vec-cpu/#mvprod=1.9231e-04
 filt_MVcpu=3.0000e-02, filt_non_mv_cpu=0.0000e+00, refinement_cpu=7.0000e-02
 CPU%: MV=10.00%(filt_MV=10.00%), ORTH=3.33%, refinement=23.33%
       other=63.33% (filt_nonMV=0.00%, Hn_cpu=0.00%, conv_cpu=20.00%)
 TOTAL CPU seconds = 3.000000e-01
results from bchdav(L1, rand init): 
running time 0.0476 
#iteration:          5 
computed eigenvalues: 0.013658 
computed eigenvalues: 0.017847 
computed eigenvalues: 0.079596 
computed eigenvalues: 0.137711 
computed eigenvalues: 0.148100 
eigV error: 3.1988e-03 
--------------------------------------------
results from CoD(par, good init): 
running time 49.3144 
#iteration:     350000 =   350 *       1000 
computed eigenvalues: 0.013653 
computed eigenvalues: 0.017847 
computed eigenvalues: 0.079595 
computed eigenvalues: 0.137711 
computed eigenvalues: 0.148104 
eigV error: 8.1185e-04 
--------------------------------------------
results from CoD(par, rand init): 
running time 397.7789 
#iteration:    3000000 =  3000 *       1000 
computed eigenvalues: 0.013654 
computed eigenvalues: 0.948205 
computed eigenvalues: 0.967207 
computed eigenvalues: 0.986932 
computed eigenvalues: 1.002228 
eigV error: 1.8969e-01 


========================= #samples =       5000 ============================
nonzeros rate:     0.0202 
#1 converged in 4 steps, ritz(  1)=1.017602e-01, rnorm= 1.3976e-04
#2 converged in 5 steps, ritz(  2)=1.727129e-01, rnorm= 1.0622e-04
#3 converged in 5 steps, ritz(  3)=1.799516e-01, rnorm= 1.0976e-04
#4 converged in 5 steps, ritz(  4)=2.039841e-01, rnorm= 8.9553e-05
#5 converged in 6 steps, ritz(  5)=2.305674e-01, rnorm= 1.8102e-04
#converged eig=5,  #wanted eig=5,  #iter=6, kinner=1, kouter=0
 info of the eigenproblem and solver parameters :  dim=5000
 polym=5,  blk=5,  vomax=35,  vimax=30,  n=19, augment=1, tol=1.00e-03
 ORTH-cpu=7.2000e-01, ORTH-flops=9440000,  ORTH-flops/dim=1.8880e+03
 mat-vect-cpu=4.3000e-01  #mat-vect-prod=186,  mat-vec-cpu/#mvprod=2.3118e-03
 filt_MVcpu=2.7000e-01, filt_non_mv_cpu=2.0000e-02, refinement_cpu=3.2000e-01
 CPU%: MV=21.83%(filt_MV=13.71%), ORTH=36.55%, refinement=16.24%
       other=25.38% (filt_nonMV=1.02%, Hn_cpu=4.06%, conv_cpu=7.61%)
 TOTAL CPU seconds = 1.970000e+00
results from bchdav(L): 
running time 0.1338 
#iteration:          6 
computed eigenvalues: 0.001760 
computed eigenvalues: 0.072713 
computed eigenvalues: 0.079952 
computed eigenvalues: 0.103984 
computed eigenvalues: 0.130567 
eigV error: 7.0702e-04 
--------------------------------------------
#1 converged in 1 steps, ritz(  1)=1.033146e-01, rnorm= 2.1480e-04
#2 converged in 1 steps, ritz(  2)=1.734770e-01, rnorm= 6.6821e-05
#3 converged in 1 steps, ritz(  3)=1.829284e-01, rnorm= 3.6235e-04
#4 converged in 1 steps, ritz(  4)=2.075600e-01, rnorm= 8.3286e-05
#5 converged in 1 steps, ritz(  5)=2.340646e-01, rnorm= 6.3590e-04
#converged eig=5,  #wanted eig=5,  #iter=1, kinner=0, kouter=0
 info of the eigenproblem and solver parameters :  dim=5000
 polym=5,  blk=5,  vomax=35,  vimax=30,  n=5, augment=1, tol=1.00e-03
 ORTH-cpu=5.0000e-02, ORTH-flops=200000,  ORTH-flops/dim=4.0000e+01
 mat-vect-cpu=1.2000e-01  #mat-vect-prod=36,  mat-vec-cpu/#mvprod=3.3333e-03
 filt_MVcpu=5.0000e-02, filt_non_mv_cpu=0.0000e+00, refinement_cpu=0.0000e+00
 CPU%: MV=36.36%(filt_MV=15.15%), ORTH=15.15%, refinement=0.00%
       other=48.48% (filt_nonMV=0.00%, Hn_cpu=0.00%, conv_cpu=0.00%)
 TOTAL CPU seconds = 3.300000e-01
results from bchdav(L1, good init): 
running time 0.0521 
#iteration:          1 
computed eigenvalues: 0.003315 
computed eigenvalues: 0.073477 
computed eigenvalues: 0.082928 
computed eigenvalues: 0.107560 
computed eigenvalues: 0.134065 
eigV error: 1.8566e-03 
--------------------------------------------
#1 converged in 3 steps, ritz(  1)=1.033221e-01, rnorm= 1.6055e-03
#2 converged in 4 steps, ritz(  2)=1.734831e-01, rnorm= 1.4230e-03
#3 converged in 4 steps, ritz(  3)=1.829359e-01, rnorm= 1.8261e-03
#4 converged in 5 steps, ritz(  4)=2.075615e-01, rnorm= 7.0920e-04
#5 converged in 6 steps, ritz(  5)=2.336373e-01, rnorm= 5.4181e-04
#converged eig=5,  #wanted eig=5,  #iter=6, kinner=1, kouter=0
 info of the eigenproblem and solver parameters :  dim=5000
 polym=5,  blk=5,  vomax=35,  vimax=30,  n=19, augment=1, tol=1.00e-03
 ORTH-cpu=7.2000e-01, ORTH-flops=9490000,  ORTH-flops/dim=1.8980e+03
 mat-vect-cpu=4.6000e-01  #mat-vect-prod=186,  mat-vec-cpu/#mvprod=2.4731e-03
 filt_MVcpu=2.9000e-01, filt_non_mv_cpu=0.0000e+00, refinement_cpu=2.4000e-01
 CPU%: MV=25.14%(filt_MV=15.85%), ORTH=39.34%, refinement=13.11%
       other=22.40% (filt_nonMV=0.00%, Hn_cpu=4.37%, conv_cpu=6.56%)
 TOTAL CPU seconds = 1.830000e+00
results from bchdav(L1, rand init): 
running time 0.1261 
#iteration:          6 
computed eigenvalues: 0.003322 
computed eigenvalues: 0.073483 
computed eigenvalues: 0.082936 
computed eigenvalues: 0.107561 
computed eigenvalues: 0.133637 
eigV error: 7.1277e-03 
--------------------------------------------
results from CoD(par, good init): 
running time 495.3466 
#iteration:   15000000 =  3000 *       5000 
computed eigenvalues: 0.003314 
computed eigenvalues: 0.073477 
computed eigenvalues: 0.082928 
computed eigenvalues: 0.107560 
computed eigenvalues: 0.133811 
eigV error: 1.0593e-03 
--------------------------------------------
results from CoD(par, rand init): 
running time 492.9682 
#iteration:   15000000 =  3000 *       5000 
computed eigenvalues: 0.003314 
computed eigenvalues: 0.912909 
computed eigenvalues: 0.978992 
computed eigenvalues: 0.995709 
computed eigenvalues: 1.034876 
eigV error: 1.8705e-01 


========================= #samples =      10000 ============================
nonzeros rate:     0.0080 
#1 converged in 7 steps, ritz(  1)=1.000684e-01, rnorm= 1.5987e-03
#2 converged in 7 steps, ritz(  2)=1.001006e-01, rnorm= 1.3208e-03
#3 converged in 9 steps, ritz(  3)=1.000608e-01, rnorm= 1.5481e-03
#4 converged in 11 steps, ritz(  4)=1.007683e-01, rnorm= 1.2161e-03
#5 converged in 11 steps, ritz(  5)=1.011860e-01, rnorm= 3.3187e-04
#converged eig=5,  #wanted eig=5,  #iter=11, kinner=2, kouter=0
 info of the eigenproblem and solver parameters :  dim=10000
 polym=5,  blk=5,  vomax=35,  vimax=30,  n=27, augment=1, tol=1.00e-03
 ORTH-cpu=6.5400e+00, ORTH-flops=42480000,  ORTH-flops/dim=4.2480e+03
 mat-vect-cpu=8.7000e-01  #mat-vect-prod=336,  mat-vec-cpu/#mvprod=2.5893e-03
 filt_MVcpu=6.2000e-01, filt_non_mv_cpu=6.0000e-02, refinement_cpu=1.1200e+00
 CPU%: MV=9.18%(filt_MV=6.54%), ORTH=68.99%, refinement=11.81%
       other=10.02% (filt_nonMV=0.63%, Hn_cpu=1.58%, conv_cpu=2.53%)
 TOTAL CPU seconds = 9.480000e+00
results from bchdav(L): 
running time 0.4659 
#iteration:         11 
computed eigenvalues: 0.000061 
computed eigenvalues: 0.000068 
computed eigenvalues: 0.000101 
computed eigenvalues: 0.000768 
computed eigenvalues: 0.001186 
eigV error: 1.2817e-02 
--------------------------------------------
#1 converged in 1 steps, ritz(  1)=1.009874e-01, rnorm= 1.0194e-03
#2 converged in 1 steps, ritz(  2)=1.011464e-01, rnorm= 1.1998e-03
#3 converged in 1 steps, ritz(  3)=1.017573e-01, rnorm= 1.1073e-03
#4 converged in 1 steps, ritz(  4)=1.021292e-01, rnorm= 9.0924e-04
#5 converged in 1 steps, ritz(  5)=1.030144e-01, rnorm= 1.0058e-03
#converged eig=5,  #wanted eig=5,  #iter=1, kinner=0, kouter=0
 info of the eigenproblem and solver parameters :  dim=10000
 polym=5,  blk=5,  vomax=35,  vimax=30,  n=5, augment=1, tol=1.00e-03
 ORTH-cpu=1.7000e-01, ORTH-flops=400000,  ORTH-flops/dim=4.0000e+01
 mat-vect-cpu=1.7000e-01  #mat-vect-prod=36,  mat-vec-cpu/#mvprod=4.7222e-03
 filt_MVcpu=7.0000e-02, filt_non_mv_cpu=0.0000e+00, refinement_cpu=5.0000e-02
 CPU%: MV=27.87%(filt_MV=11.48%), ORTH=27.87%, refinement=8.20%
       other=36.07% (filt_nonMV=0.00%, Hn_cpu=1.64%, conv_cpu=0.00%)
 TOTAL CPU seconds = 6.100000e-01
results from bchdav(L1, good init): 
running time 0.0587 
#iteration:          1 
computed eigenvalues: 0.000987 
computed eigenvalues: 0.001146 
computed eigenvalues: 0.001757 
computed eigenvalues: 0.002129 
computed eigenvalues: 0.003014 
eigV error: 1.0342e-02 
--------------------------------------------
#1 converged in 8 steps, ritz(  1)=1.009892e-01, rnorm= 1.1436e-03
#2 converged in 11 steps, ritz(  2)=1.011150e-01, rnorm= 1.4543e-03
#3 converged in 11 steps, ritz(  3)=1.017244e-01, rnorm= 3.3595e-04
#4 converged in 11 steps, ritz(  4)=1.021213e-01, rnorm= 1.6140e-03
#5 converged in 11 steps, ritz(  5)=1.028971e-01, rnorm= 1.5884e-03
#converged eig=5,  #wanted eig=5,  #iter=11, kinner=2, kouter=0
 info of the eigenproblem and solver parameters :  dim=10000
 polym=5,  blk=5,  vomax=35,  vimax=30,  n=26, augment=1, tol=1.00e-03
 ORTH-cpu=6.6300e+00, ORTH-flops=41880000,  ORTH-flops/dim=4.1880e+03
 mat-vect-cpu=1.0000e+00  #mat-vect-prod=336,  mat-vec-cpu/#mvprod=2.9762e-03
 filt_MVcpu=6.9000e-01, filt_non_mv_cpu=8.0000e-02, refinement_cpu=1.0700e+00
 CPU%: MV=10.09%(filt_MV=6.96%), ORTH=66.90%, refinement=10.80%
       other=12.21% (filt_nonMV=0.81%, Hn_cpu=5.15%, conv_cpu=1.61%)
 TOTAL CPU seconds = 9.910000e+00
results from bchdav(L1, rand init): 
running time 0.5070 
#iteration:         11 
computed eigenvalues: 0.000989 
computed eigenvalues: 0.001115 
computed eigenvalues: 0.001724 
computed eigenvalues: 0.002121 
computed eigenvalues: 0.002897 
eigV error: 1.2934e-02 
--------------------------------------------
results from CoD(par, good init): 
running time 499.8603 
#iteration:   26000000 =  2600 *      10000 
computed eigenvalues: 0.000961 
computed eigenvalues: 0.001113 
computed eigenvalues: 0.001724 
computed eigenvalues: 0.002106 
computed eigenvalues: 0.002926 
eigV error: 9.9725e-04 
--------------------------------------------
results from CoD(par, rand init): 
running time 577.5278 
#iteration:   30000000 =  3000 *      10000 
computed eigenvalues: 0.001503 
computed eigenvalues: 0.388842 
computed eigenvalues: 0.633387 
computed eigenvalues: 0.804620 
computed eigenvalues: 1.058728 
eigV error: 5.3108e-01 


========================= #samples =      50000 ============================
nonzeros rate:     0.0016 
#1 converged in 8 steps, ritz(  1)=1.001172e-01, rnorm= 1.8583e-03
#2 converged in 9 steps, ritz(  2)=1.000933e-01, rnorm= 1.5300e-03
#3 converged in 9 steps, ritz(  3)=1.001471e-01, rnorm= 1.8705e-03
#4 converged in 9 steps, ritz(  4)=1.001844e-01, rnorm= 1.8235e-03
#5 converged in 9 steps, ritz(  5)=1.002902e-01, rnorm= 1.6016e-03
#converged eig=5,  #wanted eig=5,  #iter=9, kinner=2, kouter=0
 info of the eigenproblem and solver parameters :  dim=50000
 polym=5,  blk=5,  vomax=35,  vimax=30,  n=16, augment=1, tol=1.00e-03
 ORTH-cpu=1.1500e+01, ORTH-flops=164500000,  ORTH-flops/dim=3.2900e+03
 mat-vect-cpu=2.3400e+00  #mat-vect-prod=276,  mat-vec-cpu/#mvprod=8.4783e-03
 filt_MVcpu=1.8900e+00, filt_non_mv_cpu=3.8000e-01, refinement_cpu=1.3700e+00
 CPU%: MV=13.69%(filt_MV=11.06%), ORTH=67.29%, refinement=8.02%
       other=11.00% (filt_nonMV=2.22%, Hn_cpu=2.63%, conv_cpu=0.76%)
 TOTAL CPU seconds = 1.709000e+01
results from bchdav(L): 
running time 2.6808 
#iteration:          9 
computed eigenvalues: 0.000093 
computed eigenvalues: 0.000117 
computed eigenvalues: 0.000147 
computed eigenvalues: 0.000184 
computed eigenvalues: 0.000290 
eigV error: 1.7397e-02 
--------------------------------------------
#1 converged in 1 steps, ritz(  1)=1.008739e-01, rnorm= 1.1591e-03
#2 converged in 1 steps, ritz(  2)=1.009204e-01, rnorm= 1.3506e-03
#3 converged in 1 steps, ritz(  3)=1.009658e-01, rnorm= 1.3657e-03
#4 converged in 1 steps, ritz(  4)=1.010263e-01, rnorm= 1.5594e-03
#5 converged in 1 steps, ritz(  5)=1.010915e-01, rnorm= 1.2698e-03
#converged eig=5,  #wanted eig=5,  #iter=1, kinner=0, kouter=0
 info of the eigenproblem and solver parameters :  dim=50000
 polym=5,  blk=5,  vomax=35,  vimax=30,  n=5, augment=1, tol=1.00e-03
 ORTH-cpu=4.5000e-01, ORTH-flops=2000000,  ORTH-flops/dim=4.0000e+01
 mat-vect-cpu=4.1000e-01  #mat-vect-prod=36,  mat-vec-cpu/#mvprod=1.1389e-02
 filt_MVcpu=1.9000e-01, filt_non_mv_cpu=7.0000e-02, refinement_cpu=1.0000e-01
 CPU%: MV=21.35%(filt_MV=9.90%), ORTH=23.44%, refinement=5.21%
       other=50.00% (filt_nonMV=3.65%, Hn_cpu=1.56%, conv_cpu=0.00%)
 TOTAL CPU seconds = 1.920000e+00
results from bchdav(L1, good init): 
running time 0.4740 
#iteration:          1 
computed eigenvalues: 0.000874 
computed eigenvalues: 0.000920 
computed eigenvalues: 0.000966 
computed eigenvalues: 0.001026 
computed eigenvalues: 0.001091 
eigV error: 1.3343e-02 
--------------------------------------------
#1 converged in 8 steps, ritz(  1)=1.009257e-01, rnorm= 1.6612e-03
#2 converged in 9 steps, ritz(  2)=1.008957e-01, rnorm= 1.4877e-03
#3 converged in 9 steps, ritz(  3)=1.009526e-01, rnorm= 1.5643e-03
#4 converged in 10 steps, ritz(  4)=1.010672e-01, rnorm= 1.6610e-03
#5 converged in 10 steps, ritz(  5)=1.011244e-01, rnorm= 1.9800e-03
#converged eig=5,  #wanted eig=5,  #iter=10, kinner=2, kouter=0
 info of the eigenproblem and solver parameters :  dim=50000
 polym=5,  blk=5,  vomax=35,  vimax=30,  n=21, augment=1, tol=1.00e-03
 ORTH-cpu=1.4240e+01, ORTH-flops=185900000,  ORTH-flops/dim=3.7180e+03
 mat-vect-cpu=2.5400e+00  #mat-vect-prod=306,  mat-vec-cpu/#mvprod=8.3007e-03
 filt_MVcpu=2.0300e+00, filt_non_mv_cpu=5.9000e-01, refinement_cpu=1.9200e+00
 CPU%: MV=12.20%(filt_MV=9.75%), ORTH=68.40%, refinement=9.22%
       other=10.18% (filt_nonMV=2.83%, Hn_cpu=2.50%, conv_cpu=0.86%)
 TOTAL CPU seconds = 2.082000e+01
results from bchdav(L1, rand init): 
running time 3.4056 
#iteration:         10 
computed eigenvalues: 0.000896 
computed eigenvalues: 0.000926 
computed eigenvalues: 0.000953 
computed eigenvalues: 0.001067 
computed eigenvalues: 0.001124 
eigV error: 1.6627e-02 
--------------------------------------------
results from CoD(par, good init): 
running time 726.7444 
#iteration:  150000000 =  3000 *      50000 
computed eigenvalues: 0.000684 
computed eigenvalues: 0.000746 
computed eigenvalues: 0.000801 
computed eigenvalues: 0.000838 
computed eigenvalues: 0.000900 
eigV error: 2.9702e-03 
--------------------------------------------
results from CoD(par, rand init): 
running time 728.1579 
#iteration:  150000000 =  3000 *      50000 
computed eigenvalues: 0.000856 
computed eigenvalues: 0.212493 
computed eigenvalues: 0.337157 
computed eigenvalues: 0.500563 
computed eigenvalues: 0.916022 
eigV error: 7.4298e-01 


========================= #samples =     100000 ============================
nonzeros rate:     0.0010 
#1 converged in 7 steps, ritz(  1)=1.000005e-01, rnorm= 5.4074e-04
#2 converged in 7 steps, ritz(  2)=1.000155e-01, rnorm= 8.7246e-04
#3 converged in 9 steps, ritz(  3)=1.000047e-01, rnorm= 1.5320e-03
#4 converged in 9 steps, ritz(  4)=1.000232e-01, rnorm= 1.3871e-03
#5 converged in 9 steps, ritz(  5)=1.002725e-01, rnorm= 1.5613e-03
#converged eig=5,  #wanted eig=5,  #iter=9, kinner=2, kouter=0
 info of the eigenproblem and solver parameters :  dim=100000
 polym=5,  blk=5,  vomax=35,  vimax=30,  n=17, augment=1, tol=1.00e-03
 ORTH-cpu=1.6020e+01, ORTH-flops=330800000,  ORTH-flops/dim=3.3080e+03
 mat-vect-cpu=4.2100e+00  #mat-vect-prod=276,  mat-vec-cpu/#mvprod=1.5254e-02
 filt_MVcpu=3.3300e+00, filt_non_mv_cpu=8.5000e-01, refinement_cpu=2.0700e+00
 CPU%: MV=16.31%(filt_MV=12.90%), ORTH=62.04%, refinement=8.02%
       other=13.63% (filt_nonMV=3.29%, Hn_cpu=2.56%, conv_cpu=0.85%)
 TOTAL CPU seconds = 2.582000e+01
results from bchdav(L): 
running time 5.6195 
#iteration:          9 
computed eigenvalues: 0.000001 
computed eigenvalues: 0.000005 
computed eigenvalues: 0.000016 
computed eigenvalues: 0.000023 
computed eigenvalues: 0.000272 
eigV error: 1.2452e-02 
--------------------------------------------
#1 converged in 1 steps, ritz(  1)=1.006437e-01, rnorm= 2.7780e-04
#2 converged in 1 steps, ritz(  2)=1.007012e-01, rnorm= 1.3963e-04
#3 converged in 1 steps, ritz(  3)=1.008459e-01, rnorm= 2.1614e-04
#4 converged in 1 steps, ritz(  4)=1.009410e-01, rnorm= 5.8060e-04
#5 converged in 1 steps, ritz(  5)=1.012679e-01, rnorm= 6.6025e-04
#converged eig=5,  #wanted eig=5,  #iter=1, kinner=0, kouter=0
 info of the eigenproblem and solver parameters :  dim=100000
 polym=5,  blk=5,  vomax=35,  vimax=30,  n=5, augment=1, tol=1.00e-03
 ORTH-cpu=5.9000e-01, ORTH-flops=4000000,  ORTH-flops/dim=4.0000e+01
 mat-vect-cpu=6.6000e-01  #mat-vect-prod=36,  mat-vec-cpu/#mvprod=1.8333e-02
 filt_MVcpu=3.7000e-01, filt_non_mv_cpu=9.0000e-02, refinement_cpu=9.0000e-02
 CPU%: MV=21.64%(filt_MV=12.13%), ORTH=19.34%, refinement=2.95%
       other=56.07% (filt_nonMV=2.95%, Hn_cpu=1.31%, conv_cpu=0.00%)
 TOTAL CPU seconds = 3.050000e+00
results from bchdav(L1, good init): 
running time 1.0615 
#iteration:          1 
computed eigenvalues: 0.000644 
computed eigenvalues: 0.000701 
computed eigenvalues: 0.000846 
computed eigenvalues: 0.000941 
computed eigenvalues: 0.001268 
eigV error: 4.2438e-03 
--------------------------------------------
#1 converged in 5 steps, ritz(  1)=1.007917e-01, rnorm= 1.6084e-03
#2 converged in 6 steps, ritz(  2)=1.009161e-01, rnorm= 1.8648e-03
#3 converged in 9 steps, ritz(  3)=1.006694e-01, rnorm= 1.8943e-03
#4 converged in 9 steps, ritz(  4)=1.007772e-01, rnorm= 1.1271e-03
#5 converged in 13 steps, ritz(  5)=1.006724e-01, rnorm= 1.6884e-03
#converged eig=5,  #wanted eig=5,  #iter=13, kinner=3, kouter=0
 info of the eigenproblem and solver parameters :  dim=100000
 polym=5,  blk=5,  vomax=35,  vimax=30,  n=24, augment=1, tol=1.00e-03
 ORTH-cpu=2.4050e+01, ORTH-flops=536800000,  ORTH-flops/dim=5.3680e+03
 mat-vect-cpu=6.0100e+00  #mat-vect-prod=396,  mat-vec-cpu/#mvprod=1.5177e-02
 filt_MVcpu=4.8300e+00, filt_non_mv_cpu=1.3100e+00, refinement_cpu=2.7500e+00
 CPU%: MV=15.99%(filt_MV=12.85%), ORTH=63.98%, refinement=7.32%
       other=12.72% (filt_nonMV=3.48%, Hn_cpu=2.71%, conv_cpu=1.41%)
 TOTAL CPU seconds = 3.759000e+01
results from bchdav(L1, rand init): 
running time 7.8322 
#iteration:         13 
computed eigenvalues: 0.000669 
computed eigenvalues: 0.000672 
computed eigenvalues: 0.000777 
computed eigenvalues: 0.000792 
computed eigenvalues: 0.000916 
eigV error: 1.6471e-02 
--------------------------------------------
results from CoD(par, good init): 
running time 938.2905 
#iteration:  300000000 =  3000 *     100000 
computed eigenvalues: 0.000636 
computed eigenvalues: 0.000695 
computed eigenvalues: 0.000836 
computed eigenvalues: 0.000910 
computed eigenvalues: 0.001048 
eigV error: 2.1333e-03 
--------------------------------------------
results from CoD(par, rand init): 
running time 857.1309 
#iteration:  300000000 =  3000 *     100000 
computed eigenvalues: 0.000919 
computed eigenvalues: 0.083123 
computed eigenvalues: 0.783281 
computed eigenvalues: 0.990246 
computed eigenvalues: 1.048807 
eigV error: 4.0131e-01 


========================= #samples =     500000 ============================
nonzeros rate:     0.0002 
#1 converged in 8 steps, ritz(  1)=1.000544e-01, rnorm= 1.4874e-03
#2 converged in 8 steps, ritz(  2)=1.000832e-01, rnorm= 1.5511e-03
#3 converged in 8 steps, ritz(  3)=1.001163e-01, rnorm= 1.6656e-03
#4 converged in 8 steps, ritz(  4)=1.001580e-01, rnorm= 2.0477e-03
#5 converged in 9 steps, ritz(  5)=1.003805e-01, rnorm= 1.9268e-03
#converged eig=5,  #wanted eig=5,  #iter=9, kinner=2, kouter=0
 info of the eigenproblem and solver parameters :  dim=500000
 polym=5,  blk=5,  vomax=35,  vimax=30,  n=19, augment=1, tol=1.00e-03
 ORTH-cpu=5.4570e+01, ORTH-flops=1664000000,  ORTH-flops/dim=3.3280e+03
 mat-vect-cpu=3.0340e+01  #mat-vect-prod=276,  mat-vec-cpu/#mvprod=1.0993e-01
 filt_MVcpu=2.4320e+01, filt_non_mv_cpu=5.1600e+00, refinement_cpu=8.7700e+00
 CPU%: MV=27.55%(filt_MV=22.08%), ORTH=49.55%, refinement=7.96%
       other=14.94% (filt_nonMV=4.68%, Hn_cpu=2.41%, conv_cpu=0.73%)
 TOTAL CPU seconds = 1.101400e+02
results from bchdav(L): 
running time 45.9935 
#iteration:          9 
computed eigenvalues: 0.000054 
computed eigenvalues: 0.000083 
computed eigenvalues: 0.000116 
computed eigenvalues: 0.000158 
computed eigenvalues: 0.000381 
eigV error: 1.7464e-02 
--------------------------------------------
#1 converged in 1 steps, ritz(  1)=1.009611e-01, rnorm= 1.4537e-03
#2 converged in 1 steps, ritz(  2)=1.010221e-01, rnorm= 1.2609e-03
#3 converged in 1 steps, ritz(  3)=1.010647e-01, rnorm= 1.3127e-03
#4 converged in 1 steps, ritz(  4)=1.010749e-01, rnorm= 1.5303e-03
#5 converged in 1 steps, ritz(  5)=1.011123e-01, rnorm= 1.6249e-03
#converged eig=5,  #wanted eig=5,  #iter=1, kinner=0, kouter=0
 info of the eigenproblem and solver parameters :  dim=500000
 polym=5,  blk=5,  vomax=35,  vimax=30,  n=5, augment=1, tol=1.00e-03
 ORTH-cpu=1.1300e+00, ORTH-flops=20000000,  ORTH-flops/dim=4.0000e+01
 mat-vect-cpu=5.3300e+00  #mat-vect-prod=36,  mat-vec-cpu/#mvprod=1.4806e-01
 filt_MVcpu=3.3200e+00, filt_non_mv_cpu=6.3000e-01, refinement_cpu=3.2000e-01
 CPU%: MV=33.73%(filt_MV=21.01%), ORTH=7.15%, refinement=2.03%
       other=57.09% (filt_nonMV=3.99%, Hn_cpu=0.70%, conv_cpu=0.00%)
 TOTAL CPU seconds = 1.580000e+01
results from bchdav(L1, good init): 
running time 10.3075 
#iteration:          1 
computed eigenvalues: 0.000961 
computed eigenvalues: 0.001022 
computed eigenvalues: 0.001065 
computed eigenvalues: 0.001075 
computed eigenvalues: 0.001112 
eigV error: 1.4278e-02 
--------------------------------------------
#1 converged in 8 steps, ritz(  1)=1.008730e-01, rnorm= 1.5271e-03
#2 converged in 8 steps, ritz(  2)=1.009312e-01, rnorm= 1.4560e-03
#3 converged in 8 steps, ritz(  3)=1.009694e-01, rnorm= 1.4332e-03
#4 converged in 8 steps, ritz(  4)=1.009952e-01, rnorm= 1.6503e-03
#5 converged in 8 steps, ritz(  5)=1.010376e-01, rnorm= 1.7115e-03
#converged eig=5,  #wanted eig=5,  #iter=8, kinner=1, kouter=0
 info of the eigenproblem and solver parameters :  dim=500000
 polym=5,  blk=5,  vomax=35,  vimax=30,  n=25, augment=1, tol=1.00e-03
 ORTH-cpu=4.2360e+01, ORTH-flops=1379000000,  ORTH-flops/dim=2.7580e+03
 mat-vect-cpu=3.4000e+01  #mat-vect-prod=246,  mat-vec-cpu/#mvprod=1.3821e-01
 filt_MVcpu=2.7150e+01, filt_non_mv_cpu=4.3700e+00, refinement_cpu=7.4100e+00
 CPU%: MV=33.91%(filt_MV=27.08%), ORTH=42.25%, refinement=7.39%
       other=16.45% (filt_nonMV=4.36%, Hn_cpu=2.11%, conv_cpu=0.30%)
 TOTAL CPU seconds = 1.002600e+02
results from bchdav(L1, rand init): 
running time 49.3650 
#iteration:          8 
computed eigenvalues: 0.000873 
computed eigenvalues: 0.000931 
computed eigenvalues: 0.000969 
computed eigenvalues: 0.000995 
computed eigenvalues: 0.001038 
eigV error: 1.5445e-02 
--------------------------------------------
results from CoD(par, good init): 
running time 3288.0910 
#iteration: 1500000000 =  3000 *     500000 
computed eigenvalues: 0.000739 
computed eigenvalues: 0.000812 
computed eigenvalues: 0.000833 
computed eigenvalues: 0.000894 
computed eigenvalues: 0.000918 
eigV error: 3.0572e-03 
--------------------------------------------
results from CoD(par, rand init): 
running time 2925.1096 
#iteration: 1500000000 =  3000 *     500000 
computed eigenvalues: 0.000828 
computed eigenvalues: 0.297346 
computed eigenvalues: 0.317900 
computed eigenvalues: 0.435243 
computed eigenvalues: 0.983749 
eigV error: 8.1935e-01 


========================= #samples =    1000000 ============================
nonzeros rate:     0.0001 
#1 converged in 4 steps, ritz(  1)=1.000031e-01, rnorm= 3.7691e-04
#2 converged in 4 steps, ritz(  2)=1.000425e-01, rnorm= 9.8069e-04
#3 converged in 5 steps, ritz(  3)=1.000122e-01, rnorm= 1.6712e-03
#4 converged in 6 steps, ritz(  4)=1.000204e-01, rnorm= 1.4868e-03
#5 converged in 6 steps, ritz(  5)=1.001084e-01, rnorm= 1.6714e-03
#converged eig=5,  #wanted eig=5,  #iter=6, kinner=1, kouter=0
 info of the eigenproblem and solver parameters :  dim=1000000
 polym=5,  blk=5,  vomax=35,  vimax=30,  n=18, augment=1, tol=1.00e-03
 ORTH-cpu=5.3770e+01, ORTH-flops=1918000000,  ORTH-flops/dim=1.9180e+03
 mat-vect-cpu=3.6030e+01  #mat-vect-prod=186,  mat-vec-cpu/#mvprod=1.9371e-01
 filt_MVcpu=2.8500e+01, filt_non_mv_cpu=6.9900e+00, refinement_cpu=1.0020e+01
 CPU%: MV=28.97%(filt_MV=22.91%), ORTH=43.23%, refinement=8.06%
       other=19.75% (filt_nonMV=5.62%, Hn_cpu=2.10%, conv_cpu=0.91%)
 TOTAL CPU seconds = 1.243900e+02
results from bchdav(L): 
running time 56.8634 
#iteration:          6 
computed eigenvalues: 0.000003 
computed eigenvalues: 0.000012 
computed eigenvalues: 0.000020 
computed eigenvalues: 0.000042 
computed eigenvalues: 0.000108 
eigV error: 1.3337e-02 
--------------------------------------------
#1 converged in 1 steps, ritz(  1)=1.007604e-01, rnorm= 8.9823e-04
#2 converged in 1 steps, ritz(  2)=1.008154e-01, rnorm= 5.5651e-04
#3 converged in 1 steps, ritz(  3)=1.008562e-01, rnorm= 4.6328e-04
#4 converged in 1 steps, ritz(  4)=1.008953e-01, rnorm= 5.6754e-04
#5 converged in 1 steps, ritz(  5)=1.009782e-01, rnorm= 1.1142e-03
#converged eig=5,  #wanted eig=5,  #iter=1, kinner=0, kouter=0
 info of the eigenproblem and solver parameters :  dim=1000000
 polym=5,  blk=5,  vomax=35,  vimax=30,  n=5, augment=1, tol=1.00e-03
 ORTH-cpu=1.4800e+00, ORTH-flops=40000000,  ORTH-flops/dim=4.0000e+01
 mat-vect-cpu=7.4600e+00  #mat-vect-prod=36,  mat-vec-cpu/#mvprod=2.0722e-01
 filt_MVcpu=4.7500e+00, filt_non_mv_cpu=1.1400e+00, refinement_cpu=6.3000e-01
 CPU%: MV=32.16%(filt_MV=20.47%), ORTH=6.38%, refinement=2.72%
       other=58.75% (filt_nonMV=4.91%, Hn_cpu=0.73%, conv_cpu=0.00%)
 TOTAL CPU seconds = 2.320000e+01
results from bchdav(L1, good init): 
running time 13.7813 
#iteration:          1 
computed eigenvalues: 0.000760 
computed eigenvalues: 0.000815 
computed eigenvalues: 0.000856 
computed eigenvalues: 0.000895 
computed eigenvalues: 0.000978 
eigV error: 7.5439e-03 
--------------------------------------------
#1 converged in 4 steps, ritz(  1)=1.008222e-01, rnorm= 7.5816e-04
#2 converged in 4 steps, ritz(  2)=1.008437e-01, rnorm= 6.6759e-04
#3 converged in 4 steps, ritz(  3)=1.008780e-01, rnorm= 8.1246e-04
#4 converged in 4 steps, ritz(  4)=1.009370e-01, rnorm= 1.5793e-03
#5 converged in 6 steps, ritz(  5)=1.007673e-01, rnorm= 1.3085e-03
#converged eig=5,  #wanted eig=5,  #iter=6, kinner=1, kouter=0
 info of the eigenproblem and solver parameters :  dim=1000000
 polym=5,  blk=5,  vomax=35,  vimax=30,  n=19, augment=1, tol=1.00e-03
 ORTH-cpu=4.7970e+01, ORTH-flops=1918000000,  ORTH-flops/dim=1.9180e+03
 mat-vect-cpu=3.6420e+01  #mat-vect-prod=186,  mat-vec-cpu/#mvprod=1.9581e-01
 filt_MVcpu=2.8430e+01, filt_non_mv_cpu=7.9400e+00, refinement_cpu=8.7200e+00
 CPU%: MV=30.56%(filt_MV=23.86%), ORTH=40.25%, refinement=7.32%
       other=21.87% (filt_nonMV=6.66%, Hn_cpu=2.13%, conv_cpu=0.73%)
 TOTAL CPU seconds = 1.191700e+02
results from bchdav(L1, rand init): 
running time 56.9016 
#iteration:          6 
computed eigenvalues: 0.000767 
computed eigenvalues: 0.000822 
computed eigenvalues: 0.000844 
computed eigenvalues: 0.000878 
computed eigenvalues: 0.000937 
eigV error: 1.0759e-02 
--------------------------------------------
results from CoD(par, good init): 
running time 4803.3611 
#iteration: 3000000000 =  3000 *    1000000 
computed eigenvalues: 0.000688 
computed eigenvalues: 0.000763 
computed eigenvalues: 0.000796 
computed eigenvalues: 0.000804 
computed eigenvalues: 0.000836 
eigV error: 2.0561e-03 
--------------------------------------------
results from CoD(par, rand init): 
running time 4752.1068 
#iteration: 3000000000 =  3000 *    1000000 
computed eigenvalues: 0.000694 
computed eigenvalues: 0.056204 
computed eigenvalues: 0.121740 
computed eigenvalues: 0.274495 
computed eigenvalues: 0.597982 
eigV error: 1.1389e+00 


========================= #samples =    5000000 ============================
nonzeros rate:     0.0000 
#1 converged in 4 steps, ritz(  1)=1.004615e-01, rnorm= 1.9058e-03
#2 converged in 8 steps, ritz(  2)=1.000757e-01, rnorm= 1.4731e-03
#3 converged in 8 steps, ritz(  3)=1.001010e-01, rnorm= 1.7286e-03
#4 converged in 8 steps, ritz(  4)=1.001337e-01, rnorm= 1.7314e-03
#5 converged in 8 steps, ritz(  5)=1.001958e-01, rnorm= 2.0775e-03
#converged eig=5,  #wanted eig=5,  #iter=8, kinner=1, kouter=0
 info of the eigenproblem and solver parameters :  dim=5000000
 polym=5,  blk=5,  vomax=35,  vimax=30,  n=26, augment=1, tol=1.00e-03
 ORTH-cpu=3.1680e+02, ORTH-flops=13990000000,  ORTH-flops/dim=2.7980e+03
 mat-vect-cpu=5.1131e+02  #mat-vect-prod=246,  mat-vec-cpu/#mvprod=2.0785e+00
 filt_MVcpu=4.1187e+02, filt_non_mv_cpu=5.3040e+01, refinement_cpu=5.7580e+01
 CPU%: MV=48.54%(filt_MV=39.10%), ORTH=30.08%, refinement=5.47%
       other=15.92% (filt_nonMV=5.04%, Hn_cpu=1.55%, conv_cpu=0.33%)
 TOTAL CPU seconds = 1.053360e+03
results from bchdav(L): 
running time 675.0631 
#iteration:          8 
computed eigenvalues: 0.000076 
computed eigenvalues: 0.000101 
computed eigenvalues: 0.000134 
computed eigenvalues: 0.000196 
computed eigenvalues: 0.000462 
eigV error: 1.7912e-02 
--------------------------------------------
