
                            < M A T L A B (R) >
                  Copyright 1984-2021 The MathWorks, Inc.
             R2021a Update 3 (9.10.0.1684407) 64-bit (glnxa64)
                                May 27, 2021

 
To get started, type doc.
For product information, visit www.mathworks.com.
 

sizes =

  Columns 1 through 6

        1000        5000       10000       50000      100000      500000

  Columns 7 through 8

     1000000     5000000


kwant =

     5


what = 

    "bin"


tau =

   1.0000e-03


itermax =

        3000


stepsize =

    0.0200


w =

     1


alpha =

    0.9000


blk_size =

        5000



========================= #samples =       1000 ============================
nonzeros rate:     0.0704 
#1 converged in 2 steps, ritz(  1)=1.000001e-01, rnorm= 1.8238e-04
#2 converged in 3 steps, ritz(  2)=1.439432e-01, rnorm= 2.6667e-05
#3 converged in 3 steps, ritz(  3)=2.234603e-01, rnorm= 1.8688e-04
#4 converged in 4 steps, ritz(  4)=3.182230e-01, rnorm= 5.9192e-05
#5 converged in 4 steps, ritz(  5)=3.706144e-01, rnorm= 6.3261e-04
#converged eig=5,  #wanted eig=5,  #iter=4, kinner=0, kouter=0
 info of the eigenproblem and solver parameters :  dim=1000
 polym=5,  blk=5,  vomax=35,  vimax=30,  n=20, augment=1, tol=1.00e-03
 ORTH-cpu=2.0000e-02, ORTH-flops=878000,  ORTH-flops/dim=8.7800e+02
 mat-vect-cpu=0.0000e+00  #mat-vect-prod=126,  mat-vec-cpu/#mvprod=0.0000e+00
 filt_MVcpu=0.0000e+00, filt_non_mv_cpu=1.0000e-02, refinement_cpu=4.0000e-02
 CPU%: MV=0.00%(filt_MV=0.00%), ORTH=4.44%, refinement=8.89%
       other=86.67% (filt_nonMV=2.22%, Hn_cpu=2.22%, conv_cpu=11.11%)
 TOTAL CPU seconds = 4.500000e-01
results from bchdav(L, rand init): 
running time 0.3280 
#iteration:          4 
computed eigenvalues: 0.000000 
computed eigenvalues: 0.043943 
computed eigenvalues: 0.123460 
computed eigenvalues: 0.218223 
computed eigenvalues: 0.270614 
eigV error: 1.2166e-03 
--------------------------------------------
#1 converged in 1 steps, ritz(  1)=1.000000e-01, rnorm= 8.5556e-16
#2 converged in 3 steps, ritz(  2)=1.439432e-01, rnorm= 5.2131e-05
#3 converged in 3 steps, ritz(  3)=2.234603e-01, rnorm= 2.8472e-04
#4 converged in 4 steps, ritz(  4)=3.182230e-01, rnorm= 4.8230e-05
#5 converged in 4 steps, ritz(  5)=3.706124e-01, rnorm= 1.6574e-04
#converged eig=5,  #wanted eig=5,  #iter=4, kinner=0, kouter=0
 info of the eigenproblem and solver parameters :  dim=1000
 polym=5,  blk=5,  vomax=35,  vimax=30,  n=19, augment=1, tol=1.00e-03
 ORTH-cpu=2.0000e-02, ORTH-flops=787000,  ORTH-flops/dim=7.8700e+02
 mat-vect-cpu=0.0000e+00  #mat-vect-prod=125,  mat-vec-cpu/#mvprod=0.0000e+00
 filt_MVcpu=0.0000e+00, filt_non_mv_cpu=0.0000e+00, refinement_cpu=4.0000e-02
 CPU%: MV=0.00%(filt_MV=0.00%), ORTH=9.09%, refinement=18.18%
       other=72.73% (filt_nonMV=0.00%, Hn_cpu=0.00%, conv_cpu=18.18%)
 TOTAL CPU seconds = 2.200000e-01
results from bchdav(L, 1 init): 
running time 0.0354 
#iteration:          4 
computed eigenvalues: 0.000000 
computed eigenvalues: 0.043943 
computed eigenvalues: 0.123460 
computed eigenvalues: 0.218223 
computed eigenvalues: 0.270612 
eigV error: 5.9644e-04 
--------------------------------------------
#1 converged in 1 steps, ritz(  1)=1.000000e-01, rnorm= 8.7070e-16
#2 converged in 3 steps, ritz(  2)=1.439432e-01, rnorm= 4.3756e-05
#3 converged in 3 steps, ritz(  3)=2.234603e-01, rnorm= 2.1818e-04
#4 converged in 4 steps, ritz(  4)=3.182230e-01, rnorm= 3.0422e-05
#5 converged in 4 steps, ritz(  5)=3.706124e-01, rnorm= 1.2787e-04
#converged eig=5,  #wanted eig=5,  #iter=4, kinner=0, kouter=0
 info of the eigenproblem and solver parameters :  dim=1000
 polym=5,  blk=5,  vomax=35,  vimax=30,  n=19, augment=1, tol=1.00e-03
 ORTH-cpu=0.0000e+00, ORTH-flops=787000,  ORTH-flops/dim=7.8700e+02
 mat-vect-cpu=4.0000e-02  #mat-vect-prod=125,  mat-vec-cpu/#mvprod=3.2000e-04
 filt_MVcpu=4.0000e-02, filt_non_mv_cpu=1.0000e-02, refinement_cpu=4.0000e-02
 CPU%: MV=19.05%(filt_MV=19.05%), ORTH=0.00%, refinement=19.05%
       other=61.90% (filt_nonMV=4.76%, Hn_cpu=0.00%, conv_cpu=4.76%)
 TOTAL CPU seconds = 2.100000e-01
results from bchdav(L, 2 init): 
running time 0.0217 
#iteration:          4 
computed eigenvalues: 0.000000 
computed eigenvalues: 0.043943 
computed eigenvalues: 0.123460 
computed eigenvalues: 0.218223 
computed eigenvalues: 0.270612 
eigV error: 4.5739e-04 


========================= #samples =       5000 ============================
nonzeros rate:     0.0041 
#1 converged in 4 steps, ritz(  1)=1.000066e-01, rnorm= 1.5279e-03
#2 converged in 4 steps, ritz(  2)=1.000221e-01, rnorm= 1.7762e-03
#3 converged in 5 steps, ritz(  3)=1.000066e-01, rnorm= 1.3956e-03
#4 converged in 5 steps, ritz(  4)=1.000099e-01, rnorm= 1.5327e-03
#5 converged in 6 steps, ritz(  5)=1.000080e-01, rnorm= 1.0008e-03
#converged eig=5,  #wanted eig=5,  #iter=6, kinner=1, kouter=0
 info of the eigenproblem and solver parameters :  dim=5000
 polym=5,  blk=5,  vomax=35,  vimax=30,  n=19, augment=1, tol=1.00e-03
 ORTH-cpu=8.6000e-01, ORTH-flops=9500000,  ORTH-flops/dim=1.9000e+03
 mat-vect-cpu=4.4000e-01  #mat-vect-prod=186,  mat-vec-cpu/#mvprod=2.3656e-03
 filt_MVcpu=2.8000e-01, filt_non_mv_cpu=2.0000e-02, refinement_cpu=2.5000e-01
 CPU%: MV=20.95%(filt_MV=13.33%), ORTH=40.95%, refinement=11.90%
       other=26.19% (filt_nonMV=0.95%, Hn_cpu=6.67%, conv_cpu=10.00%)
 TOTAL CPU seconds = 2.100000e+00
results from bchdav(L, rand init): 
running time 0.0727 
#iteration:          6 
computed eigenvalues: 0.000007 
computed eigenvalues: 0.000007 
computed eigenvalues: 0.000008 
computed eigenvalues: 0.000010 
computed eigenvalues: 0.000022 
eigV error: 1.4687e-02 
--------------------------------------------
#1 converged in 1 steps, ritz(  1)=1.000000e-01, rnorm= 4.6249e-15
#2 converged in 4 steps, ritz(  2)=1.000252e-01, rnorm= 1.8753e-03
#3 converged in 5 steps, ritz(  3)=1.000082e-01, rnorm= 1.1853e-03
#4 converged in 6 steps, ritz(  4)=1.000053e-01, rnorm= 5.7713e-04
#5 converged in 7 steps, ritz(  5)=1.000028e-01, rnorm= 4.8201e-04
#converged eig=5,  #wanted eig=5,  #iter=7, kinner=1, kouter=0
 info of the eigenproblem and solver parameters :  dim=5000
 polym=5,  blk=5,  vomax=35,  vimax=30,  n=23, augment=1, tol=1.00e-03
 ORTH-cpu=8.6000e-01, ORTH-flops=10995000,  ORTH-flops/dim=2.1990e+03
 mat-vect-cpu=5.3000e-01  #mat-vect-prod=215,  mat-vec-cpu/#mvprod=2.4651e-03
 filt_MVcpu=3.8000e-01, filt_non_mv_cpu=1.0000e-02, refinement_cpu=2.7000e-01
 CPU%: MV=24.88%(filt_MV=17.84%), ORTH=40.38%, refinement=12.68%
       other=22.07% (filt_nonMV=0.47%, Hn_cpu=2.82%, conv_cpu=7.98%)
 TOTAL CPU seconds = 2.130000e+00
results from bchdav(L, 1 init): 
running time 0.0760 
#iteration:          7 
computed eigenvalues: -0.000000 
computed eigenvalues: 0.000003 
computed eigenvalues: 0.000005 
computed eigenvalues: 0.000008 
computed eigenvalues: 0.000025 
eigV error: 1.0475e-02 
--------------------------------------------
#1 converged in 1 steps, ritz(  1)=1.000000e-01, rnorm= 1.0025e-14
#2 converged in 4 steps, ritz(  2)=1.000251e-01, rnorm= 1.8740e-03
#3 converged in 5 steps, ritz(  3)=1.000082e-01, rnorm= 1.1823e-03
#4 converged in 6 steps, ritz(  4)=1.000052e-01, rnorm= 5.6964e-04
#5 converged in 7 steps, ritz(  5)=1.000028e-01, rnorm= 4.7255e-04
#converged eig=5,  #wanted eig=5,  #iter=7, kinner=1, kouter=0
 info of the eigenproblem and solver parameters :  dim=5000
 polym=5,  blk=5,  vomax=35,  vimax=30,  n=23, augment=1, tol=1.00e-03
 ORTH-cpu=8.8000e-01, ORTH-flops=10995000,  ORTH-flops/dim=2.1990e+03
 mat-vect-cpu=6.1000e-01  #mat-vect-prod=215,  mat-vec-cpu/#mvprod=2.8372e-03
 filt_MVcpu=4.2000e-01, filt_non_mv_cpu=0.0000e+00, refinement_cpu=2.5000e-01
 CPU%: MV=27.98%(filt_MV=19.27%), ORTH=40.37%, refinement=11.47%
       other=20.18% (filt_nonMV=0.00%, Hn_cpu=3.67%, conv_cpu=8.72%)
 TOTAL CPU seconds = 2.180000e+00
results from bchdav(L, 2 init): 
running time 0.0641 
#iteration:          7 
computed eigenvalues: 0.000000 
computed eigenvalues: 0.000003 
computed eigenvalues: 0.000005 
computed eigenvalues: 0.000008 
computed eigenvalues: 0.000025 
eigV error: 1.0447e-02 


========================= #samples =      10000 ============================
nonzeros rate:     0.0049 
#1 converged in 3 steps, ritz(  1)=1.000426e-01, rnorm= 1.2459e-03
#2 converged in 6 steps, ritz(  2)=1.000780e-01, rnorm= 1.9796e-03
#3 converged in 7 steps, ritz(  3)=1.000702e-01, rnorm= 1.6160e-03
#4 converged in 8 steps, ritz(  4)=1.000732e-01, rnorm= 1.5890e-03
#5 converged in 9 steps, ritz(  5)=1.000581e-01, rnorm= 1.5072e-03
#converged eig=5,  #wanted eig=5,  #iter=9, kinner=2, kouter=0
 info of the eigenproblem and solver parameters :  dim=10000
 polym=5,  blk=5,  vomax=35,  vimax=30,  n=19, augment=1, tol=1.00e-03
 ORTH-cpu=5.6200e+00, ORTH-flops=33780000,  ORTH-flops/dim=3.3780e+03
 mat-vect-cpu=7.0000e-01  #mat-vect-prod=276,  mat-vec-cpu/#mvprod=2.5362e-03
 filt_MVcpu=4.0000e-01, filt_non_mv_cpu=3.0000e-02, refinement_cpu=8.2000e-01
 CPU%: MV=8.86%(filt_MV=5.06%), ORTH=71.14%, refinement=10.38%
       other=9.62% (filt_nonMV=0.38%, Hn_cpu=2.03%, conv_cpu=3.67%)
 TOTAL CPU seconds = 7.900000e+00
results from bchdav(L, rand init): 
running time 0.2621 
#iteration:          9 
computed eigenvalues: 0.000043 
computed eigenvalues: 0.000058 
computed eigenvalues: 0.000070 
computed eigenvalues: 0.000073 
computed eigenvalues: 0.000078 
eigV error: 1.6039e-02 
--------------------------------------------
#1 converged in 1 steps, ritz(  1)=1.000000e-01, rnorm= 5.2920e-15
#2 converged in 7 steps, ritz(  2)=1.000649e-01, rnorm= 1.8208e-03
#3 converged in 8 steps, ritz(  3)=1.000413e-01, rnorm= 1.4897e-03
#4 converged in 9 steps, ritz(  4)=1.000615e-01, rnorm= 1.5690e-03
#5 converged in 9 steps, ritz(  5)=1.001204e-01, rnorm= 1.4675e-03
#converged eig=5,  #wanted eig=5,  #iter=9, kinner=2, kouter=0
 info of the eigenproblem and solver parameters :  dim=10000
 polym=5,  blk=5,  vomax=35,  vimax=30,  n=18, augment=1, tol=1.00e-03
 ORTH-cpu=6.7700e+00, ORTH-flops=32390000,  ORTH-flops/dim=3.2390e+03
 mat-vect-cpu=8.5000e-01  #mat-vect-prod=275,  mat-vec-cpu/#mvprod=3.0909e-03
 filt_MVcpu=5.4000e-01, filt_non_mv_cpu=0.0000e+00, refinement_cpu=8.6000e-01
 CPU%: MV=9.36%(filt_MV=5.95%), ORTH=74.56%, refinement=9.47%
       other=6.61% (filt_nonMV=0.00%, Hn_cpu=1.10%, conv_cpu=1.76%)
 TOTAL CPU seconds = 9.080000e+00
results from bchdav(L, 1 init): 
running time 0.2923 
#iteration:          9 
computed eigenvalues: -0.000000 
computed eigenvalues: 0.000041 
computed eigenvalues: 0.000061 
computed eigenvalues: 0.000065 
computed eigenvalues: 0.000120 
eigV error: 1.4240e-02 
--------------------------------------------
#1 converged in 2 steps, ritz(  1)=1.000198e-01, rnorm= 1.1728e-03
#2 converged in 6 steps, ritz(  2)=1.000402e-01, rnorm= 1.8702e-03
#3 converged in 7 steps, ritz(  3)=1.000940e-01, rnorm= 1.9604e-03
#4 converged in 8 steps, ritz(  4)=1.000556e-01, rnorm= 1.7420e-03
#5 converged in 9 steps, ritz(  5)=1.001179e-01, rnorm= 1.7337e-03
#converged eig=5,  #wanted eig=5,  #iter=9, kinner=2, kouter=0
 info of the eigenproblem and solver parameters :  dim=10000
 polym=5,  blk=5,  vomax=35,  vimax=30,  n=19, augment=1, tol=1.00e-03
 ORTH-cpu=6.7400e+00, ORTH-flops=33300000,  ORTH-flops/dim=3.3300e+03
 mat-vect-cpu=7.9000e-01  #mat-vect-prod=276,  mat-vec-cpu/#mvprod=2.8623e-03
 filt_MVcpu=5.0000e-01, filt_non_mv_cpu=3.0000e-02, refinement_cpu=9.0000e-01
 CPU%: MV=8.68%(filt_MV=5.49%), ORTH=74.07%, refinement=9.89%
       other=7.36% (filt_nonMV=0.33%, Hn_cpu=0.88%, conv_cpu=1.76%)
 TOTAL CPU seconds = 9.100000e+00
results from bchdav(L, 2 init): 
running time 0.3031 
#iteration:          9 
computed eigenvalues: 0.000020 
computed eigenvalues: 0.000040 
computed eigenvalues: 0.000056 
computed eigenvalues: 0.000094 
computed eigenvalues: 0.000118 
eigV error: 1.7168e-02 


========================= #samples =      50000 ============================
nonzeros rate:     0.0013 
#1 converged in 2 steps, ritz(  1)=1.000800e-01, rnorm= 1.5000e-03
#2 converged in 8 steps, ritz(  2)=1.001432e-01, rnorm= 1.3951e-03
#3 converged in 8 steps, ritz(  3)=1.002058e-01, rnorm= 1.6246e-03
#4 converged in 9 steps, ritz(  4)=1.001788e-01, rnorm= 1.5376e-03
#5 converged in 9 steps, ritz(  5)=1.002831e-01, rnorm= 1.9924e-03
#converged eig=5,  #wanted eig=5,  #iter=9, kinner=2, kouter=0
 info of the eigenproblem and solver parameters :  dim=50000
 polym=5,  blk=5,  vomax=35,  vimax=30,  n=18, augment=1, tol=1.00e-03
 ORTH-cpu=1.1780e+01, ORTH-flops=168400000,  ORTH-flops/dim=3.3680e+03
 mat-vect-cpu=2.2900e+00  #mat-vect-prod=276,  mat-vec-cpu/#mvprod=8.2971e-03
 filt_MVcpu=1.8600e+00, filt_non_mv_cpu=1.4000e-01, refinement_cpu=1.3400e+00
 CPU%: MV=13.65%(filt_MV=11.08%), ORTH=70.20%, refinement=7.99%
       other=8.16% (filt_nonMV=0.83%, Hn_cpu=2.44%, conv_cpu=0.95%)
 TOTAL CPU seconds = 1.678000e+01
results from bchdav(L, rand init): 
running time 2.3707 
#iteration:          9 
computed eigenvalues: 0.000080 
computed eigenvalues: 0.000143 
computed eigenvalues: 0.000179 
computed eigenvalues: 0.000206 
computed eigenvalues: 0.000283 
eigV error: 1.6200e-02 
--------------------------------------------
#1 converged in 1 steps, ritz(  1)=1.000000e-01, rnorm= 2.3160e-14
#2 converged in 8 steps, ritz(  2)=1.001014e-01, rnorm= 1.4437e-03
#3 converged in 8 steps, ritz(  3)=1.001280e-01, rnorm= 1.3150e-03
#4 converged in 8 steps, ritz(  4)=1.002298e-01, rnorm= 1.2190e-03
#5 converged in 8 steps, ritz(  5)=1.002962e-01, rnorm= 1.9935e-03
#converged eig=5,  #wanted eig=5,  #iter=8, kinner=1, kouter=0
 info of the eigenproblem and solver parameters :  dim=50000
 polym=5,  blk=5,  vomax=35,  vimax=30,  n=26, augment=1, tol=1.00e-03
 ORTH-cpu=9.8300e+00, ORTH-flops=131550000,  ORTH-flops/dim=2.6310e+03
 mat-vect-cpu=2.1600e+00  #mat-vect-prod=245,  mat-vec-cpu/#mvprod=8.8163e-03
 filt_MVcpu=1.6700e+00, filt_non_mv_cpu=1.6000e-01, refinement_cpu=1.1500e+00
 CPU%: MV=14.99%(filt_MV=11.59%), ORTH=68.22%, refinement=7.98%
       other=8.81% (filt_nonMV=1.11%, Hn_cpu=2.43%, conv_cpu=0.62%)
 TOTAL CPU seconds = 1.441000e+01
results from bchdav(L, 1 init): 
running time 2.0740 
#iteration:          8 
computed eigenvalues: 0.000000 
computed eigenvalues: 0.000101 
computed eigenvalues: 0.000128 
computed eigenvalues: 0.000230 
computed eigenvalues: 0.000296 
eigV error: 1.3598e-02 
--------------------------------------------
#1 converged in 1 steps, ritz(  1)=1.000034e-01, rnorm= 6.7606e-04
#2 converged in 8 steps, ritz(  2)=1.001172e-01, rnorm= 1.5235e-03
#3 converged in 9 steps, ritz(  3)=1.000882e-01, rnorm= 1.2933e-03
#4 converged in 9 steps, ritz(  4)=1.002047e-01, rnorm= 1.7922e-03
#5 converged in 9 steps, ritz(  5)=1.002329e-01, rnorm= 1.6501e-03
#converged eig=5,  #wanted eig=5,  #iter=9, kinner=2, kouter=0
 info of the eigenproblem and solver parameters :  dim=50000
 polym=5,  blk=5,  vomax=35,  vimax=30,  n=17, augment=1, tol=1.00e-03
 ORTH-cpu=1.1060e+01, ORTH-flops=160250000,  ORTH-flops/dim=3.2050e+03
 mat-vect-cpu=1.8900e+00  #mat-vect-prod=275,  mat-vec-cpu/#mvprod=6.8727e-03
 filt_MVcpu=1.4600e+00, filt_non_mv_cpu=2.0000e-01, refinement_cpu=1.3100e+00
 CPU%: MV=11.98%(filt_MV=9.25%), ORTH=70.09%, refinement=8.30%
       other=9.63% (filt_nonMV=1.27%, Hn_cpu=2.60%, conv_cpu=1.01%)
 TOTAL CPU seconds = 1.578000e+01
results from bchdav(L, 2 init): 
running time 1.9205 
#iteration:          9 
computed eigenvalues: 0.000003 
computed eigenvalues: 0.000088 
computed eigenvalues: 0.000117 
computed eigenvalues: 0.000205 
computed eigenvalues: 0.000233 
eigV error: 1.4393e-02 


========================= #samples =     100000 ============================
nonzeros rate:     0.0003 
#1 converged in 5 steps, ritz(  1)=1.000013e-01, rnorm= 5.0957e-04
#2 converged in 5 steps, ritz(  2)=1.000075e-01, rnorm= 1.0233e-03
#3 converged in 5 steps, ritz(  3)=1.000145e-01, rnorm= 1.4852e-03
#4 converged in 6 steps, ritz(  4)=1.000165e-01, rnorm= 8.4719e-04
#5 converged in 6 steps, ritz(  5)=1.001562e-01, rnorm= 9.0802e-04
#converged eig=5,  #wanted eig=5,  #iter=6, kinner=1, kouter=0
 info of the eigenproblem and solver parameters :  dim=100000
 polym=5,  blk=5,  vomax=35,  vimax=30,  n=18, augment=1, tol=1.00e-03
 ORTH-cpu=1.1400e+01, ORTH-flops=191800000,  ORTH-flops/dim=1.9180e+03
 mat-vect-cpu=1.2500e+00  #mat-vect-prod=186,  mat-vec-cpu/#mvprod=6.7204e-03
 filt_MVcpu=8.7000e-01, filt_non_mv_cpu=3.2000e-01, refinement_cpu=1.3000e+00
 CPU%: MV=7.88%(filt_MV=5.49%), ORTH=71.88%, refinement=8.20%
       other=12.04% (filt_nonMV=2.02%, Hn_cpu=2.90%, conv_cpu=1.07%)
 TOTAL CPU seconds = 1.586000e+01
results from bchdav(L, rand init): 
running time 1.8857 
#iteration:          6 
computed eigenvalues: 0.000001 
computed eigenvalues: 0.000008 
computed eigenvalues: 0.000015 
computed eigenvalues: 0.000017 
computed eigenvalues: 0.000156 
eigV error: 1.0051e-02 
--------------------------------------------
#1 converged in 1 steps, ritz(  1)=1.000000e-01, rnorm= 6.2208e-14
#2 converged in 5 steps, ritz(  2)=1.000291e-01, rnorm= 1.7728e-03
#3 converged in 5 steps, ritz(  3)=1.000467e-01, rnorm= 1.8436e-03
#4 converged in 6 steps, ritz(  4)=1.000212e-01, rnorm= 5.9827e-04
#5 converged in 6 steps, ritz(  5)=1.003602e-01, rnorm= 1.6882e-03
#converged eig=5,  #wanted eig=5,  #iter=6, kinner=1, kouter=0
 info of the eigenproblem and solver parameters :  dim=100000
 polym=5,  blk=5,  vomax=35,  vimax=30,  n=18, augment=1, tol=1.00e-03
 ORTH-cpu=9.3400e+00, ORTH-flops=176100000,  ORTH-flops/dim=1.7610e+03
 mat-vect-cpu=1.1000e+00  #mat-vect-prod=185,  mat-vec-cpu/#mvprod=5.9459e-03
 filt_MVcpu=8.1000e-01, filt_non_mv_cpu=4.5000e-01, refinement_cpu=1.2900e+00
 CPU%: MV=7.88%(filt_MV=5.80%), ORTH=66.91%, refinement=9.24%
       other=15.97% (filt_nonMV=3.22%, Hn_cpu=3.22%, conv_cpu=1.58%)
 TOTAL CPU seconds = 1.396000e+01
results from bchdav(L, 1 init): 
running time 1.7441 
#iteration:          6 
computed eigenvalues: 0.000000 
computed eigenvalues: 0.000021 
computed eigenvalues: 0.000029 
computed eigenvalues: 0.000047 
computed eigenvalues: 0.000360 
eigV error: 1.3951e-02 
--------------------------------------------
#1 converged in 1 steps, ritz(  1)=1.000004e-01, rnorm= 2.4106e-04
#2 converged in 4 steps, ritz(  2)=1.000749e-01, rnorm= 1.2274e-03
#3 converged in 5 steps, ritz(  3)=1.000500e-01, rnorm= 1.7853e-03
#4 converged in 7 steps, ritz(  4)=1.000330e-01, rnorm= 8.6102e-04
#5 converged in 7 steps, ritz(  5)=1.003173e-01, rnorm= 2.0847e-03
#converged eig=5,  #wanted eig=5,  #iter=7, kinner=1, kouter=0
 info of the eigenproblem and solver parameters :  dim=100000
 polym=5,  blk=5,  vomax=35,  vimax=30,  n=23, augment=1, tol=1.00e-03
 ORTH-cpu=1.0760e+01, ORTH-flops=218100000,  ORTH-flops/dim=2.1810e+03
 mat-vect-cpu=1.4100e+00  #mat-vect-prod=215,  mat-vec-cpu/#mvprod=6.5581e-03
 filt_MVcpu=9.9000e-01, filt_non_mv_cpu=3.8000e-01, refinement_cpu=1.1700e+00
 CPU%: MV=9.14%(filt_MV=6.42%), ORTH=69.73%, refinement=7.58%
       other=13.55% (filt_nonMV=2.46%, Hn_cpu=2.92%, conv_cpu=1.75%)
 TOTAL CPU seconds = 1.543000e+01
results from bchdav(L, 2 init): 
running time 1.8662 
#iteration:          7 
computed eigenvalues: 0.000000 
computed eigenvalues: 0.000033 
computed eigenvalues: 0.000050 
computed eigenvalues: 0.000075 
computed eigenvalues: 0.000317 
eigV error: 1.4015e-02 


========================= #samples =     500000 ============================
nonzeros rate:     0.0001 
#1 converged in 3 steps, ritz(  1)=1.000116e-01, rnorm= 6.4177e-04
#2 converged in 7 steps, ritz(  2)=1.000540e-01, rnorm= 1.6280e-03
#3 converged in 7 steps, ritz(  3)=1.000793e-01, rnorm= 1.9015e-03
#4 converged in 8 steps, ritz(  4)=1.000588e-01, rnorm= 1.3171e-03
#5 converged in 8 steps, ritz(  5)=1.000769e-01, rnorm= 1.4273e-03
#converged eig=5,  #wanted eig=5,  #iter=8, kinner=1, kouter=0
 info of the eigenproblem and solver parameters :  dim=500000
 polym=5,  blk=5,  vomax=35,  vimax=30,  n=26, augment=1, tol=1.00e-03
 ORTH-cpu=3.9500e+01, ORTH-flops=1399000000,  ORTH-flops/dim=2.7980e+03
 mat-vect-cpu=2.4010e+01  #mat-vect-prod=246,  mat-vec-cpu/#mvprod=9.7602e-02
 filt_MVcpu=1.9080e+01, filt_non_mv_cpu=4.9800e+00, refinement_cpu=6.9500e+00
 CPU%: MV=27.87%(filt_MV=22.14%), ORTH=45.84%, refinement=8.07%
       other=18.22% (filt_nonMV=5.78%, Hn_cpu=2.22%, conv_cpu=0.86%)
 TOTAL CPU seconds = 8.616000e+01
results from bchdav(L, rand init): 
running time 37.1635 
#iteration:          8 
computed eigenvalues: 0.000012 
computed eigenvalues: 0.000054 
computed eigenvalues: 0.000059 
computed eigenvalues: 0.000077 
computed eigenvalues: 0.000079 
eigV error: 1.4449e-02 
--------------------------------------------
#1 converged in 1 steps, ritz(  1)=1.000000e-01, rnorm= 2.9463e-13
#2 converged in 6 steps, ritz(  2)=1.000458e-01, rnorm= 1.5297e-03
#3 converged in 6 steps, ritz(  3)=1.000527e-01, rnorm= 1.4607e-03
#4 converged in 6 steps, ritz(  4)=1.001251e-01, rnorm= 1.9327e-03
#5 converged in 7 steps, ritz(  5)=1.001230e-01, rnorm= 1.6801e-03
#converged eig=5,  #wanted eig=5,  #iter=7, kinner=1, kouter=0
 info of the eigenproblem and solver parameters :  dim=500000
 polym=5,  blk=5,  vomax=35,  vimax=30,  n=21, augment=1, tol=1.00e-03
 ORTH-cpu=3.0900e+01, ORTH-flops=1062500000,  ORTH-flops/dim=2.1250e+03
 mat-vect-cpu=2.0000e+01  #mat-vect-prod=215,  mat-vec-cpu/#mvprod=9.3023e-02
 filt_MVcpu=1.5810e+01, filt_non_mv_cpu=3.4600e+00, refinement_cpu=5.2500e+00
 CPU%: MV=29.36%(filt_MV=23.21%), ORTH=45.37%, refinement=7.71%
       other=17.56% (filt_nonMV=5.08%, Hn_cpu=2.16%, conv_cpu=1.16%)
 TOTAL CPU seconds = 6.811000e+01
results from bchdav(L, 1 init): 
running time 30.1488 
#iteration:          7 
computed eigenvalues: 0.000000 
computed eigenvalues: 0.000046 
computed eigenvalues: 0.000053 
computed eigenvalues: 0.000123 
computed eigenvalues: 0.000125 
eigV error: 1.4843e-02 
--------------------------------------------
#1 converged in 1 steps, ritz(  1)=1.000001e-01, rnorm= 1.7238e-04
#2 converged in 6 steps, ritz(  2)=1.000889e-01, rnorm= 1.9437e-03
#3 converged in 7 steps, ritz(  3)=1.000466e-01, rnorm= 1.6707e-03
#4 converged in 7 steps, ritz(  4)=1.001121e-01, rnorm= 1.9538e-03
#5 converged in 8 steps, ritz(  5)=1.001149e-01, rnorm= 1.4407e-03
#converged eig=5,  #wanted eig=5,  #iter=8, kinner=1, kouter=0
 info of the eigenproblem and solver parameters :  dim=500000
 polym=5,  blk=5,  vomax=35,  vimax=30,  n=26, augment=1, tol=1.00e-03
 ORTH-cpu=3.6850e+01, ORTH-flops=1294500000,  ORTH-flops/dim=2.5890e+03
 mat-vect-cpu=2.7170e+01  #mat-vect-prod=245,  mat-vec-cpu/#mvprod=1.1090e-01
 filt_MVcpu=2.1750e+01, filt_non_mv_cpu=3.6300e+00, refinement_cpu=6.1800e+00
 CPU%: MV=32.41%(filt_MV=25.95%), ORTH=43.96%, refinement=7.37%
       other=16.26% (filt_nonMV=4.33%, Hn_cpu=2.17%, conv_cpu=0.87%)
 TOTAL CPU seconds = 8.383000e+01
results from bchdav(L, 2 init): 
running time 39.8499 
#iteration:          8 
computed eigenvalues: 0.000000 
computed eigenvalues: 0.000047 
computed eigenvalues: 0.000089 
computed eigenvalues: 0.000112 
computed eigenvalues: 0.000115 
eigV error: 1.5795e-02 


========================= #samples =    1000000 ============================
nonzeros rate:     0.0000 
#1 converged in 4 steps, ritz(  1)=1.000285e-01, rnorm= 1.7241e-03
#2 converged in 4 steps, ritz(  2)=1.000365e-01, rnorm= 1.9400e-03
#3 converged in 5 steps, ritz(  3)=1.000294e-01, rnorm= 1.2271e-03
#4 converged in 5 steps, ritz(  4)=1.000533e-01, rnorm= 2.0342e-03
#5 converged in 5 steps, ritz(  5)=1.001322e-01, rnorm= 2.0677e-03
#converged eig=5,  #wanted eig=5,  #iter=5, kinner=0, kouter=0
 info of the eigenproblem and solver parameters :  dim=1000000
 polym=5,  blk=5,  vomax=35,  vimax=30,  n=25, augment=1, tol=1.00e-03
 ORTH-cpu=3.2920e+01, ORTH-flops=1348000000,  ORTH-flops/dim=1.3480e+03
 mat-vect-cpu=1.4640e+01  #mat-vect-prod=156,  mat-vec-cpu/#mvprod=9.3846e-02
 filt_MVcpu=1.1420e+01, filt_non_mv_cpu=4.4300e+00, refinement_cpu=6.9000e+00
 CPU%: MV=21.60%(filt_MV=16.85%), ORTH=48.56%, refinement=10.18%
       other=19.66% (filt_nonMV=6.53%, Hn_cpu=2.51%, conv_cpu=0.78%)
 TOTAL CPU seconds = 6.779000e+01
results from bchdav(L, rand init): 
running time 27.4446 
#iteration:          5 
computed eigenvalues: 0.000028 
computed eigenvalues: 0.000029 
computed eigenvalues: 0.000036 
computed eigenvalues: 0.000053 
computed eigenvalues: 0.000132 
eigV error: 1.8241e-02 
--------------------------------------------
#1 converged in 1 steps, ritz(  1)=1.000000e-01, rnorm= 1.0764e-12
#2 converged in 3 steps, ritz(  2)=1.000241e-01, rnorm= 2.0655e-03
#3 converged in 4 steps, ritz(  3)=1.000165e-01, rnorm= 8.9265e-04
#4 converged in 4 steps, ritz(  4)=1.000271e-01, rnorm= 1.7112e-03
#5 converged in 6 steps, ritz(  5)=1.000161e-01, rnorm= 1.4078e-03
#converged eig=5,  #wanted eig=5,  #iter=6, kinner=0, kouter=0
 info of the eigenproblem and solver parameters :  dim=1000000
 polym=5,  blk=5,  vomax=35,  vimax=30,  n=29, augment=1, tol=1.00e-03
 ORTH-cpu=4.2000e+01, ORTH-flops=1769000000,  ORTH-flops/dim=1.7690e+03
 mat-vect-cpu=1.6930e+01  #mat-vect-prod=185,  mat-vec-cpu/#mvprod=9.1514e-02
 filt_MVcpu=1.3260e+01, filt_non_mv_cpu=6.2600e+00, refinement_cpu=7.9100e+00
 CPU%: MV=20.43%(filt_MV=16.00%), ORTH=50.69%, refinement=9.55%
       other=19.32% (filt_nonMV=7.56%, Hn_cpu=2.38%, conv_cpu=1.17%)
 TOTAL CPU seconds = 8.285000e+01
results from bchdav(L, 1 init): 
running time 32.3448 
#iteration:          6 
computed eigenvalues: 0.000000 
computed eigenvalues: 0.000016 
computed eigenvalues: 0.000016 
computed eigenvalues: 0.000024 
computed eigenvalues: 0.000027 
eigV error: 1.4121e-02 
--------------------------------------------
#1 converged in 1 steps, ritz(  1)=1.000000e-01, rnorm= 5.3149e-05
#2 converged in 4 steps, ritz(  2)=1.000209e-01, rnorm= 1.4660e-03
#3 converged in 5 steps, ritz(  3)=1.000140e-01, rnorm= 8.6698e-04
#4 converged in 5 steps, ritz(  4)=1.000195e-01, rnorm= 1.3597e-03
#5 converged in 7 steps, ritz(  5)=1.000175e-01, rnorm= 1.2509e-03
#converged eig=5,  #wanted eig=5,  #iter=7, kinner=1, kouter=0
 info of the eigenproblem and solver parameters :  dim=1000000
 polym=5,  blk=5,  vomax=35,  vimax=30,  n=19, augment=1, tol=1.00e-03
 ORTH-cpu=5.6160e+01, ORTH-flops=2401000000,  ORTH-flops/dim=2.4010e+03
 mat-vect-cpu=1.9380e+01  #mat-vect-prod=215,  mat-vec-cpu/#mvprod=9.0140e-02
 filt_MVcpu=1.5560e+01, filt_non_mv_cpu=8.0900e+00, refinement_cpu=9.5900e+00
 CPU%: MV=18.72%(filt_MV=15.03%), ORTH=54.26%, refinement=9.26%
       other=17.76% (filt_nonMV=7.82%, Hn_cpu=2.74%, conv_cpu=1.14%)
 TOTAL CPU seconds = 1.035100e+02
results from bchdav(L, 2 init): 
running time 38.6219 
#iteration:          7 
computed eigenvalues: 0.000000 
computed eigenvalues: 0.000014 
computed eigenvalues: 0.000017 
computed eigenvalues: 0.000020 
computed eigenvalues: 0.000021 
eigV error: 1.1239e-02 


========================= #samples =    5000000 ============================
nonzeros rate:     0.0000 
#1 converged in 2 steps, ritz(  1)=1.000476e-01, rnorm= 9.1951e-04
#2 converged in 8 steps, ritz(  2)=1.000637e-01, rnorm= 1.3402e-03
#3 converged in 8 steps, ritz(  3)=1.000941e-01, rnorm= 1.4491e-03
#4 converged in 8 steps, ritz(  4)=1.001208e-01, rnorm= 1.3065e-03
#5 converged in 8 steps, ritz(  5)=1.001354e-01, rnorm= 1.4763e-03
#converged eig=5,  #wanted eig=5,  #iter=8, kinner=1, kouter=0
 info of the eigenproblem and solver parameters :  dim=5000000
 polym=5,  blk=5,  vomax=35,  vimax=30,  n=26, augment=1, tol=1.00e-03
 ORTH-cpu=2.7869e+02, ORTH-flops=13990000000,  ORTH-flops/dim=2.7980e+03
 mat-vect-cpu=1.1018e+03  #mat-vect-prod=246,  mat-vec-cpu/#mvprod=4.4789e+00
 filt_MVcpu=8.7373e+02, filt_non_mv_cpu=4.0390e+01, refinement_cpu=5.8390e+01
 CPU%: MV=67.49%(filt_MV=53.52%), ORTH=17.07%, refinement=3.58%
       other=11.87% (filt_nonMV=2.47%, Hn_cpu=1.48%, conv_cpu=0.17%)
 TOTAL CPU seconds = 1.632620e+03
results from bchdav(L, rand init): 
running time 1367.1552 
#iteration:          8 
computed eigenvalues: 0.000048 
computed eigenvalues: 0.000064 
computed eigenvalues: 0.000094 
computed eigenvalues: 0.000121 
computed eigenvalues: 0.000135 
eigV error: 1.3124e-02 
--------------------------------------------
#1 converged in 1 steps, ritz(  1)=1.000000e-01, rnorm= 7.9463e-12
#2 converged in 5 steps, ritz(  2)=1.000776e-01, rnorm= 1.5723e-03
#3 converged in 5 steps, ritz(  3)=1.001148e-01, rnorm= 1.7576e-03
#4 converged in 5 steps, ritz(  4)=1.003615e-01, rnorm= 1.8260e-03
#5 converged in 12 steps, ritz(  5)=1.000849e-01, rnorm= 1.3109e-03
#converged eig=5,  #wanted eig=5,  #iter=12, kinner=2, kouter=0
 info of the eigenproblem and solver parameters :  dim=5000000
 polym=5,  blk=5,  vomax=35,  vimax=30,  n=29, augment=1, tol=1.00e-03
 ORTH-cpu=5.4296e+02, ORTH-flops=25175000000,  ORTH-flops/dim=5.0350e+03
 mat-vect-cpu=1.7897e+03  #mat-vect-prod=365,  mat-vec-cpu/#mvprod=4.9032e+00
 filt_MVcpu=1.4465e+03, filt_non_mv_cpu=5.7060e+01, refinement_cpu=1.0244e+02
 CPU%: MV=66.55%(filt_MV=53.79%), ORTH=20.19%, refinement=3.81%
       other=9.45% (filt_nonMV=2.12%, Hn_cpu=1.57%, conv_cpu=0.21%)
 TOTAL CPU seconds = 2.689320e+03
results from bchdav(L, 1 init): 
running time 2195.8425 
#iteration:         12 
computed eigenvalues: -0.000000 
computed eigenvalues: 0.000078 
computed eigenvalues: 0.000085 
computed eigenvalues: 0.000115 
computed eigenvalues: 0.000361 
eigV error: 1.4551e-02 
--------------------------------------------
#1 converged in 1 steps, ritz(  1)=1.000000e-01, rnorm= 4.2926e-05
#2 converged in 6 steps, ritz(  2)=1.000731e-01, rnorm= 1.4619e-03
#3 converged in 6 steps, ritz(  3)=1.001091e-01, rnorm= 1.7358e-03
#4 converged in 6 steps, ritz(  4)=1.003523e-01, rnorm= 1.7570e-03
#5 converged in 12 steps, ritz(  5)=1.001275e-01, rnorm= 1.6435e-03
#converged eig=5,  #wanted eig=5,  #iter=12, kinner=3, kouter=0
 info of the eigenproblem and solver parameters :  dim=5000000
 polym=5,  blk=5,  vomax=35,  vimax=30,  n=19, augment=1, tol=1.00e-03
 ORTH-cpu=5.5339e+02, ORTH-flops=24205000000,  ORTH-flops/dim=4.8410e+03
 mat-vect-cpu=1.8086e+03  #mat-vect-prod=365,  mat-vec-cpu/#mvprod=4.9550e+00
 filt_MVcpu=1.4586e+03, filt_non_mv_cpu=6.3320e+01, refinement_cpu=9.5750e+01
 CPU%: MV=66.59%(filt_MV=53.70%), ORTH=20.37%, refinement=3.53%
       other=9.51% (filt_nonMV=2.33%, Hn_cpu=1.49%, conv_cpu=0.20%)
 TOTAL CPU seconds = 2.716040e+03
results from bchdav(L, 2 init): 
running time 2212.3170 
#iteration:         12 
computed eigenvalues: 0.000000 
computed eigenvalues: 0.000073 
computed eigenvalues: 0.000109 
computed eigenvalues: 0.000127 
computed eigenvalues: 0.000352 
eigV error: 1.4772e-02 
