
                            < M A T L A B (R) >
                  Copyright 1984-2021 The MathWorks, Inc.
             R2021a Update 3 (9.10.0.1684407) 64-bit (glnxa64)
                                May 27, 2021

 
To get started, type doc.
For product information, visit www.mathworks.com.
 

sizes =

      500000     1000000     5000000


kwant =

     3


what = 

    "pos"


tau =

   1.0000e-03


itermax =

   200


stepsize =

    0.1000


w =

    0.1000


alpha =

    0.9000



========================= #samples =     500000 ============================
nonzeros rate:     0.0001 
# 1 converged in 4 steps, ritz(  1)=1.000549e-01, rnorm= 1.1298e-03
# 2 converged in 15 steps, ritz(  2)=1.005292e-01, rnorm= 1.1937e-03
# 3 converged in 19 steps, ritz(  3)=1.017462e-01, rnorm= 1.0912e-03
 parameters used for the calculation:
 polym=9,  vmax=20, tol=1.000000e-03
 nconv=3,  #mat-vect-prod=20,  #iter=19


--------------------------------------------
results from chdav: 
running time 45.3979 
#iteration:         19 
computed eigenvalues: 0.100055 
computed eigenvalues: 0.100529 
computed eigenvalues: 0.101746 
eigV error: 1.2113e-02 
--------------------------------------------
results from CoD: 
running time 1828.5539 
#iteration:  100000000 =   200 *     500000 
computed eigenvalues: 0.100183 
computed eigenvalues: 0.100300 
computed eigenvalues: 0.100284 
eigV error: 1.4596e-02 
--------------------------------------------
results from eigs: 
running time 37.1087 
computed eigenvalues: 0.100000 
computed eigenvalues: 0.100002 
computed eigenvalues: 0.100158 
eigV error: 8.8288e-04 


========================= #samples =    1000000 ============================
