
                            < M A T L A B (R) >
                  Copyright 1984-2021 The MathWorks, Inc.
             R2021a Update 3 (9.10.0.1684407) 64-bit (glnxa64)
                                May 27, 2021

 
To get started, type doc.
For product information, visit www.mathworks.com.
 

sizes =

  Columns 1 through 6

        1000        5000       10000       50000      100000      500000

  Columns 7 through 10

     1000000     2000000     3000000     4000000


kwant =

     4


what = 

    "abs"


tau =

   1.0000e-03


itermax =

        3000


stepsize =

    0.0200


w =

     1


alpha =

    0.9000


inits =

     1



========================= #samples =       1000 ============================
# 1 converged in 4 steps, ritz(  1)=1.000000e-01, rnorm= 4.8831e-08
# 2 converged in 8 steps, ritz(  2)=1.000000e-01, rnorm= 2.5369e-10
# 3 converged in 9 steps, ritz(  3)=9.750799e-01, rnorm= 1.6982e-08
# 4 converged in 11 steps, ritz(  4)=1.000000e-01, rnorm= 1.0139e-06
 parameters used for the calculation:
 polym=9,  vmax=50, tol=1.000000e-06
 nconv=4,  #mat-vect-prod=50,  #iter=11
--------------------------------------------
results from chdav: 
running time 0.6522 
#iteration:         11 
computed eigenvalues: -0.000000 
computed eigenvalues: 0.000000 
computed eigenvalues: 0.000000 
computed eigenvalues: 0.875080 
eigV error: 1.0251e-06 
--------------------------------------------
results from CoD(sq, init): 
running time 0.0826 
#iteration:     105000 =   100 *       1050 
computed eigenvalues: 0.000000 
computed eigenvalues: 0.000000 
computed eigenvalues: 0.000000 
computed eigenvalues: 0.000000 
eigV error: 6.0208e-09 
--------------------------------------------
results from CoD(sq): 
running time 0.0077 
#iteration:      52500 =    50 *       1050 
computed eigenvalues: 0.000000 
computed eigenvalues: 0.000000 
computed eigenvalues: 0.000000 
computed eigenvalues: 0.000000 
eigV error: 4.4063e-04 
# 1 converged in 4 steps, ritz(  1)=1.000000e-01, rnorm= 4.6812e-08
# 2 converged in 8 steps, ritz(  2)=1.000000e-01, rnorm= 9.7651e-11
# 3 converged in 9 steps, ritz(  3)=9.991896e-01, rnorm= 3.1763e-08
# 4 converged in 11 steps, ritz(  4)=1.000000e-01, rnorm= 2.3752e-07
 parameters used for the calculation:
 polym=9,  vmax=50, tol=1.000000e-06
 nconv=4,  #mat-vect-prod=50,  #iter=11
--------------------------------------------
results from chdav: 
running time 0.0339 
#iteration:         11 
computed eigenvalues: 0.000000 
computed eigenvalues: 0.000000 
computed eigenvalues: 0.000000 
computed eigenvalues: 0.899190 
eigV error: 2.4078e-07 


========================= #samples =       5000 ============================
# 1 converged in 4 steps, ritz(  1)=1.000000e-01, rnorm= 4.5777e-08
# 2 converged in 8 steps, ritz(  2)=1.000000e-01, rnorm= 1.6772e-10
# 3 converged in 8 steps, ritz(  3)=7.306448e-01, rnorm= 1.4000e-08
# 4 converged in 12 steps, ritz(  4)=1.000000e-01, rnorm= 1.4473e-08
 parameters used for the calculation:
 polym=9,  vmax=50, tol=1.000000e-06
 nconv=4,  #mat-vect-prod=50,  #iter=12
--------------------------------------------
results from chdav: 
running time 0.0750 
#iteration:         12 
computed eigenvalues: -0.000000 
computed eigenvalues: 0.000000 
computed eigenvalues: 0.000000 
computed eigenvalues: 0.630645 
eigV error: 6.6601e-08 
--------------------------------------------
results from CoD(sq, init): 
running time 0.1188 
#iteration:     505000 =   100 *       5050 
computed eigenvalues: -0.000000 
computed eigenvalues: -0.000000 
computed eigenvalues: 0.000000 
computed eigenvalues: 0.000000 
eigV error: 8.0984e-06 
--------------------------------------------
results from CoD(sq): 
running time 0.0767 
#iteration:     252500 =    50 *       5050 
computed eigenvalues: 0.000000 
computed eigenvalues: 0.000000 
computed eigenvalues: 0.000000 
computed eigenvalues: 0.000000 
eigV error: 8.6385e-04 
# 1 converged in 4 steps, ritz(  1)=1.000000e-01, rnorm= 1.6567e-08
# 2 converged in 8 steps, ritz(  2)=1.000000e-01, rnorm= 5.4773e-10
# 3 converged in 8 steps, ritz(  3)=7.306448e-01, rnorm= 3.6757e-09
# 4 converged in 12 steps, ritz(  4)=1.000000e-01, rnorm= 2.0057e-08
 parameters used for the calculation:
 polym=9,  vmax=50, tol=1.000000e-06
 nconv=4,  #mat-vect-prod=50,  #iter=12
--------------------------------------------
results from chdav: 
running time 0.0660 
#iteration:         12 
computed eigenvalues: -0.000000 
computed eigenvalues: -0.000000 
computed eigenvalues: 0.000000 
computed eigenvalues: 0.630645 
eigV error: 3.4996e-08 


========================= #samples =      10000 ============================
# 1 converged in 4 steps, ritz(  1)=1.000000e-01, rnorm= 5.1291e-08
# 2 converged in 9 steps, ritz(  2)=1.000000e-01, rnorm= 2.0275e-09
# 3 converged in 9 steps, ritz(  3)=5.669944e-01, rnorm= 1.2780e-08
# 4 converged in 10 steps, ritz(  4)=7.065660e-01, rnorm= 4.7797e-09
 parameters used for the calculation:
 polym=9,  vmax=50, tol=1.000000e-06
 nconv=4,  #mat-vect-prod=50,  #iter=10
--------------------------------------------
results from chdav: 
running time 0.1648 
#iteration:         10 
computed eigenvalues: 0.000000 
computed eigenvalues: 0.000000 
computed eigenvalues: 0.466994 
computed eigenvalues: 0.606566 
eigV error: 5.7927e-08 
--------------------------------------------
results from CoD(sq, init): 
running time 0.2615 
#iteration:    1005000 =   100 *      10050 
computed eigenvalues: 0.000000 
computed eigenvalues: 0.000000 
computed eigenvalues: 0.000000 
computed eigenvalues: 0.000000 
eigV error: 6.3587e-04 
--------------------------------------------
results from CoD(sq): 
running time 0.2237 
#iteration:    1005000 =   100 *      10050 
computed eigenvalues: 0.000000 
computed eigenvalues: 0.000000 
computed eigenvalues: 0.000000 
computed eigenvalues: 0.000000 
eigV error: 9.3615e-06 
# 1 converged in 4 steps, ritz(  1)=1.000000e-01, rnorm= 6.2558e-07
# 2 converged in 9 steps, ritz(  2)=1.000000e-01, rnorm= 7.1904e-10
# 3 converged in 9 steps, ritz(  3)=5.669944e-01, rnorm= 1.6005e-08
# 4 converged in 10 steps, ritz(  4)=7.065660e-01, rnorm= 4.5516e-08
 parameters used for the calculation:
 polym=9,  vmax=50, tol=1.000000e-06
 nconv=4,  #mat-vect-prod=50,  #iter=10
--------------------------------------------
results from chdav: 
running time 0.1069 
#iteration:         10 
computed eigenvalues: 0.000000 
computed eigenvalues: 0.000000 
computed eigenvalues: 0.466994 
computed eigenvalues: 0.606566 
eigV error: 6.8430e-07 


========================= #samples =      50000 ============================
# 1 converged in 10 steps, ritz(  1)=1.000000e-01, rnorm= 2.5683e-07
# 2 converged in 11 steps, ritz(  2)=1.003012e-01, rnorm= 6.9391e-07
# 3 converged in 12 steps, ritz(  3)=1.039431e-01, rnorm= 5.1504e-07
# 4 converged in 23 steps, ritz(  4)=1.000000e-01, rnorm= 2.1567e-07
 parameters used for the calculation:
 polym=9,  vmax=50, tol=1.000000e-06
 nconv=4,  #mat-vect-prod=50,  #iter=23
--------------------------------------------
results from chdav: 
running time 2.1516 
#iteration:         23 
computed eigenvalues: 0.000000 
computed eigenvalues: 0.000000 
computed eigenvalues: 0.000301 
computed eigenvalues: 0.003943 
eigV error: 4.5855e-06 
--------------------------------------------
results from CoD(sq, init): 
running time 75.1125 
#iteration:  150150000 =  3000 *      50050 
computed eigenvalues: -0.000000 
computed eigenvalues: 0.000000 
computed eigenvalues: 0.000284 
computed eigenvalues: 0.001440 
eigV error: 9.4470e-03 
--------------------------------------------
results from CoD(sq): 
running time 7.2027 
#iteration:   12512500 =   250 *      50050 
computed eigenvalues: 0.000000 
computed eigenvalues: 0.000000 
computed eigenvalues: 0.000000 
computed eigenvalues: 0.000004 
eigV error: 7.9517e-04 
# 1 converged in 10 steps, ritz(  1)=1.000000e-01, rnorm= 3.3081e-07
# 2 converged in 11 steps, ritz(  2)=1.003012e-01, rnorm= 7.3047e-07
# 3 converged in 12 steps, ritz(  3)=1.039431e-01, rnorm= 6.1853e-07
# 4 converged in 22 steps, ritz(  4)=1.000000e-01, rnorm= 8.5441e-07
 parameters used for the calculation:
 polym=9,  vmax=50, tol=1.000000e-06
 nconv=4,  #mat-vect-prod=50,  #iter=22
--------------------------------------------
results from chdav: 
running time 1.8840 
#iteration:         22 
computed eigenvalues: 0.000000 
computed eigenvalues: 0.000000 
computed eigenvalues: 0.000301 
computed eigenvalues: 0.003943 
eigV error: 6.5545e-06 


========================= #samples =     100000 ============================
# 1 converged in 24 steps, ritz(  1)=1.000000e-01, rnorm= 5.0336e-07
# 2 converged in 31 steps, ritz(  2)=1.002472e-01, rnorm= 2.9473e-07
# 3 converged in 33 steps, ritz(  3)=1.013963e-01, rnorm= 2.3686e-07
# 4 converged in 36 steps, ritz(  4)=1.025824e-01, rnorm= 1.7710e-07
 parameters used for the calculation:
 polym=9,  vmax=50, tol=1.000000e-06
 nconv=4,  #mat-vect-prod=50,  #iter=36
--------------------------------------------
results from chdav: 
running time 9.9286 
#iteration:         36 
computed eigenvalues: 0.000000 
computed eigenvalues: 0.000247 
computed eigenvalues: 0.001396 
computed eigenvalues: 0.002582 
eigV error: 3.2356e-06 
--------------------------------------------
results from CoD(sq, init): 
running time 170.5930 
#iteration:  300150000 =  3000 *     100050 
computed eigenvalues: 0.000000 
computed eigenvalues: 0.000230 
computed eigenvalues: 0.000860 
computed eigenvalues: 0.001234 
eigV error: 7.0929e-03 
--------------------------------------------
results from CoD(sq): 
running time 34.6486 
#iteration:   60030000 =   600 *     100050 
computed eigenvalues: 0.000000 
computed eigenvalues: 0.000001 
computed eigenvalues: 0.000003 
computed eigenvalues: 0.000003 
eigV error: 9.9964e-04 
# 1 converged in 24 steps, ritz(  1)=1.000000e-01, rnorm= 1.1321e-06
# 2 converged in 31 steps, ritz(  2)=1.002472e-01, rnorm= 2.3831e-07
# 3 converged in 33 steps, ritz(  3)=1.013963e-01, rnorm= 1.4788e-07
# 4 converged in 35 steps, ritz(  4)=1.025824e-01, rnorm= 3.3901e-07
 parameters used for the calculation:
 polym=9,  vmax=50, tol=1.000000e-06
 nconv=4,  #mat-vect-prod=50,  #iter=35
--------------------------------------------
results from chdav: 
running time 12.0960 
#iteration:         35 
computed eigenvalues: 0.000000 
computed eigenvalues: 0.000247 
computed eigenvalues: 0.001396 
computed eigenvalues: 0.002582 
eigV error: 6.0091e-06 


========================= #samples =     500000 ============================
# 1 converged in 69 steps, ritz(  1)=1.000000e-01, rnorm= 1.0828e-06
# 2 converged in 283 steps, ritz(  2)=1.000009e-01, rnorm= 9.3635e-07
# 3 converged in 287 steps, ritz(  3)=1.000041e-01, rnorm= 8.7263e-07
# 4 converged in 288 steps, ritz(  4)=1.000082e-01, rnorm= 4.4985e-07
 parameters used for the calculation:
 polym=9,  vmax=50, tol=1.000000e-06
 nconv=4,  #mat-vect-prod=50,  #iter=288
--------------------------------------------
results from chdav: 
running time 834.7678 
#iteration:        288 
computed eigenvalues: 0.000000 
computed eigenvalues: 0.000001 
computed eigenvalues: 0.000004 
computed eigenvalues: 0.000008 
eigV error: 8.6789e-06 
--------------------------------------------
results from CoD(sq, init): 
running time 361.6096 
#iteration:  275027500 =   550 *     500050 
computed eigenvalues: 0.000001 
computed eigenvalues: 0.000001 
computed eigenvalues: 0.000005 
computed eigenvalues: 0.000009 
eigV error: 9.6983e-04 
--------------------------------------------
results from CoD(sq): 
running time 1678.9721 
#iteration: 1500150000 =  3000 *     500050 
computed eigenvalues: 0.000008 
computed eigenvalues: 0.000009 
computed eigenvalues: 0.000012 
computed eigenvalues: 0.000071 
eigV error: 1.3086e-03 
# 1 converged in 69 steps, ritz(  1)=1.000000e-01, rnorm= 1.0657e-06
# 2 converged in 283 steps, ritz(  2)=1.000009e-01, rnorm= 1.2216e-06
# 3 converged in 284 steps, ritz(  3)=1.000041e-01, rnorm= 7.8470e-07
# 4 converged in 285 steps, ritz(  4)=1.000082e-01, rnorm= 5.3560e-07
 parameters used for the calculation:
 polym=9,  vmax=50, tol=1.000000e-06
 nconv=4,  #mat-vect-prod=50,  #iter=285
--------------------------------------------
results from chdav: 
running time 608.3510 
#iteration:        285 
computed eigenvalues: 0.000000 
computed eigenvalues: 0.000001 
computed eigenvalues: 0.000004 
computed eigenvalues: 0.000008 
eigV error: 9.3947e-06 


========================= #samples =    1000000 ============================
# 1 converged in 88 steps, ritz(  1)=1.000000e-01, rnorm= 1.2383e-06
# 2 converged in 118 steps, ritz(  2)=1.000053e-01, rnorm= 1.0066e-06
# 3 converged in 127 steps, ritz(  3)=1.000198e-01, rnorm= 1.1518e-06
# 4 converged in 132 steps, ritz(  4)=1.000761e-01, rnorm= 1.2568e-06
 parameters used for the calculation:
 polym=9,  vmax=50, tol=1.000000e-06
 nconv=4,  #mat-vect-prod=50,  #iter=132
--------------------------------------------
results from chdav: 
running time 763.7090 
#iteration:        132 
computed eigenvalues: 0.000000 
computed eigenvalues: 0.000005 
computed eigenvalues: 0.000020 
computed eigenvalues: 0.000076 
eigV error: 1.1673e-05 
--------------------------------------------
results from CoD(sq, init): 
running time 716.1607 
#iteration:  450022500 =   450 *    1000050 
computed eigenvalues: 0.000001 
computed eigenvalues: 0.000005 
computed eigenvalues: 0.000020 
computed eigenvalues: 0.000076 
eigV error: 8.7118e-04 
--------------------------------------------
results from CoD(sq): 
running time 4660.8517 
#iteration: 3000150000 =  3000 *    1000050 
computed eigenvalues: 0.000015 
computed eigenvalues: 0.000019 
computed eigenvalues: 0.000020 
computed eigenvalues: 0.000095 
eigV error: 1.8626e-03 
# 1 converged in 88 steps, ritz(  1)=1.000000e-01, rnorm= 1.2347e-06
# 2 converged in 118 steps, ritz(  2)=1.000053e-01, rnorm= 9.0150e-07
# 3 converged in 127 steps, ritz(  3)=1.000198e-01, rnorm= 1.2253e-06
# 4 converged in 133 steps, ritz(  4)=1.000761e-01, rnorm= 7.2705e-07
 parameters used for the calculation:
 polym=9,  vmax=50, tol=1.000000e-06
 nconv=4,  #mat-vect-prod=50,  #iter=133
--------------------------------------------
results from chdav: 
running time 770.8575 
#iteration:        133 
computed eigenvalues: 0.000000 
computed eigenvalues: 0.000005 
computed eigenvalues: 0.000020 
computed eigenvalues: 0.000076 
eigV error: 1.0446e-05 


========================= #samples =    2000000 ============================
# 1 converged in 75 steps, ritz(  1)=1.000000e-01, rnorm= 1.1789e-06
# 2 converged in 86 steps, ritz(  2)=1.000048e-01, rnorm= 1.2524e-06
# 3 converged in 87 steps, ritz(  3)=1.000768e-01, rnorm= 8.2041e-07
# 4 converged in 109 steps, ritz(  4)=1.000068e-01, rnorm= 8.2904e-07
 parameters used for the calculation:
 polym=9,  vmax=50, tol=1.000000e-06
 nconv=4,  #mat-vect-prod=50,  #iter=109
--------------------------------------------
results from chdav: 
running time 1941.0337 
#iteration:        109 
computed eigenvalues: 0.000000 
computed eigenvalues: 0.000005 
computed eigenvalues: 0.000007 
computed eigenvalues: 0.000077 
eigV error: 1.0388e-05 
--------------------------------------------
results from CoD(sq, init): 
running time 1234.3240 
#iteration:  600015000 =   300 *    2000050 
computed eigenvalues: 0.000000 
computed eigenvalues: 0.000005 
computed eigenvalues: 0.000007 
computed eigenvalues: 0.000077 
eigV error: 8.9722e-04 
--------------------------------------------
results from CoD(sq): 
running time 11926.4001 
#iteration: 6000150000 =  3000 *    2000050 
computed eigenvalues: 0.000006 
computed eigenvalues: 0.000015 
computed eigenvalues: 0.000025 
computed eigenvalues: 0.000092 
eigV error: 1.5214e-03 
# 1 converged in 75 steps, ritz(  1)=1.000000e-01, rnorm= 1.1014e-06
# 2 converged in 79 steps, ritz(  2)=1.000048e-01, rnorm= 1.1003e-06
# 3 converged in 80 steps, ritz(  3)=1.000768e-01, rnorm= 9.4422e-07
# 4 converged in 81 steps, ritz(  4)=1.001502e-01, rnorm= 8.6933e-07
 parameters used for the calculation:
 polym=9,  vmax=50, tol=1.000000e-06
 nconv=4,  #mat-vect-prod=50,  #iter=81
--------------------------------------------
results from chdav: 
running time 1125.7268 
#iteration:         81 
computed eigenvalues: 0.000000 
computed eigenvalues: 0.000005 
computed eigenvalues: 0.000077 
computed eigenvalues: 0.000150 
eigV error: 1.0083e-05 


========================= #samples =    3000000 ============================
# 1 converged in 47 steps, ritz(  1)=1.000000e-01, rnorm= 8.0976e-07
# 2 converged in 57 steps, ritz(  2)=1.000626e-01, rnorm= 9.3287e-07
# 3 converged in 58 steps, ritz(  3)=1.001270e-01, rnorm= 1.0359e-06
# 4 converged in 78 steps, ritz(  4)=1.000000e-01, rnorm= 9.5424e-07
 parameters used for the calculation:
 polym=9,  vmax=50, tol=1.000000e-06
 nconv=4,  #mat-vect-prod=50,  #iter=78
--------------------------------------------
results from chdav: 
running time 2364.4544 
#iteration:         78 
computed eigenvalues: 0.000000 
computed eigenvalues: 0.000000 
computed eigenvalues: 0.000063 
computed eigenvalues: 0.000127 
eigV error: 9.3627e-06 
--------------------------------------------
results from CoD(sq, init): 
running time 2405.8281 
#iteration: 1050017500 =   350 *    3000050 
computed eigenvalues: 0.000000 
computed eigenvalues: 0.000000 
computed eigenvalues: 0.000063 
computed eigenvalues: 0.000127 
eigV error: 7.7655e-04 
--------------------------------------------
results from CoD(sq): 
running time 21949.5449 
#iteration: 9000150000 =  3000 *    3000050 
computed eigenvalues: 0.000006 
computed eigenvalues: 0.000009 
computed eigenvalues: 0.000011 
computed eigenvalues: 0.000089 
eigV error: 1.1096e-03 
# 1 converged in 47 steps, ritz(  1)=1.000000e-01, rnorm= 8.0754e-07
# 2 converged in 57 steps, ritz(  2)=1.000626e-01, rnorm= 1.0092e-06
# 3 converged in 58 steps, ritz(  3)=1.001270e-01, rnorm= 9.8417e-07
# 4 converged in 60 steps, ritz(  4)=1.002750e-01, rnorm= 1.2574e-06
 parameters used for the calculation:
 polym=9,  vmax=50, tol=1.000000e-06
 nconv=4,  #mat-vect-prod=50,  #iter=60
--------------------------------------------
results from chdav: 
running time 2367.9390 
#iteration:         60 
computed eigenvalues: 0.000000 
computed eigenvalues: 0.000063 
computed eigenvalues: 0.000127 
computed eigenvalues: 0.000275 
eigV error: 1.0260e-05 


========================= #samples =    4000000 ============================
# 1 converged in 96 steps, ritz(  1)=1.000000e-01, rnorm= 1.1823e-06
# 2 converged in 184 steps, ritz(  2)=1.000003e-01, rnorm= 1.2146e-06
# 3 converged in 184 steps, ritz(  3)=1.000016e-01, rnorm= 1.1838e-06
# 4 converged in 249 steps, ritz(  4)=1.000001e-01, rnorm= 1.1017e-06
 parameters used for the calculation:
 polym=9,  vmax=50, tol=1.000000e-06
 nconv=4,  #mat-vect-prod=50,  #iter=249
--------------------------------------------
results from chdav: 
running time 12166.9548 
#iteration:        249 
computed eigenvalues: 0.000000 
computed eigenvalues: 0.000000 
computed eigenvalues: 0.000000 
computed eigenvalues: 0.000002 
eigV error: 1.1713e-05 
--------------------------------------------
results from CoD(sq, init): 
running time 2476.1263 
#iteration: 1000012500 =   250 *    4000050 
computed eigenvalues: 0.000000 
computed eigenvalues: 0.000000 
computed eigenvalues: 0.000001 
computed eigenvalues: 0.000002 
eigV error: 9.7819e-04 
--------------------------------------------
results from CoD(sq): 
running time 28889.9441 
#iteration: 12000150000 =  3000 *    4000050 
computed eigenvalues: 0.000008 
computed eigenvalues: 0.000012 
computed eigenvalues: 0.000019 
computed eigenvalues: 0.000252 
eigV error: 1.8399e-03 
# 1 converged in 113 steps, ritz(  1)=1.000000e-01, rnorm= 1.0758e-06
# 2 converged in 174 steps, ritz(  2)=1.000003e-01, rnorm= 8.8384e-07
# 3 converged in 174 steps, ritz(  3)=1.000017e-01, rnorm= 7.2424e-07
# 4 converged in 233 steps, ritz(  4)=1.000001e-01, rnorm= 1.0044e-06
 parameters used for the calculation:
 polym=9,  vmax=50, tol=1.000000e-06
 nconv=4,  #mat-vect-prod=50,  #iter=233
--------------------------------------------
results from chdav: 
running time 9631.9446 
#iteration:        233 
computed eigenvalues: 0.000000 
computed eigenvalues: 0.000000 
computed eigenvalues: 0.000000 
computed eigenvalues: 0.000002 
eigV error: 9.3163e-06 
