
                            < M A T L A B (R) >
                  Copyright 1984-2021 The MathWorks, Inc.
             R2021a Update 3 (9.10.0.1684407) 64-bit (glnxa64)
                                May 27, 2021

 
To get started, type doc.
For product information, visit www.mathworks.com.
 

sizes =

  Columns 1 through 6

        1000        5000       10000       50000      100000      500000

  Columns 7 through 10

     1000000     2000000     3000000     4000000


kwant =

     4


what = 

    "pos"


tau =

   1.0000e-06


itermax =

        3000


stepsize =

    0.0200


w =

     1


alpha =

    0.9000


inits =

     2



========================= #samples =       1000 ============================
# 1 converged in 4 steps, ritz(  1)=1.000000e-01, rnorm= 2.4244e-08
# 2 converged in 8 steps, ritz(  2)=1.000000e-01, rnorm= 3.5617e-11
# 3 converged in 8 steps, ritz(  3)=9.778454e-01, rnorm= 4.3358e-07
# 4 converged in 12 steps, ritz(  4)=1.000000e-01, rnorm= 1.9850e-12
 parameters used for the calculation:
 polym=9,  vmax=50, tol=1.000000e-06
 nconv=4,  #mat-vect-prod=50,  #iter=12
--------------------------------------------
results from chdav: 
running time 0.4708 
#iteration:         12 
computed eigenvalues: 0.000000 
computed eigenvalues: 0.000000 
computed eigenvalues: 0.000000 
computed eigenvalues: 0.877845 
eigV error: 4.3729e-07 
# 1 converged in 4 steps, ritz(  1)=1.000000e-01, rnorm= 2.5848e-08
# 2 converged in 7 steps, ritz(  2)=1.000000e-01, rnorm= 1.0095e-06
# 3 converged in 9 steps, ritz(  3)=1.004516e+00, rnorm= 4.3731e-07
# 4 converged in 11 steps, ritz(  4)=1.000000e-01, rnorm= 4.3361e-07
 parameters used for the calculation:
 polym=9,  vmax=20, tol=1.000000e-06
 nconv=4,  #mat-vect-prod=20,  #iter=11
--------------------------------------------
results from chdav(init): 
running time 0.0278 
#iteration:         11 
computed eigenvalues: 0.000000 
computed eigenvalues: 0.000000 
computed eigenvalues: 0.000000 
computed eigenvalues: 0.904516 
eigV error: 1.1603e-06 
# 1 converged in 4 steps, ritz(  1)=1.000000e-01, rnorm= 2.3995e-08
# 2 converged in 8 steps, ritz(  2)=1.000000e-01, rnorm= 2.0707e-12
# 3 converged in 9 steps, ritz(  3)=1.004516e+00, rnorm= 6.6172e-07
# 4 converged in 11 steps, ritz(  4)=1.000000e-01, rnorm= 4.7868e-08
 parameters used for the calculation:
 polym=9,  vmax=50, tol=1.000000e-06
 nconv=4,  #mat-vect-prod=50,  #iter=11
--------------------------------------------
results from chdav: 
running time 0.0134 
#iteration:         11 
computed eigenvalues: 0.000000 
computed eigenvalues: 0.000000 
computed eigenvalues: 0.000000 
computed eigenvalues: 0.904516 
eigV error: 6.5129e-07 


========================= #samples =       5000 ============================
# 1 converged in 4 steps, ritz(  1)=1.000000e-01, rnorm= 3.0312e-08
# 2 converged in 8 steps, ritz(  2)=1.000000e-01, rnorm= 6.5697e-09
# 3 converged in 8 steps, ritz(  3)=7.306448e-01, rnorm= 9.0501e-09
# 4 converged in 12 steps, ritz(  4)=1.000000e-01, rnorm= 1.6259e-11
 parameters used for the calculation:
 polym=9,  vmax=50, tol=1.000000e-06
 nconv=4,  #mat-vect-prod=50,  #iter=12
--------------------------------------------
results from chdav: 
running time 0.0464 
#iteration:         12 
computed eigenvalues: -0.000000 
computed eigenvalues: -0.000000 
computed eigenvalues: 0.000000 
computed eigenvalues: 0.630645 
eigV error: 4.3028e-08 
# 1 converged in 4 steps, ritz(  1)=1.000000e-01, rnorm= 8.4496e-09
# 2 converged in 8 steps, ritz(  2)=1.000000e-01, rnorm= 3.8424e-10
# 3 converged in 8 steps, ritz(  3)=7.306448e-01, rnorm= 4.3771e-10
# 4 converged in 11 steps, ritz(  4)=1.000000e-01, rnorm= 7.5472e-08
 parameters used for the calculation:
 polym=9,  vmax=20, tol=1.000000e-06
 nconv=4,  #mat-vect-prod=20,  #iter=11
--------------------------------------------
results from chdav(init): 
running time 0.0595 
#iteration:         11 
computed eigenvalues: -0.000000 
computed eigenvalues: -0.000000 
computed eigenvalues: 0.000000 
computed eigenvalues: 0.630645 
eigV error: 1.0114e-07 
# 1 converged in 4 steps, ritz(  1)=1.000000e-01, rnorm= 4.3897e-08
# 2 converged in 8 steps, ritz(  2)=1.000000e-01, rnorm= 1.0312e-08
# 3 converged in 8 steps, ritz(  3)=7.306448e-01, rnorm= 1.2801e-08
# 4 converged in 12 steps, ritz(  4)=1.000000e-01, rnorm= 7.6306e-11
 parameters used for the calculation:
 polym=9,  vmax=50, tol=1.000000e-06
 nconv=4,  #mat-vect-prod=50,  #iter=12
--------------------------------------------
results from chdav: 
running time 0.0399 
#iteration:         12 
computed eigenvalues: -0.000000 
computed eigenvalues: -0.000000 
computed eigenvalues: 0.000000 
computed eigenvalues: 0.630645 
eigV error: 6.2425e-08 


========================= #samples =      10000 ============================
# 1 converged in 4 steps, ritz(  1)=1.000000e-01, rnorm= 1.6249e-08
# 2 converged in 9 steps, ritz(  2)=1.000000e-01, rnorm= 4.9120e-11
# 3 converged in 9 steps, ritz(  3)=5.669944e-01, rnorm= 9.4891e-09
# 4 converged in 10 steps, ritz(  4)=7.065660e-01, rnorm= 5.6599e-09
 parameters used for the calculation:
 polym=9,  vmax=50, tol=1.000000e-06
 nconv=4,  #mat-vect-prod=50,  #iter=10
--------------------------------------------
results from chdav: 
running time 0.0688 
#iteration:         10 
computed eigenvalues: -0.000000 
computed eigenvalues: 0.000000 
computed eigenvalues: 0.466994 
computed eigenvalues: 0.606566 
eigV error: 2.1430e-08 
# 1 converged in 4 steps, ritz(  1)=1.000000e-01, rnorm= 1.1844e-07
# 2 converged in 9 steps, ritz(  2)=1.000000e-01, rnorm= 2.5293e-10
# 3 converged in 9 steps, ritz(  3)=5.669944e-01, rnorm= 6.9218e-09
# 4 converged in 10 steps, ritz(  4)=7.065660e-01, rnorm= 8.9761e-08
 parameters used for the calculation:
 polym=9,  vmax=20, tol=1.000000e-06
 nconv=4,  #mat-vect-prod=20,  #iter=10
--------------------------------------------
results from chdav(init): 
running time 0.0882 
#iteration:         10 
computed eigenvalues: -0.000000 
computed eigenvalues: 0.000000 
computed eigenvalues: 0.466994 
computed eigenvalues: 0.606566 
eigV error: 1.6225e-07 
# 1 converged in 4 steps, ritz(  1)=1.000000e-01, rnorm= 6.8873e-08
# 2 converged in 9 steps, ritz(  2)=1.000000e-01, rnorm= 1.3850e-11
# 3 converged in 9 steps, ritz(  3)=5.669944e-01, rnorm= 9.9151e-09
# 4 converged in 11 steps, ritz(  4)=7.065660e-01, rnorm= 3.0923e-08
 parameters used for the calculation:
 polym=9,  vmax=50, tol=1.000000e-06
 nconv=4,  #mat-vect-prod=50,  #iter=11
--------------------------------------------
results from chdav: 
running time 0.0904 
#iteration:         11 
computed eigenvalues: 0.000000 
computed eigenvalues: 0.000000 
computed eigenvalues: 0.466994 
computed eigenvalues: 0.606566 
eigV error: 8.3045e-08 


========================= #samples =      50000 ============================
# 1 converged in 6 steps, ritz(  1)=1.000000e-01, rnorm= 1.5720e-07
# 2 converged in 16 steps, ritz(  2)=1.000000e-01, rnorm= 2.8026e-07
# 3 converged in 16 steps, ritz(  3)=1.822509e-01, rnorm= 2.4975e-07
# 4 converged in 26 steps, ritz(  4)=1.000000e-01, rnorm= 7.8314e-08
 parameters used for the calculation:
 polym=9,  vmax=50, tol=1.000000e-06
 nconv=4,  #mat-vect-prod=50,  #iter=26
--------------------------------------------
results from chdav: 
running time 1.4512 
#iteration:         26 
computed eigenvalues: 0.000000 
computed eigenvalues: 0.000000 
computed eigenvalues: 0.000000 
computed eigenvalues: 0.082251 
eigV error: 1.6484e-06 
# 1 converged in 5 steps, ritz(  1)=1.000000e-01, rnorm= 1.2546e-06
# 2 converged in 18 steps, ritz(  2)=1.000000e-01, rnorm= 3.7782e-08
# 3 converged in 18 steps, ritz(  3)=1.822509e-01, rnorm= 7.8060e-07
# 4 converged in 22 steps, ritz(  4)=1.997087e-01, rnorm= 5.8727e-07
 parameters used for the calculation:
 polym=9,  vmax=20, tol=1.000000e-06
 nconv=4,  #mat-vect-prod=20,  #iter=22
--------------------------------------------
results from chdav(init): 
running time 1.1618 
#iteration:         22 
computed eigenvalues: 0.000000 
computed eigenvalues: 0.000000 
computed eigenvalues: 0.082251 
computed eigenvalues: 0.099709 
eigV error: 5.2126e-06 
# 1 converged in 6 steps, ritz(  1)=1.000000e-01, rnorm= 1.7256e-07
# 2 converged in 16 steps, ritz(  2)=1.000000e-01, rnorm= 3.7798e-07
# 3 converged in 16 steps, ritz(  3)=1.822509e-01, rnorm= 2.3634e-07
# 4 converged in 22 steps, ritz(  4)=1.997087e-01, rnorm= 9.3125e-07
 parameters used for the calculation:
 polym=9,  vmax=50, tol=1.000000e-06
 nconv=4,  #mat-vect-prod=50,  #iter=22
--------------------------------------------
results from chdav: 
running time 1.3084 
#iteration:         22 
computed eigenvalues: 0.000000 
computed eigenvalues: 0.000000 
computed eigenvalues: 0.082251 
computed eigenvalues: 0.099709 
eigV error: 3.4307e-06 


========================= #samples =     100000 ============================
# 1 converged in 8 steps, ritz(  1)=1.000000e-01, rnorm= 4.2555e-07
# 2 converged in 18 steps, ritz(  2)=1.165980e-01, rnorm= 4.3481e-07
# 3 converged in 25 steps, ritz(  3)=1.000000e-01, rnorm= 4.8428e-07
# 4 converged in 28 steps, ritz(  4)=1.280312e-01, rnorm= 1.1437e-06
 parameters used for the calculation:
 polym=9,  vmax=50, tol=1.000000e-06
 nconv=4,  #mat-vect-prod=50,  #iter=28
--------------------------------------------
results from chdav: 
running time 4.0447 
#iteration:         28 
computed eigenvalues: 0.000000 
computed eigenvalues: 0.000000 
computed eigenvalues: 0.016598 
computed eigenvalues: 0.028031 
eigV error: 6.1857e-06 
# 1 converged in 7 steps, ritz(  1)=1.000000e-01, rnorm= 8.9517e-07
# 2 converged in 25 steps, ritz(  2)=1.000000e-01, rnorm= 2.1183e-07
# 3 converged in 25 steps, ritz(  3)=1.165980e-01, rnorm= 1.3920e-07
# 4 converged in 31 steps, ritz(  4)=1.280312e-01, rnorm= 5.5929e-07
 parameters used for the calculation:
 polym=9,  vmax=20, tol=1.000000e-06
 nconv=4,  #mat-vect-prod=20,  #iter=31
--------------------------------------------
results from chdav(init): 
running time 4.3724 
#iteration:         31 
computed eigenvalues: 0.000000 
computed eigenvalues: 0.000000 
computed eigenvalues: 0.016598 
computed eigenvalues: 0.028031 
eigV error: 4.8553e-06 
# 1 converged in 7 steps, ritz(  1)=1.000000e-01, rnorm= 6.6047e-07
# 2 converged in 25 steps, ritz(  2)=1.000000e-01, rnorm= 6.0140e-07
# 3 converged in 25 steps, ritz(  3)=1.165980e-01, rnorm= 2.3097e-07
# 4 converged in 29 steps, ritz(  4)=1.280312e-01, rnorm= 4.7291e-07
 parameters used for the calculation:
 polym=9,  vmax=50, tol=1.000000e-06
 nconv=4,  #mat-vect-prod=50,  #iter=29
--------------------------------------------
results from chdav: 
running time 4.0127 
#iteration:         29 
computed eigenvalues: 0.000000 
computed eigenvalues: 0.000000 
computed eigenvalues: 0.016598 
computed eigenvalues: 0.028031 
eigV error: 4.6372e-06 


========================= #samples =     500000 ============================
# 1 converged in 39 steps, ritz(  1)=1.000000e-01, rnorm= 1.1611e-06
# 2 converged in 166 steps, ritz(  2)=1.000009e-01, rnorm= 1.0504e-06
# 3 converged in 186 steps, ritz(  3)=1.000367e-01, rnorm= 1.3047e-06
# 4 converged in 189 steps, ritz(  4)=1.000412e-01, rnorm= 1.1191e-06
 parameters used for the calculation:
 polym=9,  vmax=50, tol=1.000000e-06
 nconv=4,  #mat-vect-prod=50,  #iter=189
--------------------------------------------
results from chdav: 
running time 314.9918 
#iteration:        189 
computed eigenvalues: 0.000000 
computed eigenvalues: 0.000001 
computed eigenvalues: 0.000037 
computed eigenvalues: 0.000041 
eigV error: 1.1623e-05 
# 1 converged in 37 steps, ritz(  1)=1.000000e-01, rnorm= 1.3184e-06
# 2 converged in 186 steps, ritz(  2)=1.000009e-01, rnorm= 1.2047e-06
# 3 converged in 204 steps, ritz(  3)=1.000367e-01, rnorm= 1.1685e-06
# 4 converged in 205 steps, ritz(  4)=1.000412e-01, rnorm= 1.2781e-06
 parameters used for the calculation:
 polym=9,  vmax=20, tol=1.000000e-06
 nconv=4,  #mat-vect-prod=20,  #iter=205
--------------------------------------------
results from chdav(init): 
running time 301.8649 
#iteration:        205 
computed eigenvalues: 0.000000 
computed eigenvalues: 0.000001 
computed eigenvalues: 0.000037 
computed eigenvalues: 0.000041 
eigV error: 1.2436e-05 
# 1 converged in 38 steps, ritz(  1)=1.000000e-01, rnorm= 1.3327e-06
# 2 converged in 181 steps, ritz(  2)=1.000009e-01, rnorm= 1.1681e-06
# 3 converged in 203 steps, ritz(  3)=1.000367e-01, rnorm= 1.2167e-06
# 4 converged in 204 steps, ritz(  4)=1.000412e-01, rnorm= 1.1127e-06
 parameters used for the calculation:
 polym=9,  vmax=50, tol=1.000000e-06
 nconv=4,  #mat-vect-prod=50,  #iter=204
--------------------------------------------
results from chdav: 
running time 349.5896 
#iteration:        204 
computed eigenvalues: 0.000000 
computed eigenvalues: 0.000001 
computed eigenvalues: 0.000037 
computed eigenvalues: 0.000041 
eigV error: 1.2100e-05 


========================= #samples =    1000000 ============================
# 1 converged in 30 steps, ritz(  1)=1.000000e-01, rnorm= 1.1619e-06
# 2 converged in 109 steps, ritz(  2)=1.000198e-01, rnorm= 1.0661e-06
# 3 converged in 111 steps, ritz(  3)=1.000761e-01, rnorm= 8.8705e-07
# 4 converged in 122 steps, ritz(  4)=1.001361e-01, rnorm= 1.3113e-06
 parameters used for the calculation:
 polym=9,  vmax=50, tol=1.000000e-06
 nconv=4,  #mat-vect-prod=50,  #iter=122
--------------------------------------------
results from chdav: 
running time 491.2899 
#iteration:        122 
computed eigenvalues: 0.000000 
computed eigenvalues: 0.000020 
computed eigenvalues: 0.000076 
computed eigenvalues: 0.000136 
eigV error: 1.1166e-05 
# 1 converged in 32 steps, ritz(  1)=1.000000e-01, rnorm= 1.3188e-06
# 2 converged in 106 steps, ritz(  2)=1.000198e-01, rnorm= 1.2307e-06
# 3 converged in 106 steps, ritz(  3)=1.000761e-01, rnorm= 8.9570e-07
# 4 converged in 119 steps, ritz(  4)=1.001361e-01, rnorm= 1.1466e-06
 parameters used for the calculation:
 polym=9,  vmax=20, tol=1.000000e-06
 nconv=4,  #mat-vect-prod=20,  #iter=119
--------------------------------------------
results from chdav(init): 
running time 421.2411 
#iteration:        119 
computed eigenvalues: 0.000000 
computed eigenvalues: 0.000020 
computed eigenvalues: 0.000076 
computed eigenvalues: 0.000136 
eigV error: 1.1581e-05 
# 1 converged in 30 steps, ritz(  1)=1.000000e-01, rnorm= 1.2986e-06
# 2 converged in 110 steps, ritz(  2)=1.000198e-01, rnorm= 1.3365e-06
# 3 converged in 111 steps, ritz(  3)=1.000761e-01, rnorm= 1.0579e-06
# 4 converged in 124 steps, ritz(  4)=1.001361e-01, rnorm= 9.6105e-07
 parameters used for the calculation:
 polym=9,  vmax=50, tol=1.000000e-06
 nconv=4,  #mat-vect-prod=50,  #iter=124
--------------------------------------------
results from chdav: 
running time 506.3497 
#iteration:        124 
computed eigenvalues: 0.000000 
computed eigenvalues: 0.000020 
computed eigenvalues: 0.000076 
computed eigenvalues: 0.000136 
eigV error: 1.1736e-05 


========================= #samples =    2000000 ============================
# 1 converged in 34 steps, ritz(  1)=1.000000e-01, rnorm= 1.2059e-06
# 2 converged in 72 steps, ritz(  2)=1.000050e-01, rnorm= 9.3243e-07
# 3 converged in 72 steps, ritz(  3)=1.001311e-01, rnorm= 9.3166e-07
# 4 converged in 95 steps, ritz(  4)=1.002233e-01, rnorm= 1.2040e-06
 parameters used for the calculation:
 polym=9,  vmax=50, tol=1.000000e-06
 nconv=4,  #mat-vect-prod=50,  #iter=95
--------------------------------------------
results from chdav: 
running time 1183.3231 
#iteration:         95 
computed eigenvalues: 0.000000 
computed eigenvalues: 0.000005 
computed eigenvalues: 0.000131 
computed eigenvalues: 0.000223 
eigV error: 1.0762e-05 
# 1 converged in 34 steps, ritz(  1)=1.000000e-01, rnorm= 9.5075e-07
# 2 converged in 77 steps, ritz(  2)=1.000050e-01, rnorm= 1.1074e-06
# 3 converged in 79 steps, ritz(  3)=1.001311e-01, rnorm= 1.2108e-06
# 4 converged in 87 steps, ritz(  4)=1.002233e-01, rnorm= 1.2286e-06
 parameters used for the calculation:
 polym=9,  vmax=20, tol=1.000000e-06
 nconv=4,  #mat-vect-prod=20,  #iter=87
--------------------------------------------
results from chdav(init): 
running time 999.4352 
#iteration:         87 
computed eigenvalues: 0.000000 
computed eigenvalues: 0.000005 
computed eigenvalues: 0.000131 
computed eigenvalues: 0.000223 
eigV error: 1.1288e-05 
# 1 converged in 34 steps, ritz(  1)=1.000000e-01, rnorm= 1.2426e-06
# 2 converged in 79 steps, ritz(  2)=1.000050e-01, rnorm= 9.6338e-07
# 3 converged in 79 steps, ritz(  3)=1.001311e-01, rnorm= 1.1925e-06
# 4 converged in 87 steps, ritz(  4)=1.002233e-01, rnorm= 1.0746e-06
 parameters used for the calculation:
 polym=9,  vmax=50, tol=1.000000e-06
 nconv=4,  #mat-vect-prod=50,  #iter=87
--------------------------------------------
results from chdav: 
running time 1074.8722 
#iteration:         87 
computed eigenvalues: 0.000000 
computed eigenvalues: 0.000005 
computed eigenvalues: 0.000131 
computed eigenvalues: 0.000223 
eigV error: 1.1225e-05 


========================= #samples =    3000000 ============================
# 1 converged in 38 steps, ritz(  1)=1.000000e-01, rnorm= 1.0032e-06
# 2 converged in 55 steps, ritz(  2)=1.000682e-01, rnorm= 1.0042e-06
# 3 converged in 56 steps, ritz(  3)=1.001518e-01, rnorm= 1.1949e-06
# 4 converged in 62 steps, ritz(  4)=1.002888e-01, rnorm= 9.2317e-07
 parameters used for the calculation:
 polym=9,  vmax=50, tol=1.000000e-06
 nconv=4,  #mat-vect-prod=50,  #iter=62
--------------------------------------------
results from chdav: 
running time 1570.4412 
#iteration:         62 
computed eigenvalues: 0.000000 
computed eigenvalues: 0.000068 
computed eigenvalues: 0.000152 
computed eigenvalues: 0.000289 
eigV error: 1.0349e-05 
# 1 converged in 37 steps, ritz(  1)=1.000000e-01, rnorm= 1.0655e-06
# 2 converged in 53 steps, ritz(  2)=1.000682e-01, rnorm= 9.3788e-07
# 3 converged in 56 steps, ritz(  3)=1.001518e-01, rnorm= 1.1196e-06
# 4 converged in 62 steps, ritz(  4)=1.002888e-01, rnorm= 1.0470e-06
 parameters used for the calculation:
 polym=9,  vmax=20, tol=1.000000e-06
 nconv=4,  #mat-vect-prod=20,  #iter=62
--------------------------------------------
results from chdav(init): 
running time 1406.2201 
#iteration:         62 
computed eigenvalues: 0.000000 
computed eigenvalues: 0.000068 
computed eigenvalues: 0.000152 
computed eigenvalues: 0.000289 
eigV error: 1.0433e-05 
# 1 converged in 38 steps, ritz(  1)=1.000000e-01, rnorm= 1.1013e-06
# 2 converged in 55 steps, ritz(  2)=1.000682e-01, rnorm= 1.0652e-06
# 3 converged in 56 steps, ritz(  3)=1.001518e-01, rnorm= 1.2218e-06
# 4 converged in 61 steps, ritz(  4)=1.002888e-01, rnorm= 9.5069e-07
 parameters used for the calculation:
 polym=9,  vmax=50, tol=1.000000e-06
 nconv=4,  #mat-vect-prod=50,  #iter=61
--------------------------------------------
results from chdav: 
running time 1539.9695 
#iteration:         61 
computed eigenvalues: 0.000000 
computed eigenvalues: 0.000068 
computed eigenvalues: 0.000152 
computed eigenvalues: 0.000289 
eigV error: 1.0877e-05 


========================= #samples =    4000000 ============================
# 1 converged in 74 steps, ritz(  1)=1.000000e-01, rnorm= 1.2106e-06
# 2 converged in 204 steps, ritz(  2)=1.000003e-01, rnorm= 9.5036e-07
# 3 converged in 205 steps, ritz(  3)=1.000015e-01, rnorm= 1.2251e-06
# 4 converged in 211 steps, ritz(  4)=1.000023e-01, rnorm= 1.2352e-06
 parameters used for the calculation:
 polym=9,  vmax=50, tol=1.000000e-06
 nconv=4,  #mat-vect-prod=50,  #iter=211
--------------------------------------------
results from chdav: 
running time 8649.9506 
#iteration:        211 
computed eigenvalues: 0.000000 
computed eigenvalues: 0.000000 
computed eigenvalues: 0.000002 
computed eigenvalues: 0.000002 
eigV error: 1.1614e-05 
# 1 converged in 183 steps, ritz(  1)=1.000000e-01, rnorm= 1.2729e-06
# 2 converged in 733 steps, ritz(  2)=1.000003e-01, rnorm= 1.1514e-06
# 3 converged in 956 steps, ritz(  3)=1.000001e-01, rnorm= 1.1351e-06
# 4 converged in 956 steps, ritz(  4)=1.000016e-01, rnorm= 6.0722e-07
 parameters used for the calculation:
 polym=9,  vmax=20, tol=1.000000e-06
 nconv=4,  #mat-vect-prod=20,  #iter=956
--------------------------------------------
results from chdav(init): 
running time 40262.9889 
#iteration:        956 
computed eigenvalues: 0.000000 
computed eigenvalues: 0.000000 
computed eigenvalues: 0.000000 
computed eigenvalues: 0.000002 
eigV error: 1.0727e-05 
# 1 converged in 74 steps, ritz(  1)=1.000000e-01, rnorm= 7.7992e-07
# 2 converged in 203 steps, ritz(  2)=1.000003e-01, rnorm= 1.2596e-06
# 3 converged in 208 steps, ritz(  3)=1.000015e-01, rnorm= 1.1850e-06
# 4 converged in 208 steps, ritz(  4)=1.000023e-01, rnorm= 1.2697e-06
 parameters used for the calculation:
 polym=9,  vmax=50, tol=1.000000e-06
 nconv=4,  #mat-vect-prod=50,  #iter=208
--------------------------------------------
results from chdav: 
running time 11106.5717 
#iteration:        208 
computed eigenvalues: 0.000000 
computed eigenvalues: 0.000000 
computed eigenvalues: 0.000002 
computed eigenvalues: 0.000002 
eigV error: 1.1414e-05 
