
                            < M A T L A B (R) >
                  Copyright 1984-2021 The MathWorks, Inc.
             R2021a Update 3 (9.10.0.1684407) 64-bit (glnxa64)
                                May 27, 2021

 
To get started, type doc.
For product information, visit www.mathworks.com.
 

sizes =

  Columns 1 through 6

        1000        5000       10000       50000      100000      500000

  Columns 7 through 8

     1000000     5000000


kwant =

     2


what = 

    "pos"


tau =

   1.0000e-03


itermax =

        2000


stepsize =

    0.0200


w =

     1


alpha =

    0.9000


ncores =

    40

Starting parallel pool (parpool) using the 'local' profile ...
Connected to the parallel pool (number of workers: 40).


========================= #samples =       1000 ============================
nonzeros rate:     0.0704 
results from CoD_sc: 
running time 937.2605 
#iteration:      79300 /        300 /        264 
computed eigenvalues: 0.011586 
computed eigenvalues: 0.170593 
eigV error: 1.1379e+00 
--------------------------------------------
results from bchdav(L, rand init): 
running time 2.1385 
computed eigenvalues: 0.000000 
computed eigenvalues: 0.015133 
eigV error: 7.6717e-09 
cl  v.s. cl2: 0.62 
cl1 v.s. cl2: 0.60 


========================= #samples =       5000 ============================
nonzeros rate:     0.0041 
results from CoD_sc: 
running time 639.2328 
#iteration:     147575 /        150 /        983 
computed eigenvalues: 0.005310 
computed eigenvalues: 0.028598 
eigV error: 9.3011e-01 
--------------------------------------------
results from bchdav(L, rand init): 
running time 5.7336 
computed eigenvalues: 0.000000 
computed eigenvalues: 0.005679 
eigV error: 3.3002e-07 
cl  v.s. cl2: 0.99 
cl1 v.s. cl2: 0.94 


========================= #samples =      10000 ============================
nonzeros rate:     0.0049 
results from CoD_sc: 
running time 1054.1442 
#iteration:     441375 /        125 /       3531 
computed eigenvalues: 0.004301 
computed eigenvalues: 0.029408 
eigV error: 5.9098e-01 
--------------------------------------------
results from bchdav(L, rand init): 
running time 98.8229 
computed eigenvalues: 0.000000 
computed eigenvalues: 0.000178 
eigV error: 6.6893e-07 
cl  v.s. cl2: 0.72 
cl1 v.s. cl2: 0.72 


========================= #samples =      50000 ============================
nonzeros rate:     0.0013 
results from CoD_sc: 
running time 3760.1758 
#iteration:    2251625 /        125 /      18013 
computed eigenvalues: 0.007421 
computed eigenvalues: 0.062260 
eigV error: 7.4621e-01 
--------------------------------------------
results from bchdav(L, rand init): 
running time 601.0312 
computed eigenvalues: 0.000000 
computed eigenvalues: 0.000050 
eigV error: 6.8573e-07 
cl  v.s. cl2: 0.78 
cl1 v.s. cl2: 0.78 


========================= #samples =     100000 ============================
nonzeros rate:     0.0003 
results from CoD_sc: 
running time 795.6184 
#iteration:    2500000 /         25 /     100000 
computed eigenvalues: 0.007921 
computed eigenvalues: 0.355202 
eigV error: 9.7408e-01 
--------------------------------------------
results from bchdav(L, rand init): 
running time 1555.5698 
computed eigenvalues: 0.000000 
computed eigenvalues: 0.000003 
eigV error: 9.6754e-08 
cl  v.s. cl2: 1.00 
cl1 v.s. cl2: 1.00 


========================= #samples =     500000 ============================
nonzeros rate:     0.0001 
results from CoD_sc: 
running time 77682.5129 
#iteration:   25458825 /        150 /     169725 
computed eigenvalues: 0.002889 
computed eigenvalues: 0.123449 
eigV error: 1.0042e+00 
--------------------------------------------
results from bchdav(L, rand init): 
running time 561.9435 
computed eigenvalues: 0.000000 
computed eigenvalues: 0.000000 
eigV error: 2.1867e-07 
cl  v.s. cl2: 0.66 
cl1 v.s. cl2: 0.61 


========================= #samples =    1000000 ============================
nonzeros rate:     0.0000 
results from CoD_sc: 
running time 417486.0975 
#iteration:   98588525 /        450 /     219085 
computed eigenvalues: 0.008420 
computed eigenvalues: 0.055578 
eigV error: 1.2647e+00 
--------------------------------------------
results from bchdav(L, rand init): 
running time 1811.1766 
computed eigenvalues: 0.000000 
computed eigenvalues: 0.000029 
eigV error: 4.8250e-07 
cl  v.s. cl2: 0.95 
cl1 v.s. cl2: 0.95 


========================= #samples =    5000000 ============================
nonzeros rate:     0.0000 
