
                            < M A T L A B (R) >
                  Copyright 1984-2021 The MathWorks, Inc.
             R2021a Update 3 (9.10.0.1684407) 64-bit (glnxa64)
                                May 27, 2021

 
To get started, type doc.
For product information, visit www.mathworks.com.
 

sizes =

  Columns 1 through 6

        1000        5000       10000       50000      100000      500000

  Column 7

     1000000


kwant =

     3


what = 

    "bin"


tau =

   1.0000e-03


itermax =

   200


stepsize =

    0.1000


w =

     1


alpha =

    0.9000



========================= #samples =       1000 ============================
nonzeros rate:     0.0704 
# 1 converged in 4 steps, ritz(  1)=1.000001e-01, rnorm= 1.4648e-04
# 2 converged in 6 steps, ritz(  2)=1.439432e-01, rnorm= 8.9507e-05
# 3 converged in 7 steps, ritz(  3)=2.234602e-01, rnorm= 2.0215e-04
 parameters used for the calculation:
 polym=9,  vmax=20, tol=1.000000e-03
 nconv=3,  #mat-vect-prod=20,  #iter=7


--------------------------------------------
results from chdav: 
running time 0.2927 
#iteration:          7 
computed eigenvalues: 0.000000 
computed eigenvalues: 0.043943 
computed eigenvalues: 0.123460 
eigV error: 9.2761e-04 
--------------------------------------------
results from eigs: 
running time 0.1810 
computed eigenvalues: 0.000000 
computed eigenvalues: 0.043943 
computed eigenvalues: 0.123460 
eigV error: 1.9474e-12 


========================= #samples =       5000 ============================
nonzeros rate:     0.0041 
# 1 converged in 5 steps, ritz(  1)=1.000022e-01, rnorm= 2.4843e-04
# 2 converged in 9 steps, ritz(  2)=1.112404e-01, rnorm= 9.2150e-04
# 3 converged in 9 steps, ritz(  3)=1.158772e-01, rnorm= 8.9554e-04
 parameters used for the calculation:
 polym=9,  vmax=20, tol=1.000000e-03
 nconv=3,  #mat-vect-prod=20,  #iter=9


--------------------------------------------
results from chdav: 
running time 0.0565 
#iteration:          9 
computed eigenvalues: 0.000002 
computed eigenvalues: 0.011240 
computed eigenvalues: 0.015877 
eigV error: 1.1054e-02 
--------------------------------------------
results from eigs: 
running time 0.0637 
computed eigenvalues: 0.000000 
computed eigenvalues: 0.011209 
computed eigenvalues: 0.011299 
eigV error: 3.9056e-05 


========================= #samples =      10000 ============================
nonzeros rate:     0.0049 
# 1 converged in 4 steps, ritz(  1)=1.000121e-01, rnorm= 5.3831e-04
# 2 converged in 17 steps, ritz(  2)=1.003635e-01, rnorm= 7.7016e-04
# 3 converged in 20 steps, ritz(  3)=1.024755e-01, rnorm= 1.0795e-03
 parameters used for the calculation:
 polym=9,  vmax=20, tol=1.000000e-03
 nconv=3,  #mat-vect-prod=20,  #iter=20


--------------------------------------------
results from chdav: 
running time 0.2403 
#iteration:         20 
computed eigenvalues: 0.000012 
computed eigenvalues: 0.000363 
computed eigenvalues: 0.002476 
eigV error: 1.0539e-02 
--------------------------------------------
results from eigs: 
running time 0.1714 
computed eigenvalues: 0.000000 
computed eigenvalues: 0.000320 
computed eigenvalues: 0.002420 
eigV error: 2.0330e-04 


========================= #samples =      50000 ============================
nonzeros rate:     0.0013 
# 1 converged in 4 steps, ritz(  1)=1.000142e-01, rnorm= 4.9501e-04
# 2 converged in 16 steps, ritz(  2)=1.005713e-01, rnorm= 1.2693e-03
# 3 converged in 22 steps, ritz(  3)=1.014639e-01, rnorm= 1.1865e-03
 parameters used for the calculation:
 polym=9,  vmax=20, tol=1.000000e-03
 nconv=3,  #mat-vect-prod=20,  #iter=22


--------------------------------------------
results from chdav: 
running time 1.9355 
#iteration:         22 
computed eigenvalues: 0.000014 
computed eigenvalues: 0.000571 
computed eigenvalues: 0.001464 
eigV error: 1.2524e-02 
--------------------------------------------
results from eigs: 
running time 1.7360 
computed eigenvalues: 0.000000 
computed eigenvalues: 0.000104 
computed eigenvalues: 0.000312 
eigV error: 1.0864e-03 


========================= #samples =     100000 ============================
nonzeros rate:     0.0003 
# 1 converged in 5 steps, ritz(  1)=1.000152e-01, rnorm= 1.1511e-03
# 2 converged in 11 steps, ritz(  2)=1.007221e-01, rnorm= 4.0205e-04
# 3 converged in 11 steps, ritz(  3)=1.106036e-01, rnorm= 2.2886e-04
 parameters used for the calculation:
 polym=9,  vmax=20, tol=1.000000e-03
 nconv=3,  #mat-vect-prod=20,  #iter=11


--------------------------------------------
results from chdav: 
running time 1.0267 
#iteration:         11 
computed eigenvalues: 0.000015 
computed eigenvalues: 0.000722 
computed eigenvalues: 0.010604 
eigV error: 1.0411e-02 
--------------------------------------------
results from eigs: 
running time 2.4614 
computed eigenvalues: 0.000000 
computed eigenvalues: 0.000040 
computed eigenvalues: 0.000187 
eigV error: 4.3400e-05 


========================= #samples =     500000 ============================
nonzeros rate:     0.0001 
# 1 converged in 4 steps, ritz(  1)=1.000030e-01, rnorm= 3.7275e-04
# 2 converged in 13 steps, ritz(  2)=1.013537e-01, rnorm= 8.6840e-04
# 3 converged in 22 steps, ritz(  3)=1.005077e-01, rnorm= 5.9688e-04
 parameters used for the calculation:
 polym=9,  vmax=20, tol=1.000000e-03
 nconv=3,  #mat-vect-prod=20,  #iter=22


--------------------------------------------
results from chdav: 
running time 45.7519 
#iteration:         22 
computed eigenvalues: 0.000003 
computed eigenvalues: 0.000508 
computed eigenvalues: 0.001354 
eigV error: 8.5712e-03 
--------------------------------------------
results from eigs: 
running time 29.5895 
computed eigenvalues: 0.000000 
computed eigenvalues: 0.000398 
computed eigenvalues: 0.000622 
eigV error: 1.3041e-03 


========================= #samples =    1000000 ============================
nonzeros rate:     0.0000 
# 1 converged in 4 steps, ritz(  1)=1.001055e-01, rnorm= 1.1300e-03
# 2 converged in 8 steps, ritz(  2)=1.047270e-01, rnorm= 1.1066e-03
# 3 converged in 17 steps, ritz(  3)=1.004756e-01, rnorm= 5.7253e-04
 parameters used for the calculation:
 polym=9,  vmax=20, tol=1.000000e-03
 nconv=3,  #mat-vect-prod=20,  #iter=17


--------------------------------------------
results from chdav: 
running time 32.1545 
#iteration:         17 
computed eigenvalues: 0.000105 
computed eigenvalues: 0.000476 
computed eigenvalues: 0.004727 
eigV error: 1.1044e-02 
--------------------------------------------
results from eigs: 
running time 80.1345 
computed eigenvalues: 0.000000 
computed eigenvalues: 0.000021 
computed eigenvalues: 0.000539 
eigV error: 5.6450e-05 
