
                            < M A T L A B (R) >
                  Copyright 1984-2021 The MathWorks, Inc.
             R2021a Update 3 (9.10.0.1684407) 64-bit (glnxa64)
                                May 27, 2021

 
To get started, type doc.
For product information, visit www.mathworks.com.
 

sizes =

  Columns 1 through 6

        1000        5000       10000       50000      100000      500000

  Columns 7 through 8

     1000000     5000000


kwant =

    15


what = 

    "pos"


tau =

   1.0000e-03


itermax =

       10000


stepsize =

    0.0200


w =

     1


alpha =

    0.9000


ncores =

    40

Starting parallel pool (parpool) using the 'local' profile ...
Connected to the parallel pool (number of workers: 40).


========================= #samples =       1000 ============================
nonzeros rate:     0.0704 
--------------------------------------------
results from CoD(sq): 
running time 956.3462 
#iteration:    6000000 =  6000 *       1000 
computed eigenvalues: 0.000000 
computed eigenvalues: 0.015133 
computed eigenvalues: 0.065468 
computed eigenvalues: 0.072745 
computed eigenvalues: 0.098669 
computed eigenvalues: 0.109349 
computed eigenvalues: 0.113444 
computed eigenvalues: 0.122309 
computed eigenvalues: 0.139234 
computed eigenvalues: 0.141753 
computed eigenvalues: 0.149732 
computed eigenvalues: 0.151867 
computed eigenvalues: 0.174364 
computed eigenvalues: 0.176596 
computed eigenvalues: 0.184348 
eigV error: 8.7645e-04 
--------------------------------------------
results from CoD(sq, momentum): 
running time 189.3221 
#iteration:    1250000 =  1250 *       1000 
computed eigenvalues: -0.000000 
computed eigenvalues: 0.015133 
computed eigenvalues: 0.065468 
computed eigenvalues: 0.072745 
computed eigenvalues: 0.098669 
computed eigenvalues: 0.109349 
computed eigenvalues: 0.113444 
computed eigenvalues: 0.122309 
computed eigenvalues: 0.139234 
computed eigenvalues: 0.141753 
computed eigenvalues: 0.149732 
computed eigenvalues: 0.151867 
computed eigenvalues: 0.174372 
computed eigenvalues: 0.176596 
computed eigenvalues: 0.184391 
eigV error: 9.9913e-04 
--------------------------------------------
results from CoD(orth, momentum): converged k =  15 
running time 548.3304 
#iteration:    3900000 =  3900 *       1000 
computed eigenvalues: 0.000000 
computed eigenvalues: 0.000000 
computed eigenvalues: 0.000000 
computed eigenvalues: 0.000000 
computed eigenvalues: 0.015133 
computed eigenvalues: 0.015133 
computed eigenvalues: 0.015134 
computed eigenvalues: 0.065468 
computed eigenvalues: 0.072746 
computed eigenvalues: 0.098669 
computed eigenvalues: 0.109349 
computed eigenvalues: 0.113445 
computed eigenvalues: 0.122309 
computed eigenvalues: 0.139235 
computed eigenvalues: 0.141755 
eigV error: 8.2782e-04 
--------------------------------------------
results from CoD(filter): converged k =  
running time 1484.0748 
#iteration:   10000000 = 10000 *       1000 
computed eigenvalues: 0.000000 
computed eigenvalues: 0.044714 
computed eigenvalues: 0.734278 
computed eigenvalues: 0.908376 
computed eigenvalues: 0.931367 
computed eigenvalues: 0.950206 
computed eigenvalues: 0.965306 
computed eigenvalues: 0.975315 
computed eigenvalues: 0.984125 
computed eigenvalues: 0.990172 
computed eigenvalues: 1.001505 
computed eigenvalues: 1.005971 
computed eigenvalues: 1.014317 
computed eigenvalues: 1.018966 
computed eigenvalues: 1.044811 
eigV error: 2.2467e-01 
--------------------------------------------
results from CoD(filter+2): converged k =  
running time 1478.3239 
#iteration:   10000000 = 10000 *       1000 
computed eigenvalues: 0.000000 
computed eigenvalues: 0.100941 
computed eigenvalues: 0.839531 
computed eigenvalues: 0.907258 
computed eigenvalues: 0.955753 
computed eigenvalues: 0.966342 
computed eigenvalues: 0.974542 
computed eigenvalues: 0.985061 
computed eigenvalues: 0.994191 
computed eigenvalues: 1.001276 
computed eigenvalues: 1.002795 
computed eigenvalues: 1.012248 
computed eigenvalues: 1.017862 
computed eigenvalues: 1.021017 
computed eigenvalues: 1.032970 
eigV error: 2.0872e-01 
--------------------------------------------
results from CoD(filter, momentum): converged k =  
running time 1460.0784 
#iteration:   10000000 = 10000 *       1000 
computed eigenvalues: 0.000000 
computed eigenvalues: 0.051909 
computed eigenvalues: 0.864758 
computed eigenvalues: 0.936624 
computed eigenvalues: 0.950639 
computed eigenvalues: 0.960168 
computed eigenvalues: 0.972599 
computed eigenvalues: 0.985287 
computed eigenvalues: 0.995792 
computed eigenvalues: 0.998103 
computed eigenvalues: 1.004485 
computed eigenvalues: 1.012795 
computed eigenvalues: 1.014980 
computed eigenvalues: 1.017711 
computed eigenvalues: 1.027960 
eigV error: 1.9350e-01 
--------------------------------------------
results from CoD(filter, orth): converged k =  15 
running time 22.1988 
#iteration:     150000 =   150 *       1000 
computed eigenvalues: -0.000000 
computed eigenvalues: 0.000000 
computed eigenvalues: 0.000000 
computed eigenvalues: 0.015133 
computed eigenvalues: 0.015133 
computed eigenvalues: 0.065468 
computed eigenvalues: 0.065468 
computed eigenvalues: 0.072745 
computed eigenvalues: 0.072745 
computed eigenvalues: 0.098669 
computed eigenvalues: 0.098669 
computed eigenvalues: 0.109349 
computed eigenvalues: 0.109349 
computed eigenvalues: 0.113444 
computed eigenvalues: 0.122309 
eigV error: 1.1660e-04 
--------------------------------------------
results from CoD(filter, orth, momentum): converged k =  15 
running time 21.5890 
#iteration:     150000 =   150 *       1000 
computed eigenvalues: -0.000000 
computed eigenvalues: 0.000000 
computed eigenvalues: 0.015133 
computed eigenvalues: 0.015133 
computed eigenvalues: 0.065468 
computed eigenvalues: 0.065468 
computed eigenvalues: 0.072745 
computed eigenvalues: 0.072746 
computed eigenvalues: 0.098669 
computed eigenvalues: 0.109349 
computed eigenvalues: 0.113444 
computed eigenvalues: 0.122309 
computed eigenvalues: 0.139234 
computed eigenvalues: 0.141753 
computed eigenvalues: 0.149732 
eigV error: 2.5186e-04 
--------------------------------------------
results from eigs: 
running time 0.3159 
computed eigenvalues: 0.000000 
computed eigenvalues: 0.015133 
computed eigenvalues: 0.065468 
computed eigenvalues: 0.072745 
computed eigenvalues: 0.098669 
computed eigenvalues: 0.109349 
computed eigenvalues: 0.113444 
computed eigenvalues: 0.122309 
computed eigenvalues: 0.139234 
computed eigenvalues: 0.141753 
computed eigenvalues: 0.149732 
computed eigenvalues: 0.151867 
computed eigenvalues: 0.174364 
computed eigenvalues: 0.176596 
computed eigenvalues: 0.184330 
eigV error: 8.3118e-15 


========================= #samples =       5000 ============================
nonzeros rate:     0.0041 
