
                            < M A T L A B (R) >
                  Copyright 1984-2021 The MathWorks, Inc.
             R2021a Update 3 (9.10.0.1684407) 64-bit (glnxa64)
                                May 27, 2021

 
To get started, type doc.
For product information, visit www.mathworks.com.
 

sizes =

  Columns 1 through 6

        1000        5000       10000       50000      100000      500000

  Columns 7 through 8

     1000000     5000000


kwant =

     2


what = 

    "bin"


tau =

    0.0100


itermax =

        2000


stepsize =

    0.0200


w =

     1


alpha =

    0.9000


ncores =

    40

Starting parallel pool (parpool) using the 'local' profile ...
Connected to the parallel pool (number of workers: 40).


========================= #samples =       1000 ============================
nonzeros rate:     0.0704 
results from CoD_sc: 
running time 20.1241 
#iteration:      37625 /        100 /        376 
computed eigenvalues: 0.003413 
computed eigenvalues: 0.359182 
eigV error: 7.3518e-01 
--------------------------------------------
results from bchdav(L, rand init): 
running time 0.1407 
computed eigenvalues: 0.000000 
computed eigenvalues: 0.043943 
eigV error: 2.6458e-09 
cl  v.s. cl2: 0.73 
cl1 v.s. cl2: 0.73 


========================= #samples =       5000 ============================
nonzeros rate:     0.0041 
results from CoD_sc: 
running time 26.2181 
#iteration:     192825 /         75 /       2571 
computed eigenvalues: 0.004457 
computed eigenvalues: 0.014342 
eigV error: 7.0587e-01 
--------------------------------------------
results from bchdav(L, rand init): 
running time 0.3398 
computed eigenvalues: 0.000000 
computed eigenvalues: 0.000000 
eigV error: 1.9177e-07 
cl  v.s. cl2: 0.54 
cl1 v.s. cl2: 0.97 


========================= #samples =      10000 ============================
nonzeros rate:     0.0049 
results from CoD_sc: 
running time 110.0185 
#iteration:     379275 /        100 /       3792 
computed eigenvalues: 0.004558 
computed eigenvalues: 0.045565 
eigV error: 8.8707e-01 
--------------------------------------------
results from bchdav(L, rand init): 
running time 0.6744 
computed eigenvalues: -0.000000 
computed eigenvalues: 0.000320 
eigV error: 1.6220e-07 
cl  v.s. cl2: 0.56 
cl1 v.s. cl2: 0.83 


========================= #samples =      50000 ============================
nonzeros rate:     0.0013 
results from CoD_sc: 
running time 894.5553 
#iteration:    1915675 /        100 /      19156 
computed eigenvalues: 0.004178 
computed eigenvalues: 0.100654 
eigV error: 9.5867e-01 
--------------------------------------------
results from bchdav(L, rand init): 
running time 42.2995 
computed eigenvalues: -0.000000 
computed eigenvalues: 0.000094 
eigV error: 6.0590e-07 
cl  v.s. cl2: 0.51 
cl1 v.s. cl2: 0.62 


========================= #samples =     100000 ============================
nonzeros rate:     0.0003 
results from CoD_sc: 
running time 1257.9239 
#iteration:    3847725 /         75 /      51303 
computed eigenvalues: 0.004951 
computed eigenvalues: 0.296316 
eigV error: 1.1547e+00 
--------------------------------------------
results from bchdav(L, rand init): 
running time 4.0092 
computed eigenvalues: 0.000000 
computed eigenvalues: 0.000015 
eigV error: 9.0657e-08 
cl  v.s. cl2: 0.53 
cl1 v.s. cl2: 1.00 


========================= #samples =     500000 ============================
nonzeros rate:     0.0001 
results from CoD_sc: 
running time 41180.8061 
#iteration:   19804075 /        125 /     158432 
computed eigenvalues: 0.002869 
computed eigenvalues: 0.161486 
eigV error: 9.5886e-01 
--------------------------------------------
results from bchdav(L, rand init): 
running time 102.2484 
computed eigenvalues: -0.000000 
computed eigenvalues: 0.000000 
eigV error: 2.4450e-07 
cl  v.s. cl2: 0.51 
cl1 v.s. cl2: 0.61 


========================= #samples =    1000000 ============================
nonzeros rate:     0.0000 
results from CoD_sc: 
running time 116431.6870 
#iteration:   38835075 /        100 /     388350 
computed eigenvalues: 0.008934 
computed eigenvalues: 0.283461 
eigV error: 1.1967e+00 
--------------------------------------------
results from bchdav(L, rand init): 
running time 127.8912 
computed eigenvalues: -0.000000 
computed eigenvalues: 0.000021 
eigV error: 9.9268e-08 
cl  v.s. cl2: 0.52 
cl1 v.s. cl2: 0.98 


========================= #samples =    5000000 ============================
nonzeros rate:     0.0000 
