
                            < M A T L A B (R) >
                  Copyright 1984-2021 The MathWorks, Inc.
             R2021a Update 3 (9.10.0.1684407) 64-bit (glnxa64)
                                May 27, 2021

 
To get started, type doc.
For product information, visit www.mathworks.com.
 

sizes =

  Columns 1 through 6

        1000        5000       10000       50000      100000      500000

  Columns 7 through 10

     1000000     2000000     3000000     4000000


kwant =

     5


what = 

    "pos"


tau =

   1.0000e-04


itermax =

        3000


stepsize =

    0.0200


w =

     1


alpha =

    0.9000


inits =

     1



========================= #samples =       1000 ============================
results from eigs(L1): 
running time 0.7297 
computed eigenvalues: -0.000000 
computed eigenvalues: 0.000000 
computed eigenvalues: 0.877845 
computed eigenvalues: 0.978859 
computed eigenvalues: 1.000000 
eigV error: 3.9269e-07 
--------------------------------------------
# 1 converged in 4 steps, ritz(  1)=1.000000e-01, rnorm= 2.1656e-08
# 2 converged in 7 steps, ritz(  2)=1.000000e-01, rnorm= 5.1522e-05
# 3 converged in 8 steps, ritz(  3)=9.778454e-01, rnorm= 8.3659e-06
# 4 converged in 11 steps, ritz(  4)=1.000000e-01, rnorm= 2.8160e-09
# 5 converged in 11 steps, ritz(  5)=1.078859e+00, rnorm= 2.3790e-05
 parameters used for the calculation:
 polym=11,  vmax=20, tol=1.000000e-04
 nconv=5,  #mat-vect-prod=20,  #iter=11
results from chdav(L1): 
running time 0.1729 
#iteration:         11 
computed eigenvalues: 0.000000 
computed eigenvalues: 0.000000 
computed eigenvalues: 0.000000 
computed eigenvalues: 0.877845 
computed eigenvalues: 0.978859 
eigV error: 3.9120e-05 
--------------------------------------------
#1 converged in 1 steps, ritz(  1)=1.000000e-01, rnorm= 8.4967e-06
#2 converged in 1 steps, ritz(  2)=1.000000e-01, rnorm= 1.7541e-05
#3 converged in 1 steps, ritz(  3)=1.000000e-01, rnorm= 2.1971e-05
#4 converged in 1 steps, ritz(  4)=1.000000e-01, rnorm= 2.8037e-05
#5 converged in 1 steps, ritz(  5)=1.000000e-01, rnorm= 3.3464e-05
#converged eig=5,  #wanted eig=5,  #iter=1, kinner=0, kouter=0
 info of the eigenproblem and solver parameters :  dim=1000
 polym=11,  blk=5,  vomax=35,  vimax=30,  n=5, augment=1, tol=1.00e-04
 ORTH-cpu=2.0000e-02, ORTH-flops=40000,  ORTH-flops/dim=4.0000e+01
 mat-vect-cpu=0.0000e+00  #mat-vect-prod=66,  mat-vec-cpu/#mvprod=0.0000e+00
 filt_MVcpu=0.0000e+00, filt_non_mv_cpu=0.0000e+00, refinement_cpu=0.0000e+00
 CPU%: MV=0.00%(filt_MV=0.00%), ORTH=20.00%, refinement=0.00%
       other=80.00% (filt_nonMV=0.00%, Hn_cpu=0.00%, conv_cpu=0.00%)
 TOTAL CPU seconds = 1.000000e-01
results from bchdav(L1): 
running time 0.0952 
#iteration:          1 
computed eigenvalues: 0.000000 
computed eigenvalues: 0.000000 
computed eigenvalues: 0.000000 
computed eigenvalues: 0.000000 
computed eigenvalues: 0.000000 
eigV error: 2.3531e-04 
--------------------------------------------
#1 converged in 1 steps, ritz(  1)=1.000000e-01, rnorm= 1.3796e-06
#2 converged in 1 steps, ritz(  2)=1.000000e-01, rnorm= 3.6436e-06
#3 converged in 1 steps, ritz(  3)=1.000000e-01, rnorm= 4.6499e-06
#4 converged in 1 steps, ritz(  4)=1.000000e-01, rnorm= 5.2743e-06
#5 converged in 1 steps, ritz(  5)=1.000000e-01, rnorm= 5.4318e-06
#converged eig=5,  #wanted eig=5,  #iter=1, kinner=0, kouter=0
 info of the eigenproblem and solver parameters :  dim=1050
 polym=11,  blk=5,  vomax=35,  vimax=30,  n=5, augment=1, tol=1.00e-04
 ORTH-cpu=1.0000e-02, ORTH-flops=42000,  ORTH-flops/dim=4.0000e+01
 mat-vect-cpu=0.0000e+00  #mat-vect-prod=66,  mat-vec-cpu/#mvprod=0.0000e+00
 filt_MVcpu=0.0000e+00, filt_non_mv_cpu=0.0000e+00, refinement_cpu=0.0000e+00
 CPU%: MV=0.00%(filt_MV=0.00%), ORTH=16.67%, refinement=0.00%
       other=83.33% (filt_nonMV=0.00%, Hn_cpu=0.00%, conv_cpu=0.00%)
 TOTAL CPU seconds = 6.000000e-02
results from bchdav(L2, good init): 
running time 0.0223 
#iteration:          1 
computed eigenvalues: 0.000000 
computed eigenvalues: 0.000000 
computed eigenvalues: 0.000000 
computed eigenvalues: 0.000000 
computed eigenvalues: 0.000000 
eigV error: 4.3387e-05 
--------------------------------------------
#1 converged in 1 steps, ritz(  1)=1.000000e-01, rnorm= 4.1036e-05
#2 converged in 1 steps, ritz(  2)=1.000000e-01, rnorm= 1.0509e-04
#3 converged in 1 steps, ritz(  3)=1.000000e-01, rnorm= 1.1503e-04
#4 converged in 1 steps, ritz(  4)=1.000000e-01, rnorm= 1.1755e-04
#5 converged in 1 steps, ritz(  5)=1.000000e-01, rnorm= 1.9655e-04
#converged eig=5,  #wanted eig=5,  #iter=1, kinner=0, kouter=0
 info of the eigenproblem and solver parameters :  dim=1050
 polym=11,  blk=5,  vomax=35,  vimax=30,  n=5, augment=1, tol=1.00e-04
 ORTH-cpu=0.0000e+00, ORTH-flops=42000,  ORTH-flops/dim=4.0000e+01
 mat-vect-cpu=0.0000e+00  #mat-vect-prod=66,  mat-vec-cpu/#mvprod=0.0000e+00
 filt_MVcpu=0.0000e+00, filt_non_mv_cpu=2.0000e-02, refinement_cpu=0.0000e+00
 CPU%: MV=0.00%(filt_MV=0.00%), ORTH=0.00%, refinement=0.00%
       other=100.00% (filt_nonMV=40.00%, Hn_cpu=0.00%, conv_cpu=0.00%)
 TOTAL CPU seconds = 5.000000e-02
results from bchdav(L2, rand init): 
running time 0.0078 
#iteration:          1 
computed eigenvalues: 0.000000 
computed eigenvalues: 0.000000 
computed eigenvalues: 0.000000 
computed eigenvalues: 0.000000 
computed eigenvalues: 0.000000 
eigV error: 1.2523e-03 


========================= #samples =       5000 ============================
results from eigs(L1): 
running time 0.0431 
computed eigenvalues: -0.000000 
computed eigenvalues: 0.000000 
computed eigenvalues: 0.000000 
computed eigenvalues: 0.630645 
computed eigenvalues: 0.876965 
eigV error: 9.1315e-10 
--------------------------------------------
# 1 converged in 4 steps, ritz(  1)=1.000000e-01, rnorm= 2.3977e-08
# 2 converged in 5 steps, ritz(  2)=7.306448e-01, rnorm= 7.8239e-05
# 3 converged in 8 steps, ritz(  3)=1.000000e-01, rnorm= 4.1761e-08
# 4 converged in 9 steps, ritz(  4)=9.769649e-01, rnorm= 1.5887e-04
# 5 converged in 12 steps, ritz(  5)=1.000000e-01, rnorm= 1.4952e-09
 parameters used for the calculation:
 polym=11,  vmax=20, tol=1.000000e-04
 nconv=5,  #mat-vect-prod=20,  #iter=12
results from chdav(L1): 
running time 0.0529 
#iteration:         12 
computed eigenvalues: -0.000000 
computed eigenvalues: 0.000000 
computed eigenvalues: 0.000000 
computed eigenvalues: 0.630645 
computed eigenvalues: 0.876965 
eigV error: 1.4372e-04 
--------------------------------------------
#1 converged in 1 steps, ritz(  1)=1.000000e-01, rnorm= 1.4475e-05
#2 converged in 1 steps, ritz(  2)=1.000000e-01, rnorm= 5.7230e-05
#3 converged in 1 steps, ritz(  3)=1.000000e-01, rnorm= 5.8098e-05
#4 converged in 1 steps, ritz(  4)=1.000000e-01, rnorm= 6.0715e-05
#5 converged in 3 steps, ritz(  5)=1.000000e-01, rnorm= 1.3302e-11
#converged eig=5,  #wanted eig=5,  #iter=3, kinner=0, kouter=0
 info of the eigenproblem and solver parameters :  dim=5000
 polym=11,  blk=5,  vomax=35,  vimax=30,  n=8, augment=1, tol=1.00e-04
 ORTH-cpu=1.5000e-01, ORTH-flops=685000,  ORTH-flops/dim=1.3700e+02
 mat-vect-cpu=3.1000e-01  #mat-vect-prod=179,  mat-vec-cpu/#mvprod=1.7318e-03
 filt_MVcpu=2.6000e-01, filt_non_mv_cpu=3.0000e-02, refinement_cpu=1.0000e-02
 CPU%: MV=44.29%(filt_MV=37.14%), ORTH=21.43%, refinement=1.43%
       other=32.86% (filt_nonMV=4.29%, Hn_cpu=0.00%, conv_cpu=5.71%)
 TOTAL CPU seconds = 7.000000e-01
results from bchdav(L1): 
running time 0.0522 
#iteration:          3 
computed eigenvalues: 0.000000 
computed eigenvalues: 0.000000 
computed eigenvalues: 0.000000 
computed eigenvalues: 0.000000 
computed eigenvalues: 0.000000 
eigV error: 4.5927e-04 
--------------------------------------------
#1 converged in 1 steps, ritz(  1)=1.000000e-01, rnorm= 5.8187e-06
#2 converged in 1 steps, ritz(  2)=1.000000e-01, rnorm= 6.6475e-06
#3 converged in 1 steps, ritz(  3)=1.000000e-01, rnorm= 7.1267e-06
#4 converged in 1 steps, ritz(  4)=1.000000e-01, rnorm= 7.2776e-06
#5 converged in 1 steps, ritz(  5)=1.000000e-01, rnorm= 7.3090e-06
#converged eig=5,  #wanted eig=5,  #iter=1, kinner=0, kouter=0
 info of the eigenproblem and solver parameters :  dim=5050
 polym=11,  blk=5,  vomax=35,  vimax=30,  n=5, augment=1, tol=1.00e-04
 ORTH-cpu=5.0000e-02, ORTH-flops=202000,  ORTH-flops/dim=4.0000e+01
 mat-vect-cpu=1.5000e-01  #mat-vect-prod=66,  mat-vec-cpu/#mvprod=2.2727e-03
 filt_MVcpu=1.0000e-01, filt_non_mv_cpu=0.0000e+00, refinement_cpu=0.0000e+00
 CPU%: MV=42.86%(filt_MV=28.57%), ORTH=14.29%, refinement=0.00%
       other=42.86% (filt_nonMV=0.00%, Hn_cpu=0.00%, conv_cpu=0.00%)
 TOTAL CPU seconds = 3.500000e-01
results from bchdav(L2, good init): 
running time 0.0363 
#iteration:          1 
computed eigenvalues: 0.000000 
computed eigenvalues: 0.000000 
computed eigenvalues: 0.000000 
computed eigenvalues: 0.000000 
computed eigenvalues: 0.000000 
eigV error: 6.8589e-05 
--------------------------------------------
#1 converged in 1 steps, ritz(  1)=1.000000e-01, rnorm= 1.0580e-05
#2 converged in 1 steps, ritz(  2)=1.000000e-01, rnorm= 3.7444e-05
#3 converged in 1 steps, ritz(  3)=1.000000e-01, rnorm= 4.1280e-05
#4 converged in 1 steps, ritz(  4)=1.000000e-01, rnorm= 4.3191e-05
#5 converged in 3 steps, ritz(  5)=1.000000e-01, rnorm= 1.2406e-12
#converged eig=5,  #wanted eig=5,  #iter=3, kinner=0, kouter=0
 info of the eigenproblem and solver parameters :  dim=5050
 polym=11,  blk=5,  vomax=35,  vimax=30,  n=8, augment=1, tol=1.00e-04
 ORTH-cpu=1.3000e-01, ORTH-flops=691850,  ORTH-flops/dim=1.3700e+02
 mat-vect-cpu=3.5000e-01  #mat-vect-prod=179,  mat-vec-cpu/#mvprod=1.9553e-03
 filt_MVcpu=3.0000e-01, filt_non_mv_cpu=1.0000e-02, refinement_cpu=1.0000e-02
 CPU%: MV=54.69%(filt_MV=46.87%), ORTH=20.31%, refinement=1.56%
       other=23.44% (filt_nonMV=1.56%, Hn_cpu=0.00%, conv_cpu=3.13%)
 TOTAL CPU seconds = 6.400000e-01
results from bchdav(L2, rand init): 
running time 0.0325 
#iteration:          3 
computed eigenvalues: 0.000000 
computed eigenvalues: 0.000000 
computed eigenvalues: 0.000000 
computed eigenvalues: 0.000000 
computed eigenvalues: 0.000000 
eigV error: 3.1886e-04 


========================= #samples =      10000 ============================
results from eigs(L1): 
running time 0.0729 
computed eigenvalues: -0.000000 
computed eigenvalues: 0.000000 
computed eigenvalues: 0.466994 
computed eigenvalues: 0.606566 
computed eigenvalues: 0.841322 
eigV error: 1.9972e-09 
--------------------------------------------
# 1 converged in 4 steps, ritz(  1)=1.000000e-01, rnorm= 5.9954e-08
# 2 converged in 6 steps, ritz(  2)=5.669944e-01, rnorm= 2.6958e-05
# 3 converged in 7 steps, ritz(  3)=7.065660e-01, rnorm= 2.8402e-05
# 4 converged in 9 steps, ritz(  4)=1.000000e-01, rnorm= 2.8383e-05
# 5 converged in 10 steps, ritz(  5)=9.413224e-01, rnorm= 2.3304e-05
 parameters used for the calculation:
 polym=11,  vmax=20, tol=1.000000e-04
 nconv=5,  #mat-vect-prod=20,  #iter=10
results from chdav(L1): 
running time 0.0822 
#iteration:         10 
computed eigenvalues: 0.000000 
computed eigenvalues: 0.000000 
computed eigenvalues: 0.466994 
computed eigenvalues: 0.606566 
computed eigenvalues: 0.841322 
eigV error: 4.0854e-05 
--------------------------------------------
#1 converged in 1 steps, ritz(  1)=1.000000e-01, rnorm= 7.6736e-06
#2 converged in 1 steps, ritz(  2)=1.000000e-01, rnorm= 3.0798e-05
#3 converged in 1 steps, ritz(  3)=1.000000e-01, rnorm= 3.1383e-05
#4 converged in 2 steps, ritz(  4)=1.000000e-01, rnorm= 6.3005e-06
#5 converged in 2 steps, ritz(  5)=1.000000e-01, rnorm= 1.7881e-04
#converged eig=5,  #wanted eig=5,  #iter=2, kinner=0, kouter=0
 info of the eigenproblem and solver parameters :  dim=10000
 polym=11,  blk=5,  vomax=35,  vimax=30,  n=7, augment=1, tol=1.00e-04
 ORTH-cpu=4.0000e-01, ORTH-flops=1030000,  ORTH-flops/dim=1.0300e+02
 mat-vect-cpu=2.8000e-01  #mat-vect-prod=123,  mat-vec-cpu/#mvprod=2.2764e-03
 filt_MVcpu=2.0000e-01, filt_non_mv_cpu=1.0000e-02, refinement_cpu=4.0000e-02
 CPU%: MV=28.00%(filt_MV=20.00%), ORTH=40.00%, refinement=4.00%
       other=28.00% (filt_nonMV=1.00%, Hn_cpu=1.00%, conv_cpu=5.00%)
 TOTAL CPU seconds = 1.000000e+00
results from bchdav(L1): 
running time 0.0499 
#iteration:          2 
computed eigenvalues: 0.000000 
computed eigenvalues: 0.000000 
computed eigenvalues: 0.000000 
computed eigenvalues: 0.000000 
computed eigenvalues: 0.000000 
eigV error: 8.2467e-04 
--------------------------------------------
#1 converged in 1 steps, ritz(  1)=1.000000e-01, rnorm= 3.8550e-06
#2 converged in 1 steps, ritz(  2)=1.000000e-01, rnorm= 4.2401e-06
#3 converged in 1 steps, ritz(  3)=1.000000e-01, rnorm= 5.7199e-06
#4 converged in 1 steps, ritz(  4)=1.000000e-01, rnorm= 6.0511e-06
#5 converged in 1 steps, ritz(  5)=1.000000e-01, rnorm= 6.8922e-06
#converged eig=5,  #wanted eig=5,  #iter=1, kinner=0, kouter=0
 info of the eigenproblem and solver parameters :  dim=10050
 polym=11,  blk=5,  vomax=35,  vimax=30,  n=5, augment=1, tol=1.00e-04
 ORTH-cpu=1.6000e-01, ORTH-flops=402000,  ORTH-flops/dim=4.0000e+01
 mat-vect-cpu=1.5000e-01  #mat-vect-prod=66,  mat-vec-cpu/#mvprod=2.2727e-03
 filt_MVcpu=9.0000e-02, filt_non_mv_cpu=1.0000e-02, refinement_cpu=4.0000e-02
 CPU%: MV=25.42%(filt_MV=15.25%), ORTH=27.12%, refinement=6.78%
       other=40.68% (filt_nonMV=1.69%, Hn_cpu=1.69%, conv_cpu=0.00%)
 TOTAL CPU seconds = 5.900000e-01
results from bchdav(L2, good init): 
running time 0.0329 
#iteration:          1 
computed eigenvalues: 0.000000 
computed eigenvalues: 0.000000 
computed eigenvalues: 0.000000 
computed eigenvalues: 0.000000 
computed eigenvalues: 0.000000 
eigV error: 5.4713e-05 
--------------------------------------------
#1 converged in 1 steps, ritz(  1)=1.000000e-01, rnorm= 3.7045e-06
#2 converged in 1 steps, ritz(  2)=1.000000e-01, rnorm= 1.1880e-05
#3 converged in 1 steps, ritz(  3)=1.000000e-01, rnorm= 1.3377e-05
#4 converged in 1 steps, ritz(  4)=1.000001e-01, rnorm= 1.8638e-04
#5 converged in 2 steps, ritz(  5)=1.000001e-01, rnorm= 1.8512e-04
#converged eig=5,  #wanted eig=5,  #iter=2, kinner=0, kouter=0
 info of the eigenproblem and solver parameters :  dim=10050
 polym=11,  blk=5,  vomax=35,  vimax=30,  n=6, augment=1, tol=1.00e-04
 ORTH-cpu=3.4000e-01, ORTH-flops=703500,  ORTH-flops/dim=7.0000e+01
 mat-vect-cpu=2.6000e-01  #mat-vect-prod=122,  mat-vec-cpu/#mvprod=2.1311e-03
 filt_MVcpu=2.0000e-01, filt_non_mv_cpu=1.0000e-02, refinement_cpu=3.0000e-02
 CPU%: MV=26.80%(filt_MV=20.62%), ORTH=35.05%, refinement=3.09%
       other=35.05% (filt_nonMV=1.03%, Hn_cpu=8.25%, conv_cpu=5.15%)
 TOTAL CPU seconds = 9.700000e-01
results from bchdav(L2, rand init): 
running time 0.0492 
#iteration:          2 
computed eigenvalues: 0.000000 
computed eigenvalues: 0.000000 
computed eigenvalues: 0.000000 
computed eigenvalues: 0.000000 
computed eigenvalues: 0.000000 
eigV error: 1.1776e-03 


========================= #samples =      50000 ============================
results from eigs(L1): 
running time 0.2699 
computed eigenvalues: 0.000000 
computed eigenvalues: 0.000000 
computed eigenvalues: 0.000000 
computed eigenvalues: 0.082251 
computed eigenvalues: 0.099709 
eigV error: 6.0283e-07 
--------------------------------------------
# 1 converged in 4 steps, ritz(  1)=1.000000e-01, rnorm= 6.6564e-05
# 2 converged in 10 steps, ritz(  2)=1.822509e-01, rnorm= 4.0034e-05
# 3 converged in 15 steps, ritz(  3)=1.000000e-01, rnorm= 3.8711e-06
# 4 converged in 17 steps, ritz(  4)=1.997088e-01, rnorm= 8.6481e-05
# 5 converged in 24 steps, ritz(  5)=1.000000e-01, rnorm= 9.1420e-06
 parameters used for the calculation:
 polym=11,  vmax=20, tol=1.000000e-04
 nconv=5,  #mat-vect-prod=20,  #iter=24
results from chdav(L1): 
running time 1.2015 
#iteration:         24 
computed eigenvalues: 0.000000 
computed eigenvalues: 0.000000 
computed eigenvalues: 0.000000 
computed eigenvalues: 0.082251 
computed eigenvalues: 0.099709 
eigV error: 3.6334e-04 
--------------------------------------------
#1 converged in 3 steps, ritz(  1)=1.000000e-01, rnorm= 2.3281e-05
#2 converged in 3 steps, ritz(  2)=1.000001e-01, rnorm= 1.2173e-04
#3 converged in 3 steps, ritz(  3)=1.000001e-01, rnorm= 1.3346e-04
#4 converged in 3 steps, ritz(  4)=1.000001e-01, rnorm= 1.4722e-04
#5 converged in 3 steps, ritz(  5)=1.000002e-01, rnorm= 1.9048e-04
#converged eig=5,  #wanted eig=5,  #iter=3, kinner=0, kouter=0
 info of the eigenproblem and solver parameters :  dim=50000
 polym=11,  blk=5,  vomax=35,  vimax=30,  n=15, augment=1, tol=1.00e-04
 ORTH-cpu=2.8000e+00, ORTH-flops=24000000,  ORTH-flops/dim=4.8000e+02
 mat-vect-cpu=6.6000e-01  #mat-vect-prod=186,  mat-vec-cpu/#mvprod=3.5484e-03
 filt_MVcpu=4.8000e-01, filt_non_mv_cpu=2.9000e-01, refinement_cpu=3.0000e-01
 CPU%: MV=13.84%(filt_MV=10.06%), ORTH=58.70%, refinement=6.29%
       other=21.17% (filt_nonMV=6.08%, Hn_cpu=2.31%, conv_cpu=1.05%)
 TOTAL CPU seconds = 4.770000e+00
results from bchdav(L1): 
running time 0.5721 
#iteration:          3 
computed eigenvalues: 0.000000 
computed eigenvalues: 0.000000 
computed eigenvalues: 0.000000 
computed eigenvalues: 0.000000 
computed eigenvalues: 0.000000 
eigV error: 1.3500e-03 
--------------------------------------------
#1 converged in 1 steps, ritz(  1)=1.000000e-01, rnorm= 1.5449e-05
#2 converged in 1 steps, ritz(  2)=1.000000e-01, rnorm= 3.0814e-05
#3 converged in 1 steps, ritz(  3)=1.000000e-01, rnorm= 4.5333e-05
#4 converged in 3 steps, ritz(  4)=1.000000e-01, rnorm= 6.6141e-07
#5 converged in 3 steps, ritz(  5)=1.000000e-01, rnorm= 2.3449e-06
#converged eig=5,  #wanted eig=5,  #iter=3, kinner=0, kouter=0
 info of the eigenproblem and solver parameters :  dim=50050
 polym=11,  blk=5,  vomax=35,  vimax=30,  n=11, augment=1, tol=1.00e-04
 ORTH-cpu=1.8300e+00, ORTH-flops=13013000,  ORTH-flops/dim=2.6000e+02
 mat-vect-cpu=7.5000e-01  #mat-vect-prod=182,  mat-vec-cpu/#mvprod=4.1209e-03
 filt_MVcpu=5.7000e-01, filt_non_mv_cpu=2.2000e-01, refinement_cpu=3.0000e-01
 CPU%: MV=19.84%(filt_MV=15.08%), ORTH=48.41%, refinement=7.94%
       other=23.81% (filt_nonMV=5.82%, Hn_cpu=2.12%, conv_cpu=2.91%)
 TOTAL CPU seconds = 3.780000e+00
results from bchdav(L2, good init): 
running time 0.5315 
#iteration:          3 
computed eigenvalues: 0.000000 
computed eigenvalues: 0.000000 
computed eigenvalues: 0.000000 
computed eigenvalues: 0.000000 
computed eigenvalues: 0.000000 
eigV error: 2.5492e-04 
--------------------------------------------
#1 converged in 3 steps, ritz(  1)=1.000000e-01, rnorm= 1.5205e-05
#2 converged in 3 steps, ritz(  2)=1.000000e-01, rnorm= 9.2679e-05
#3 converged in 3 steps, ritz(  3)=1.000000e-01, rnorm= 1.0263e-04
#4 converged in 3 steps, ritz(  4)=1.000001e-01, rnorm= 1.0808e-04
#5 converged in 3 steps, ritz(  5)=1.000001e-01, rnorm= 1.2317e-04
#converged eig=5,  #wanted eig=5,  #iter=3, kinner=0, kouter=0
 info of the eigenproblem and solver parameters :  dim=50050
 polym=11,  blk=5,  vomax=35,  vimax=30,  n=15, augment=1, tol=1.00e-04
 ORTH-cpu=2.7700e+00, ORTH-flops=24024000,  ORTH-flops/dim=4.8000e+02
 mat-vect-cpu=8.2000e-01  #mat-vect-prod=186,  mat-vec-cpu/#mvprod=4.4086e-03
 filt_MVcpu=5.9000e-01, filt_non_mv_cpu=2.0000e-01, refinement_cpu=3.0000e-01
 CPU%: MV=17.23%(filt_MV=12.39%), ORTH=58.19%, refinement=6.30%
       other=18.28% (filt_nonMV=4.20%, Hn_cpu=3.15%, conv_cpu=1.05%)
 TOTAL CPU seconds = 4.760000e+00
results from bchdav(L2, rand init): 
running time 0.5674 
#iteration:          3 
computed eigenvalues: 0.000000 
computed eigenvalues: 0.000000 
computed eigenvalues: 0.000000 
computed eigenvalues: 0.000000 
computed eigenvalues: 0.000000 
eigV error: 9.6132e-04 


========================= #samples =     100000 ============================
results from eigs(L1): 
running time 0.7936 
computed eigenvalues: -0.000000 
computed eigenvalues: 0.000000 
computed eigenvalues: 0.016598 
computed eigenvalues: 0.028031 
computed eigenvalues: 0.029567 
eigV error: 1.9089e-05 
--------------------------------------------
# 1 converged in 5 steps, ritz(  1)=1.000000e-01, rnorm= 1.8104e-05
# 2 converged in 17 steps, ritz(  2)=1.165981e-01, rnorm= 4.7560e-05
# 3 converged in 23 steps, ritz(  3)=1.000002e-01, rnorm= 1.2332e-04
# 4 converged in 23 steps, ritz(  4)=1.280314e-01, rnorm= 1.2740e-04
# 5 converged in 26 steps, ritz(  5)=1.295673e-01, rnorm= 8.3489e-05
 parameters used for the calculation:
 polym=11,  vmax=20, tol=1.000000e-04
 nconv=5,  #mat-vect-prod=20,  #iter=26
results from chdav(L1): 
running time 4.5189 
#iteration:         26 
computed eigenvalues: 0.000000 
computed eigenvalues: 0.000000 
computed eigenvalues: 0.016598 
computed eigenvalues: 0.028031 
computed eigenvalues: 0.029567 
eigV error: 7.8358e-04 
--------------------------------------------
#1 converged in 3 steps, ritz(  1)=1.000001e-01, rnorm= 8.8689e-05
#2 converged in 4 steps, ritz(  2)=1.000000e-01, rnorm= 1.9063e-05
#3 converged in 4 steps, ritz(  3)=1.000000e-01, rnorm= 2.3187e-05
#4 converged in 4 steps, ritz(  4)=1.000000e-01, rnorm= 2.3862e-05
#5 converged in 4 steps, ritz(  5)=1.000000e-01, rnorm= 3.4946e-05
#converged eig=5,  #wanted eig=5,  #iter=4, kinner=0, kouter=0
 info of the eigenproblem and solver parameters :  dim=100000
 polym=11,  blk=5,  vomax=35,  vimax=30,  n=20, augment=1, tol=1.00e-04
 ORTH-cpu=6.4000e+00, ORTH-flops=85000000,  ORTH-flops/dim=8.5000e+02
 mat-vect-cpu=1.9400e+00  #mat-vect-prod=246,  mat-vec-cpu/#mvprod=7.8862e-03
 filt_MVcpu=1.5700e+00, filt_non_mv_cpu=6.6000e-01, refinement_cpu=5.7000e-01
 CPU%: MV=17.54%(filt_MV=14.20%), ORTH=57.87%, refinement=5.15%
       other=19.44% (filt_nonMV=5.97%, Hn_cpu=2.44%, conv_cpu=0.81%)
 TOTAL CPU seconds = 1.106000e+01
results from bchdav(L1): 
running time 2.6480 
#iteration:          4 
computed eigenvalues: 0.000000 
computed eigenvalues: 0.000000 
computed eigenvalues: 0.000000 
computed eigenvalues: 0.000000 
computed eigenvalues: 0.000000 
eigV error: 4.5951e-04 
--------------------------------------------
#1 converged in 1 steps, ritz(  1)=1.000000e-01, rnorm= 1.5626e-05
#2 converged in 1 steps, ritz(  2)=1.000000e-01, rnorm= 2.3565e-05
#3 converged in 1 steps, ritz(  3)=1.000000e-01, rnorm= 1.0231e-04
#4 converged in 2 steps, ritz(  4)=1.000000e-01, rnorm= 5.5274e-05
#5 converged in 3 steps, ritz(  5)=1.000000e-01, rnorm= 2.8251e-05
#converged eig=5,  #wanted eig=5,  #iter=3, kinner=0, kouter=0
 info of the eigenproblem and solver parameters :  dim=100050
 polym=11,  blk=5,  vomax=35,  vimax=30,  n=10, augment=1, tol=1.00e-04
 ORTH-cpu=2.1700e+00, ORTH-flops=19709850,  ORTH-flops/dim=1.9700e+02
 mat-vect-cpu=1.9100e+00  #mat-vect-prod=181,  mat-vec-cpu/#mvprod=1.0552e-02
 filt_MVcpu=1.5500e+00, filt_non_mv_cpu=5.7000e-01, refinement_cpu=3.8000e-01
 CPU%: MV=26.16%(filt_MV=21.23%), ORTH=29.73%, refinement=5.21%
       other=38.90% (filt_nonMV=7.81%, Hn_cpu=1.51%, conv_cpu=2.05%)
 TOTAL CPU seconds = 7.300000e+00
results from bchdav(L2, good init): 
running time 3.2339 
#iteration:          3 
computed eigenvalues: 0.000000 
computed eigenvalues: 0.000000 
computed eigenvalues: 0.000000 
computed eigenvalues: 0.000000 
computed eigenvalues: 0.000000 
eigV error: 5.4993e-04 
--------------------------------------------
#1 converged in 3 steps, ritz(  1)=1.000001e-01, rnorm= 9.0500e-05
#2 converged in 4 steps, ritz(  2)=1.000000e-01, rnorm= 1.9516e-05
#3 converged in 4 steps, ritz(  3)=1.000000e-01, rnorm= 2.3821e-05
#4 converged in 4 steps, ritz(  4)=1.000000e-01, rnorm= 2.5183e-05
#5 converged in 4 steps, ritz(  5)=1.000000e-01, rnorm= 2.6656e-05
#converged eig=5,  #wanted eig=5,  #iter=4, kinner=0, kouter=0
 info of the eigenproblem and solver parameters :  dim=100050
 polym=11,  blk=5,  vomax=35,  vimax=30,  n=20, augment=1, tol=1.00e-04
 ORTH-cpu=5.3800e+00, ORTH-flops=85042500,  ORTH-flops/dim=8.5000e+02
 mat-vect-cpu=2.8800e+00  #mat-vect-prod=246,  mat-vec-cpu/#mvprod=1.1707e-02
 filt_MVcpu=2.0000e+00, filt_non_mv_cpu=7.8000e-01, refinement_cpu=7.7000e-01
 CPU%: MV=25.60%(filt_MV=17.78%), ORTH=47.82%, refinement=6.84%
       other=19.73% (filt_nonMV=6.93%, Hn_cpu=2.84%, conv_cpu=0.89%)
 TOTAL CPU seconds = 1.125000e+01
results from bchdav(L2, rand init): 
running time 3.2740 
#iteration:          4 
computed eigenvalues: 0.000000 
computed eigenvalues: 0.000000 
computed eigenvalues: 0.000000 
computed eigenvalues: 0.000000 
computed eigenvalues: 0.000000 
eigV error: 4.5789e-04 


========================= #samples =     500000 ============================
results from eigs(L1): 
running time 107.5671 
computed eigenvalues: 0.000000 
computed eigenvalues: 0.000001 
computed eigenvalues: 0.000037 
computed eigenvalues: 0.000041 
computed eigenvalues: 0.000084 
eigV error: 3.2380e-05 
--------------------------------------------
# 1 converged in 8 steps, ritz(  1)=1.000026e-01, rnorm= 7.6403e-05
# 2 converged in 65 steps, ritz(  2)=1.000462e-01, rnorm= 1.2683e-04
# 3 converged in 149 steps, ritz(  3)=1.000025e-01, rnorm= 1.1705e-04
# 4 converged in 153 steps, ritz(  4)=1.000414e-01, rnorm= 1.3080e-04
# 5 converged in 153 steps, ritz(  5)=1.000796e-01, rnorm= 5.7421e-05
 parameters used for the calculation:
 polym=11,  vmax=20, tol=1.000000e-04
 nconv=5,  #mat-vect-prod=20,  #iter=153
results from chdav(L1): 
running time 425.5416 
#iteration:        153 
computed eigenvalues: 0.000003 
computed eigenvalues: 0.000003 
computed eigenvalues: 0.000041 
computed eigenvalues: 0.000046 
computed eigenvalues: 0.000080 
eigV error: 1.0582e-03 
--------------------------------------------
#1 converged in 5 steps, ritz(  1)=1.000031e-01, rnorm= 1.1109e-04
#2 converged in 8 steps, ritz(  2)=1.000037e-01, rnorm= 1.7528e-04
#3 converged in 8 steps, ritz(  3)=1.000038e-01, rnorm= 1.7776e-04
#4 converged in 8 steps, ritz(  4)=1.000041e-01, rnorm= 1.7401e-04
#5 converged in 8 steps, ritz(  5)=1.000049e-01, rnorm= 2.0000e-04
#converged eig=5,  #wanted eig=5,  #iter=8, kinner=1, kouter=0
 info of the eigenproblem and solver parameters :  dim=500000
 polym=11,  blk=5,  vomax=35,  vimax=30,  n=26, augment=1, tol=1.00e-04
 ORTH-cpu=4.1630e+01, ORTH-flops=1390000000,  ORTH-flops/dim=2.7800e+03
 mat-vect-cpu=8.6240e+01  #mat-vect-prod=486,  mat-vec-cpu/#mvprod=1.7745e-01
 filt_MVcpu=7.8820e+01, filt_non_mv_cpu=6.9000e+00, refinement_cpu=6.5400e+00
 CPU%: MV=56.92%(filt_MV=52.02%), ORTH=27.47%, refinement=4.32%
       other=11.29% (filt_nonMV=4.55%, Hn_cpu=1.52%, conv_cpu=0.46%)
 TOTAL CPU seconds = 1.515200e+02
results from bchdav(L1): 
running time 108.7274 
#iteration:          8 
computed eigenvalues: 0.000003 
computed eigenvalues: 0.000004 
computed eigenvalues: 0.000004 
computed eigenvalues: 0.000004 
computed eigenvalues: 0.000005 
eigV error: 1.7025e-03 
--------------------------------------------
#1 converged in 4 steps, ritz(  1)=1.000019e-01, rnorm= 5.4339e-05
#2 converged in 4 steps, ritz(  2)=1.000020e-01, rnorm= 5.7673e-05
#3 converged in 4 steps, ritz(  3)=1.000020e-01, rnorm= 5.5487e-05
#4 converged in 4 steps, ritz(  4)=1.000023e-01, rnorm= 7.3909e-05
#5 converged in 4 steps, ritz(  5)=1.000029e-01, rnorm= 6.0573e-05
#converged eig=5,  #wanted eig=5,  #iter=4, kinner=0, kouter=0
 info of the eigenproblem and solver parameters :  dim=500050
 polym=11,  blk=5,  vomax=35,  vimax=30,  n=20, augment=1, tol=1.00e-04
 ORTH-cpu=1.3490e+01, ORTH-flops=425042500,  ORTH-flops/dim=8.5000e+02
 mat-vect-cpu=2.0860e+01  #mat-vect-prod=246,  mat-vec-cpu/#mvprod=8.4797e-02
 filt_MVcpu=1.8730e+01, filt_non_mv_cpu=3.5600e+00, refinement_cpu=2.5600e+00
 CPU%: MV=44.71%(filt_MV=40.14%), ORTH=28.91%, refinement=5.49%
       other=20.90% (filt_nonMV=7.63%, Hn_cpu=1.59%, conv_cpu=0.39%)
 TOTAL CPU seconds = 4.666000e+01
results from bchdav(L2, good init): 
running time 27.4540 
#iteration:          4 
computed eigenvalues: 0.000002 
computed eigenvalues: 0.000002 
computed eigenvalues: 0.000002 
computed eigenvalues: 0.000002 
computed eigenvalues: 0.000003 
eigV error: 6.0809e-04 
--------------------------------------------
#1 converged in 4 steps, ritz(  1)=1.000051e-01, rnorm= 2.0702e-04
#2 converged in 8 steps, ritz(  2)=1.000042e-01, rnorm= 1.7842e-04
#3 converged in 8 steps, ritz(  3)=1.000048e-01, rnorm= 1.9026e-04
#4 converged in 8 steps, ritz(  4)=1.000050e-01, rnorm= 1.9871e-04
#5 converged in 9 steps, ritz(  5)=1.000031e-01, rnorm= 1.2963e-04
#converged eig=5,  #wanted eig=5,  #iter=9, kinner=2, kouter=0
 info of the eigenproblem and solver parameters :  dim=500050
 polym=11,  blk=5,  vomax=35,  vimax=30,  n=19, augment=1, tol=1.00e-04
 ORTH-cpu=4.4480e+01, ORTH-flops=1685168500,  ORTH-flops/dim=3.3700e+03
 mat-vect-cpu=4.8080e+01  #mat-vect-prod=546,  mat-vec-cpu/#mvprod=8.8059e-02
 filt_MVcpu=4.3410e+01, filt_non_mv_cpu=6.9800e+00, refinement_cpu=7.5800e+00
 CPU%: MV=41.27%(filt_MV=37.26%), ORTH=38.18%, refinement=6.51%
       other=14.04% (filt_nonMV=5.99%, Hn_cpu=2.05%, conv_cpu=0.81%)
 TOTAL CPU seconds = 1.165000e+02
results from bchdav(L2, rand init): 
running time 67.4469 
#iteration:          9 
computed eigenvalues: 0.000003 
computed eigenvalues: 0.000004 
computed eigenvalues: 0.000005 
computed eigenvalues: 0.000005 
computed eigenvalues: 0.000005 
eigV error: 1.8284e-03 


========================= #samples =    1000000 ============================
results from eigs(L1): 
running time 173.2719 
computed eigenvalues: 0.000000 
computed eigenvalues: 0.000020 
computed eigenvalues: 0.000076 
computed eigenvalues: 0.000136 
computed eigenvalues: 0.000233 
eigV error: 4.4188e-05 
--------------------------------------------
# 1 converged in 8 steps, ritz(  1)=1.000014e-01, rnorm= 4.7584e-05
# 2 converged in 25 steps, ritz(  2)=1.002330e-01, rnorm= 9.5475e-05
# 3 converged in 76 steps, ritz(  3)=1.000236e-01, rnorm= 1.2689e-04
# 4 converged in 76 steps, ritz(  4)=1.000791e-01, rnorm= 8.9034e-05
# 5 converged in 89 steps, ritz(  5)=1.001322e-01, rnorm= 1.0135e-04
 parameters used for the calculation:
 polym=11,  vmax=20, tol=1.000000e-04
 nconv=5,  #mat-vect-prod=20,  #iter=89
results from chdav(L1): 
running time 521.4250 
#iteration:         89 
computed eigenvalues: 0.000001 
computed eigenvalues: 0.000024 
computed eigenvalues: 0.000079 
computed eigenvalues: 0.000132 
computed eigenvalues: 0.000233 
eigV error: 9.5493e-04 
--------------------------------------------
#1 converged in 4 steps, ritz(  1)=1.000033e-01, rnorm= 1.8305e-04
#2 converged in 9 steps, ritz(  2)=1.000036e-01, rnorm= 1.4377e-04
#3 converged in 9 steps, ritz(  3)=1.000040e-01, rnorm= 1.6900e-04
#4 converged in 9 steps, ritz(  4)=1.000046e-01, rnorm= 1.6128e-04
#5 converged in 9 steps, ritz(  5)=1.000052e-01, rnorm= 1.6120e-04
#converged eig=5,  #wanted eig=5,  #iter=9, kinner=2, kouter=0
 info of the eigenproblem and solver parameters :  dim=1000000
 polym=11,  blk=5,  vomax=35,  vimax=30,  n=16, augment=1, tol=1.00e-04
 ORTH-cpu=7.9750e+01, ORTH-flops=3310000000,  ORTH-flops/dim=3.3100e+03
 mat-vect-cpu=1.8581e+02  #mat-vect-prod=546,  mat-vec-cpu/#mvprod=3.4031e-01
 filt_MVcpu=1.6994e+02, filt_non_mv_cpu=1.7030e+01, refinement_cpu=1.4130e+01
 CPU%: MV=59.04%(filt_MV=54.00%), ORTH=25.34%, refinement=4.49%
       other=11.13% (filt_nonMV=5.41%, Hn_cpu=1.42%, conv_cpu=0.24%)
 TOTAL CPU seconds = 3.147200e+02
results from bchdav(L1): 
running time 233.5907 
#iteration:          9 
computed eigenvalues: 0.000003 
computed eigenvalues: 0.000004 
computed eigenvalues: 0.000004 
computed eigenvalues: 0.000005 
computed eigenvalues: 0.000005 
eigV error: 1.6415e-03 
--------------------------------------------
#1 converged in 4 steps, ritz(  1)=1.000013e-01, rnorm= 5.1148e-05
#2 converged in 4 steps, ritz(  2)=1.000019e-01, rnorm= 7.5738e-05
#3 converged in 4 steps, ritz(  3)=1.000020e-01, rnorm= 8.9376e-05
#4 converged in 4 steps, ritz(  4)=1.000026e-01, rnorm= 7.7362e-05
#5 converged in 4 steps, ritz(  5)=1.000031e-01, rnorm= 1.2485e-04
#converged eig=5,  #wanted eig=5,  #iter=4, kinner=0, kouter=0
 info of the eigenproblem and solver parameters :  dim=1000050
 polym=11,  blk=5,  vomax=35,  vimax=30,  n=20, augment=1, tol=1.00e-04
 ORTH-cpu=1.8810e+01, ORTH-flops=850042500,  ORTH-flops/dim=8.5000e+02
 mat-vect-cpu=8.7140e+01  #mat-vect-prod=246,  mat-vec-cpu/#mvprod=3.5423e-01
 filt_MVcpu=7.8670e+01, filt_non_mv_cpu=6.8600e+00, refinement_cpu=4.4100e+00
 CPU%: MV=65.94%(filt_MV=59.53%), ORTH=14.23%, refinement=3.34%
       other=16.50% (filt_nonMV=5.19%, Hn_cpu=0.92%, conv_cpu=0.15%)
 TOTAL CPU seconds = 1.321600e+02
results from bchdav(L2, good init): 
running time 108.4074 
#iteration:          4 
computed eigenvalues: 0.000001 
computed eigenvalues: 0.000002 
computed eigenvalues: 0.000002 
computed eigenvalues: 0.000003 
computed eigenvalues: 0.000003 
eigV error: 8.7076e-04 
--------------------------------------------
#1 converged in 4 steps, ritz(  1)=1.000033e-01, rnorm= 1.8294e-04
#2 converged in 9 steps, ritz(  2)=1.000040e-01, rnorm= 1.5558e-04
#3 converged in 9 steps, ritz(  3)=1.000046e-01, rnorm= 1.6267e-04
#4 converged in 9 steps, ritz(  4)=1.000048e-01, rnorm= 1.6218e-04
#5 converged in 9 steps, ritz(  5)=1.000064e-01, rnorm= 1.6762e-04
#converged eig=5,  #wanted eig=5,  #iter=9, kinner=2, kouter=0
 info of the eigenproblem and solver parameters :  dim=1000050
 polym=11,  blk=5,  vomax=35,  vimax=30,  n=16, augment=1, tol=1.00e-04
 ORTH-cpu=6.9230e+01, ORTH-flops=3310165500,  ORTH-flops/dim=3.3100e+03
 mat-vect-cpu=1.6588e+02  #mat-vect-prod=546,  mat-vec-cpu/#mvprod=3.0381e-01
 filt_MVcpu=1.4468e+02, filt_non_mv_cpu=1.4720e+01, refinement_cpu=1.4080e+01
 CPU%: MV=57.59%(filt_MV=50.23%), ORTH=24.04%, refinement=4.89%
       other=13.48% (filt_nonMV=5.11%, Hn_cpu=1.68%, conv_cpu=0.25%)
 TOTAL CPU seconds = 2.880300e+02
results from bchdav(L2, rand init): 
running time 215.9270 
#iteration:          9 
computed eigenvalues: 0.000003 
computed eigenvalues: 0.000004 
computed eigenvalues: 0.000005 
computed eigenvalues: 0.000005 
computed eigenvalues: 0.000006 
eigV error: 1.6645e-03 


========================= #samples =    2000000 ============================
results from eigs(L1): 
running time 141.8794 
computed eigenvalues: 0.000000 
computed eigenvalues: 0.000005 
computed eigenvalues: 0.000131 
computed eigenvalues: 0.000223 
computed eigenvalues: 0.000250 
eigV error: 4.9945e-05 
--------------------------------------------
# 1 converged in 8 steps, ritz(  1)=1.000011e-01, rnorm= 6.6119e-05
# 2 converged in 27 steps, ritz(  2)=1.001309e-01, rnorm= 1.0873e-04
# 3 converged in 51 steps, ritz(  3)=1.000059e-01, rnorm= 1.1920e-04
# 4 converged in 55 steps, ritz(  4)=1.002414e-01, rnorm= 1.3193e-04
# 5 converged in 55 steps, ritz(  5)=1.008089e-01, rnorm= 1.6860e-05
 parameters used for the calculation:
 polym=11,  vmax=20, tol=1.000000e-04
 nconv=5,  #mat-vect-prod=20,  #iter=55
results from chdav(L1): 
running time 977.5297 
#iteration:         55 
computed eigenvalues: 0.000001 
computed eigenvalues: 0.000006 
computed eigenvalues: 0.000131 
computed eigenvalues: 0.000241 
computed eigenvalues: 0.000809 
eigV error: 9.7839e-04 
--------------------------------------------
#1 converged in 5 steps, ritz(  1)=1.000021e-01, rnorm= 1.3169e-04
#2 converged in 8 steps, ritz(  2)=1.000061e-01, rnorm= 1.8323e-04
#3 converged in 9 steps, ritz(  3)=1.000044e-01, rnorm= 1.7680e-04
#4 converged in 9 steps, ritz(  4)=1.000059e-01, rnorm= 1.6904e-04
#5 converged in 10 steps, ritz(  5)=1.000076e-01, rnorm= 1.8285e-04
#converged eig=5,  #wanted eig=5,  #iter=10, kinner=2, kouter=0
 info of the eigenproblem and solver parameters :  dim=2000000
 polym=11,  blk=5,  vomax=35,  vimax=30,  n=22, augment=1, tol=1.00e-04
 ORTH-cpu=1.4560e+02, ORTH-flops=7460000000,  ORTH-flops/dim=3.7300e+03
 mat-vect-cpu=4.9698e+02  #mat-vect-prod=606,  mat-vec-cpu/#mvprod=8.2010e-01
 filt_MVcpu=4.4706e+02, filt_non_mv_cpu=3.4970e+01, refinement_cpu=3.2130e+01
 CPU%: MV=65.59%(filt_MV=59.00%), ORTH=19.22%, refinement=4.24%
       other=10.96% (filt_nonMV=4.62%, Hn_cpu=1.28%, conv_cpu=0.41%)
 TOTAL CPU seconds = 7.577200e+02
results from bchdav(L1): 
running time 602.5188 
#iteration:         10 
computed eigenvalues: 0.000002 
computed eigenvalues: 0.000004 
computed eigenvalues: 0.000006 
computed eigenvalues: 0.000006 
computed eigenvalues: 0.000008 
eigV error: 1.6980e-03 
--------------------------------------------
#1 converged in 3 steps, ritz(  1)=1.000010e-01, rnorm= 1.9573e-04
#2 converged in 3 steps, ritz(  2)=1.000021e-01, rnorm= 1.5120e-04
#3 converged in 3 steps, ritz(  3)=1.000027e-01, rnorm= 1.3837e-04
#4 converged in 3 steps, ritz(  4)=1.000044e-01, rnorm= 1.8246e-04
#5 converged in 3 steps, ritz(  5)=1.000069e-01, rnorm= 1.0611e-04
#converged eig=5,  #wanted eig=5,  #iter=3, kinner=0, kouter=0
 info of the eigenproblem and solver parameters :  dim=2000050
 polym=11,  blk=5,  vomax=35,  vimax=30,  n=15, augment=1, tol=1.00e-04
 ORTH-cpu=1.8750e+01, ORTH-flops=960024000,  ORTH-flops/dim=4.8000e+02
 mat-vect-cpu=1.3284e+02  #mat-vect-prod=186,  mat-vec-cpu/#mvprod=7.1419e-01
 filt_MVcpu=1.1832e+02, filt_non_mv_cpu=9.9800e+00, refinement_cpu=4.7000e+00
 CPU%: MV=67.34%(filt_MV=59.98%), ORTH=9.50%, refinement=2.38%
       other=20.77% (filt_nonMV=5.06%, Hn_cpu=0.65%, conv_cpu=0.08%)
 TOTAL CPU seconds = 1.972700e+02
results from bchdav(L2, good init): 
running time 164.6515 
#iteration:          3 
computed eigenvalues: 0.000001 
computed eigenvalues: 0.000002 
computed eigenvalues: 0.000003 
computed eigenvalues: 0.000004 
computed eigenvalues: 0.000007 
eigV error: 1.5802e-03 
--------------------------------------------
#1 converged in 5 steps, ritz(  1)=1.000020e-01, rnorm= 1.3548e-04
#2 converged in 8 steps, ritz(  2)=1.000035e-01, rnorm= 1.6001e-04
#3 converged in 9 steps, ritz(  3)=1.000059e-01, rnorm= 1.6155e-04
#4 converged in 9 steps, ritz(  4)=1.000086e-01, rnorm= 1.4924e-04
#5 converged in 11 steps, ritz(  5)=1.000044e-01, rnorm= 1.2922e-04
#converged eig=5,  #wanted eig=5,  #iter=11, kinner=2, kouter=0
 info of the eigenproblem and solver parameters :  dim=2000050
 polym=11,  blk=5,  vomax=35,  vimax=30,  n=27, augment=1, tol=1.00e-04
 ORTH-cpu=1.5829e+02, ORTH-flops=8480212000,  ORTH-flops/dim=4.2400e+03
 mat-vect-cpu=5.5999e+02  #mat-vect-prod=666,  mat-vec-cpu/#mvprod=8.4083e-01
 filt_MVcpu=5.0624e+02, filt_non_mv_cpu=3.9220e+01, refinement_cpu=3.2180e+01
 CPU%: MV=67.02%(filt_MV=60.59%), ORTH=18.94%, refinement=3.85%
       other=10.19% (filt_nonMV=4.69%, Hn_cpu=1.17%, conv_cpu=0.28%)
 TOTAL CPU seconds = 8.355700e+02
results from bchdav(L2, rand init): 
running time 671.6132 
#iteration:         11 
computed eigenvalues: 0.000002 
computed eigenvalues: 0.000003 
computed eigenvalues: 0.000004 
computed eigenvalues: 0.000006 
computed eigenvalues: 0.000009 
eigV error: 1.4766e-03 


========================= #samples =    3000000 ============================
results from eigs(L1): 
running time 166.8734 
computed eigenvalues: 0.000000 
computed eigenvalues: 0.000068 
computed eigenvalues: 0.000152 
computed eigenvalues: 0.000289 
computed eigenvalues: 0.000429 
eigV error: 5.5293e-06 
--------------------------------------------
# 1 converged in 8 steps, ritz(  1)=1.000024e-01, rnorm= 8.8347e-05
# 2 converged in 24 steps, ritz(  2)=1.001406e-01, rnorm= 1.2507e-04
# 3 converged in 36 steps, ritz(  3)=1.000785e-01, rnorm= 8.6078e-05
# 4 converged in 36 steps, ritz(  4)=1.006976e-01, rnorm= 2.6500e-05
