
                            < M A T L A B (R) >
                  Copyright 1984-2021 The MathWorks, Inc.
             R2021a Update 3 (9.10.0.1684407) 64-bit (glnxa64)
                                May 27, 2021

 
To get started, type doc.
For product information, visit www.mathworks.com.
 

sizes =

     1000000     5000000


kwant =

     3


what = 

    "abs"


tau =

   1.0000e-03


itermax =

   200


stepsize =

    0.1000


w =

    0.1000


alpha =

    0.9000



========================= #samples =    1000000 ============================
nonzeros rate:     0.0001 
# 1 converged in 6 steps, ritz(  1)=1.000237e-01, rnorm= 9.6111e-04
# 2 converged in 15 steps, ritz(  2)=1.003855e-01, rnorm= 6.1338e-04
# 3 converged in 15 steps, ritz(  3)=1.027403e-01, rnorm= 4.5743e-04
 parameters used for the calculation:
 polym=9,  vmax=20, tol=1.000000e-03
 nconv=3,  #mat-vect-prod=20,  #iter=15


--------------------------------------------
results from chdav: 
running time 65.6659 
#iteration:         15 
computed eigenvalues: 0.100024 
computed eigenvalues: 0.100386 
computed eigenvalues: 0.102740 
eigV error: 9.4285e-03 
--------------------------------------------
results from CoD: 
running time 3881.9002 
#iteration:  200000000 =   200 *    1000000 
computed eigenvalues: 0.100003 
computed eigenvalues: 0.100009 
computed eigenvalues: 0.100013 
eigV error: 2.8019e-03 
--------------------------------------------
results from eigs: 
running time 244.0217 
computed eigenvalues: 0.100000 
computed eigenvalues: 0.100028 
computed eigenvalues: 0.100058 
eigV error: 6.4852e-04 


========================= #samples =    5000000 ============================
nonzeros rate:     0.0000 
# 1 converged in 6 steps, ritz(  1)=1.002793e-01, rnorm= 8.1951e-04
# 2 converged in 11 steps, ritz(  2)=1.008148e-01, rnorm= 9.8446e-04
# 3 converged in 17 steps, ritz(  3)=1.004093e-01, rnorm= 9.7073e-04
 parameters used for the calculation:
 polym=9,  vmax=20, tol=1.000000e-03
 nconv=3,  #mat-vect-prod=20,  #iter=17


--------------------------------------------
results from chdav: 
running time 757.2461 
#iteration:         17 
computed eigenvalues: 0.100279 
computed eigenvalues: 0.100409 
computed eigenvalues: 0.100815 
eigV error: 1.0045e-02 
--------------------------------------------
results from CoD: 
running time 30556.4952 
#iteration: 1000000000 =   200 *    5000000 
computed eigenvalues: 0.100100 
computed eigenvalues: 0.100162 
computed eigenvalues: 0.100254 
eigV error: 1.3581e-02 
--------------------------------------------
results from eigs: 
running time 8296.5110 
computed eigenvalues: 0.100000 
computed eigenvalues: 0.100008 
computed eigenvalues: 0.100030 
eigV error: 5.4899e-04 
