
                            < M A T L A B (R) >
                  Copyright 1984-2021 The MathWorks, Inc.
             R2021a Update 3 (9.10.0.1684407) 64-bit (glnxa64)
                                May 27, 2021

 
To get started, type doc.
For product information, visit www.mathworks.com.
 

sizes =

  Columns 1 through 6

        1000        5000       10000       50000      100000      500000

  Columns 7 through 10

     1000000     2000000     3000000     4000000


kwant =

     5


what = 

    "pos"


tau =

   1.0000e-04


itermax =

        3000


stepsize =

    0.0200


w =

     1


alpha =

    0.9000


inits =

     1



========================= #samples =       1000 ============================
results from eigs(L1): 
running time 2.0911 
computed eigenvalues: -0.000000 
computed eigenvalues: 0.000000 
computed eigenvalues: 0.877845 
computed eigenvalues: 0.978859 
computed eigenvalues: 1.000000 
eigV error: 3.9269e-07 
--------------------------------------------
# 1 converged in 4 steps, ritz(  1)=1.000000e-01, rnorm= 2.1656e-08
# 2 converged in 7 steps, ritz(  2)=1.000000e-01, rnorm= 5.1522e-05
# 3 converged in 8 steps, ritz(  3)=9.778454e-01, rnorm= 8.3659e-06
# 4 converged in 11 steps, ritz(  4)=1.000000e-01, rnorm= 2.8160e-09
# 5 converged in 11 steps, ritz(  5)=1.078859e+00, rnorm= 2.3790e-05
 parameters used for the calculation:
 polym=11,  vmax=20, tol=1.000000e-04
 nconv=5,  #mat-vect-prod=20,  #iter=11
results from chdav(L1): 
running time 0.2082 
#iteration:         11 
computed eigenvalues: 0.000000 
computed eigenvalues: 0.000000 
computed eigenvalues: 0.000000 
computed eigenvalues: 0.877845 
computed eigenvalues: 0.978859 
eigV error: 3.9120e-05 
--------------------------------------------
#1 converged in 1 steps, ritz(  1)=1.000000e-01, rnorm= 8.4967e-06
#2 converged in 1 steps, ritz(  2)=1.000000e-01, rnorm= 1.7541e-05
#3 converged in 1 steps, ritz(  3)=1.000000e-01, rnorm= 2.1971e-05
#4 converged in 1 steps, ritz(  4)=1.000000e-01, rnorm= 2.8037e-05
#5 converged in 1 steps, ritz(  5)=1.000000e-01, rnorm= 3.3464e-05
#converged eig=5,  #wanted eig=5,  #iter=1, kinner=0, kouter=0
 info of the eigenproblem and solver parameters :  dim=1000
 polym=11,  blk=5,  vomax=35,  vimax=30,  n=5, augment=1, tol=1.00e-04
 ORTH-cpu=0.0000e+00, ORTH-flops=40000,  ORTH-flops/dim=4.0000e+01
 mat-vect-cpu=0.0000e+00  #mat-vect-prod=66,  mat-vec-cpu/#mvprod=0.0000e+00
 filt_MVcpu=0.0000e+00, filt_non_mv_cpu=1.0000e-02, refinement_cpu=0.0000e+00
 CPU%: MV=0.00%(filt_MV=0.00%), ORTH=0.00%, refinement=0.00%
       other=100.00% (filt_nonMV=11.11%, Hn_cpu=0.00%, conv_cpu=0.00%)
 TOTAL CPU seconds = 9.000000e-02
results from bchdav(L1): 
running time 0.0873 
#iteration:          1 
computed eigenvalues: 0.000000 
computed eigenvalues: 0.000000 
computed eigenvalues: 0.000000 
computed eigenvalues: 0.000000 
computed eigenvalues: 0.000000 
eigV error: 2.3531e-04 
--------------------------------------------
#1 converged in 1 steps, ritz(  1)=1.000000e-01, rnorm= 1.3796e-06
#2 converged in 1 steps, ritz(  2)=1.000000e-01, rnorm= 3.6436e-06
#3 converged in 1 steps, ritz(  3)=1.000000e-01, rnorm= 4.6499e-06
#4 converged in 1 steps, ritz(  4)=1.000000e-01, rnorm= 5.2743e-06
#5 converged in 1 steps, ritz(  5)=1.000000e-01, rnorm= 5.4318e-06
#converged eig=5,  #wanted eig=5,  #iter=1, kinner=0, kouter=0
 info of the eigenproblem and solver parameters :  dim=1050
 polym=11,  blk=5,  vomax=35,  vimax=30,  n=5, augment=1, tol=1.00e-04
 ORTH-cpu=1.0000e-02, ORTH-flops=42000,  ORTH-flops/dim=4.0000e+01
 mat-vect-cpu=0.0000e+00  #mat-vect-prod=66,  mat-vec-cpu/#mvprod=0.0000e+00
 filt_MVcpu=0.0000e+00, filt_non_mv_cpu=1.0000e-02, refinement_cpu=0.0000e+00
 CPU%: MV=0.00%(filt_MV=0.00%), ORTH=16.67%, refinement=0.00%
       other=83.33% (filt_nonMV=16.67%, Hn_cpu=0.00%, conv_cpu=0.00%)
 TOTAL CPU seconds = 6.000000e-02
results from bchdav(L2, good init): 
running time 0.0246 
#iteration:          1 
computed eigenvalues: 0.000000 
computed eigenvalues: 0.000000 
computed eigenvalues: 0.000000 
computed eigenvalues: 0.000000 
computed eigenvalues: 0.000000 
eigV error: 4.3387e-05 
--------------------------------------------
#1 converged in 1 steps, ritz(  1)=1.000000e-01, rnorm= 4.1036e-05
#2 converged in 1 steps, ritz(  2)=1.000000e-01, rnorm= 1.0509e-04
#3 converged in 1 steps, ritz(  3)=1.000000e-01, rnorm= 1.1503e-04
#4 converged in 1 steps, ritz(  4)=1.000000e-01, rnorm= 1.1755e-04
#5 converged in 1 steps, ritz(  5)=1.000000e-01, rnorm= 1.9655e-04
#converged eig=5,  #wanted eig=5,  #iter=1, kinner=0, kouter=0
 info of the eigenproblem and solver parameters :  dim=1050
 polym=11,  blk=5,  vomax=35,  vimax=30,  n=5, augment=1, tol=1.00e-04
 ORTH-cpu=0.0000e+00, ORTH-flops=42000,  ORTH-flops/dim=4.0000e+01
 mat-vect-cpu=0.0000e+00  #mat-vect-prod=66,  mat-vec-cpu/#mvprod=0.0000e+00
 filt_MVcpu=0.0000e+00, filt_non_mv_cpu=2.0000e-02, refinement_cpu=0.0000e+00
 CPU%: MV=0.00%(filt_MV=0.00%), ORTH=0.00%, refinement=0.00%
       other=100.00% (filt_nonMV=40.00%, Hn_cpu=0.00%, conv_cpu=0.00%)
 TOTAL CPU seconds = 5.000000e-02
results from bchdav(L2, rand init): 
running time 0.0071 
#iteration:          1 
computed eigenvalues: 0.000000 
computed eigenvalues: 0.000000 
computed eigenvalues: 0.000000 
computed eigenvalues: 0.000000 
computed eigenvalues: 0.000000 
eigV error: 1.2523e-03 


========================= #samples =       5000 ============================
results from eigs(L1): 
running time 0.0513 
computed eigenvalues: -0.000000 
computed eigenvalues: 0.000000 
computed eigenvalues: 0.000000 
computed eigenvalues: 0.630645 
computed eigenvalues: 0.876965 
eigV error: 9.1315e-10 
--------------------------------------------
# 1 converged in 4 steps, ritz(  1)=1.000000e-01, rnorm= 2.3977e-08
# 2 converged in 5 steps, ritz(  2)=7.306448e-01, rnorm= 7.8239e-05
# 3 converged in 8 steps, ritz(  3)=1.000000e-01, rnorm= 4.1761e-08
# 4 converged in 9 steps, ritz(  4)=9.769649e-01, rnorm= 1.5887e-04
# 5 converged in 12 steps, ritz(  5)=1.000000e-01, rnorm= 1.4952e-09
 parameters used for the calculation:
 polym=11,  vmax=20, tol=1.000000e-04
 nconv=5,  #mat-vect-prod=20,  #iter=12
results from chdav(L1): 
running time 0.0542 
#iteration:         12 
computed eigenvalues: -0.000000 
computed eigenvalues: 0.000000 
computed eigenvalues: 0.000000 
computed eigenvalues: 0.630645 
computed eigenvalues: 0.876965 
eigV error: 1.4372e-04 
--------------------------------------------
#1 converged in 1 steps, ritz(  1)=1.000000e-01, rnorm= 1.4475e-05
#2 converged in 1 steps, ritz(  2)=1.000000e-01, rnorm= 5.7230e-05
#3 converged in 1 steps, ritz(  3)=1.000000e-01, rnorm= 5.8098e-05
#4 converged in 1 steps, ritz(  4)=1.000000e-01, rnorm= 6.0715e-05
#5 converged in 3 steps, ritz(  5)=1.000000e-01, rnorm= 1.3302e-11
#converged eig=5,  #wanted eig=5,  #iter=3, kinner=0, kouter=0
 info of the eigenproblem and solver parameters :  dim=5000
 polym=11,  blk=5,  vomax=35,  vimax=30,  n=8, augment=1, tol=1.00e-04
 ORTH-cpu=1.5000e-01, ORTH-flops=685000,  ORTH-flops/dim=1.3700e+02
 mat-vect-cpu=3.3000e-01  #mat-vect-prod=179,  mat-vec-cpu/#mvprod=1.8436e-03
 filt_MVcpu=2.9000e-01, filt_non_mv_cpu=4.0000e-02, refinement_cpu=0.0000e+00
 CPU%: MV=45.83%(filt_MV=40.28%), ORTH=20.83%, refinement=0.00%
       other=33.33% (filt_nonMV=5.56%, Hn_cpu=0.00%, conv_cpu=5.56%)
 TOTAL CPU seconds = 7.200000e-01
results from bchdav(L1): 
running time 0.0550 
#iteration:          3 
computed eigenvalues: 0.000000 
computed eigenvalues: 0.000000 
computed eigenvalues: 0.000000 
computed eigenvalues: 0.000000 
computed eigenvalues: 0.000000 
eigV error: 4.5927e-04 
--------------------------------------------
#1 converged in 1 steps, ritz(  1)=1.000000e-01, rnorm= 5.8187e-06
#2 converged in 1 steps, ritz(  2)=1.000000e-01, rnorm= 6.6475e-06
#3 converged in 1 steps, ritz(  3)=1.000000e-01, rnorm= 7.1267e-06
#4 converged in 1 steps, ritz(  4)=1.000000e-01, rnorm= 7.2776e-06
#5 converged in 1 steps, ritz(  5)=1.000000e-01, rnorm= 7.3090e-06
#converged eig=5,  #wanted eig=5,  #iter=1, kinner=0, kouter=0
 info of the eigenproblem and solver parameters :  dim=5050
 polym=11,  blk=5,  vomax=35,  vimax=30,  n=5, augment=1, tol=1.00e-04
 ORTH-cpu=7.0000e-02, ORTH-flops=202000,  ORTH-flops/dim=4.0000e+01
 mat-vect-cpu=1.6000e-01  #mat-vect-prod=66,  mat-vec-cpu/#mvprod=2.4242e-03
 filt_MVcpu=1.2000e-01, filt_non_mv_cpu=0.0000e+00, refinement_cpu=0.0000e+00
 CPU%: MV=44.44%(filt_MV=33.33%), ORTH=19.44%, refinement=0.00%
       other=36.11% (filt_nonMV=0.00%, Hn_cpu=0.00%, conv_cpu=0.00%)
 TOTAL CPU seconds = 3.600000e-01
results from bchdav(L2, good init): 
running time 0.0386 
#iteration:          1 
computed eigenvalues: 0.000000 
computed eigenvalues: 0.000000 
computed eigenvalues: 0.000000 
computed eigenvalues: 0.000000 
computed eigenvalues: 0.000000 
eigV error: 6.8589e-05 
--------------------------------------------
#1 converged in 1 steps, ritz(  1)=1.000000e-01, rnorm= 1.0580e-05
#2 converged in 1 steps, ritz(  2)=1.000000e-01, rnorm= 3.7444e-05
#3 converged in 1 steps, ritz(  3)=1.000000e-01, rnorm= 4.1280e-05
#4 converged in 1 steps, ritz(  4)=1.000000e-01, rnorm= 4.3191e-05
#5 converged in 3 steps, ritz(  5)=1.000000e-01, rnorm= 1.2406e-12
#converged eig=5,  #wanted eig=5,  #iter=3, kinner=0, kouter=0
 info of the eigenproblem and solver parameters :  dim=5050
 polym=11,  blk=5,  vomax=35,  vimax=30,  n=8, augment=1, tol=1.00e-04
 ORTH-cpu=1.4000e-01, ORTH-flops=691850,  ORTH-flops/dim=1.3700e+02
 mat-vect-cpu=3.9000e-01  #mat-vect-prod=179,  mat-vec-cpu/#mvprod=2.1788e-03
 filt_MVcpu=3.3000e-01, filt_non_mv_cpu=0.0000e+00, refinement_cpu=0.0000e+00
 CPU%: MV=55.71%(filt_MV=47.14%), ORTH=20.00%, refinement=0.00%
       other=24.29% (filt_nonMV=0.00%, Hn_cpu=0.00%, conv_cpu=5.71%)
 TOTAL CPU seconds = 7.000000e-01
results from bchdav(L2, rand init): 
running time 0.0366 
#iteration:          3 
computed eigenvalues: 0.000000 
computed eigenvalues: 0.000000 
computed eigenvalues: 0.000000 
computed eigenvalues: 0.000000 
computed eigenvalues: 0.000000 
eigV error: 3.1886e-04 


========================= #samples =      10000 ============================
results from eigs(L1): 
running time 0.0732 
computed eigenvalues: -0.000000 
computed eigenvalues: 0.000000 
computed eigenvalues: 0.466994 
computed eigenvalues: 0.606566 
computed eigenvalues: 0.841322 
eigV error: 1.9972e-09 
--------------------------------------------
# 1 converged in 4 steps, ritz(  1)=1.000000e-01, rnorm= 5.9954e-08
# 2 converged in 6 steps, ritz(  2)=5.669944e-01, rnorm= 2.6958e-05
# 3 converged in 7 steps, ritz(  3)=7.065660e-01, rnorm= 2.8402e-05
# 4 converged in 9 steps, ritz(  4)=1.000000e-01, rnorm= 2.8383e-05
# 5 converged in 10 steps, ritz(  5)=9.413224e-01, rnorm= 2.3304e-05
 parameters used for the calculation:
 polym=11,  vmax=20, tol=1.000000e-04
 nconv=5,  #mat-vect-prod=20,  #iter=10
results from chdav(L1): 
running time 0.0998 
#iteration:         10 
computed eigenvalues: 0.000000 
computed eigenvalues: 0.000000 
computed eigenvalues: 0.466994 
computed eigenvalues: 0.606566 
computed eigenvalues: 0.841322 
eigV error: 4.0854e-05 
--------------------------------------------
#1 converged in 1 steps, ritz(  1)=1.000000e-01, rnorm= 7.6736e-06
#2 converged in 1 steps, ritz(  2)=1.000000e-01, rnorm= 3.0798e-05
#3 converged in 1 steps, ritz(  3)=1.000000e-01, rnorm= 3.1383e-05
#4 converged in 2 steps, ritz(  4)=1.000000e-01, rnorm= 6.3005e-06
#5 converged in 2 steps, ritz(  5)=1.000000e-01, rnorm= 1.7881e-04
#converged eig=5,  #wanted eig=5,  #iter=2, kinner=0, kouter=0
 info of the eigenproblem and solver parameters :  dim=10000
 polym=11,  blk=5,  vomax=35,  vimax=30,  n=7, augment=1, tol=1.00e-04
 ORTH-cpu=4.0000e-01, ORTH-flops=1030000,  ORTH-flops/dim=1.0300e+02
 mat-vect-cpu=3.1000e-01  #mat-vect-prod=123,  mat-vec-cpu/#mvprod=2.5203e-03
 filt_MVcpu=2.5000e-01, filt_non_mv_cpu=0.0000e+00, refinement_cpu=5.0000e-02
 CPU%: MV=30.39%(filt_MV=24.51%), ORTH=39.22%, refinement=4.90%
       other=25.49% (filt_nonMV=0.00%, Hn_cpu=0.98%, conv_cpu=4.90%)
 TOTAL CPU seconds = 1.020000e+00
results from bchdav(L1): 
running time 0.0572 
#iteration:          2 
computed eigenvalues: 0.000000 
computed eigenvalues: 0.000000 
computed eigenvalues: 0.000000 
computed eigenvalues: 0.000000 
computed eigenvalues: 0.000000 
eigV error: 8.2467e-04 
--------------------------------------------
#1 converged in 1 steps, ritz(  1)=1.000000e-01, rnorm= 3.8550e-06
#2 converged in 1 steps, ritz(  2)=1.000000e-01, rnorm= 4.2401e-06
#3 converged in 1 steps, ritz(  3)=1.000000e-01, rnorm= 5.7199e-06
#4 converged in 1 steps, ritz(  4)=1.000000e-01, rnorm= 6.0511e-06
#5 converged in 1 steps, ritz(  5)=1.000000e-01, rnorm= 6.8922e-06
#converged eig=5,  #wanted eig=5,  #iter=1, kinner=0, kouter=0
 info of the eigenproblem and solver parameters :  dim=10050
 polym=11,  blk=5,  vomax=35,  vimax=30,  n=5, augment=1, tol=1.00e-04
 ORTH-cpu=1.6000e-01, ORTH-flops=402000,  ORTH-flops/dim=4.0000e+01
 mat-vect-cpu=2.0000e-01  #mat-vect-prod=66,  mat-vec-cpu/#mvprod=3.0303e-03
 filt_MVcpu=1.3000e-01, filt_non_mv_cpu=1.0000e-02, refinement_cpu=4.0000e-02
 CPU%: MV=30.77%(filt_MV=20.00%), ORTH=24.62%, refinement=6.15%
       other=38.46% (filt_nonMV=1.54%, Hn_cpu=1.54%, conv_cpu=0.00%)
 TOTAL CPU seconds = 6.500000e-01
results from bchdav(L2, good init): 
running time 0.0399 
#iteration:          1 
computed eigenvalues: 0.000000 
computed eigenvalues: 0.000000 
computed eigenvalues: 0.000000 
computed eigenvalues: 0.000000 
computed eigenvalues: 0.000000 
eigV error: 5.4713e-05 
--------------------------------------------
#1 converged in 1 steps, ritz(  1)=1.000000e-01, rnorm= 3.7045e-06
#2 converged in 1 steps, ritz(  2)=1.000000e-01, rnorm= 1.1880e-05
#3 converged in 1 steps, ritz(  3)=1.000000e-01, rnorm= 1.3377e-05
#4 converged in 1 steps, ritz(  4)=1.000001e-01, rnorm= 1.8638e-04
#5 converged in 2 steps, ritz(  5)=1.000001e-01, rnorm= 1.8512e-04
#converged eig=5,  #wanted eig=5,  #iter=2, kinner=0, kouter=0
 info of the eigenproblem and solver parameters :  dim=10050
 polym=11,  blk=5,  vomax=35,  vimax=30,  n=6, augment=1, tol=1.00e-04
 ORTH-cpu=2.7000e-01, ORTH-flops=703500,  ORTH-flops/dim=7.0000e+01
 mat-vect-cpu=3.4000e-01  #mat-vect-prod=122,  mat-vec-cpu/#mvprod=2.7869e-03
 filt_MVcpu=2.5000e-01, filt_non_mv_cpu=2.0000e-02, refinement_cpu=3.0000e-02
 CPU%: MV=35.79%(filt_MV=26.32%), ORTH=28.42%, refinement=3.16%
       other=32.63% (filt_nonMV=2.11%, Hn_cpu=7.37%, conv_cpu=6.32%)
 TOTAL CPU seconds = 9.500000e-01
results from bchdav(L2, rand init): 
running time 0.0558 
#iteration:          2 
computed eigenvalues: 0.000000 
computed eigenvalues: 0.000000 
computed eigenvalues: 0.000000 
computed eigenvalues: 0.000000 
computed eigenvalues: 0.000000 
eigV error: 1.1776e-03 


========================= #samples =      50000 ============================
results from eigs(L1): 
running time 0.3007 
computed eigenvalues: 0.000000 
computed eigenvalues: 0.000000 
computed eigenvalues: 0.000000 
computed eigenvalues: 0.082251 
computed eigenvalues: 0.099709 
eigV error: 6.0283e-07 
--------------------------------------------
# 1 converged in 4 steps, ritz(  1)=1.000000e-01, rnorm= 6.6564e-05
# 2 converged in 10 steps, ritz(  2)=1.822509e-01, rnorm= 4.0034e-05
# 3 converged in 15 steps, ritz(  3)=1.000000e-01, rnorm= 3.8711e-06
# 4 converged in 17 steps, ritz(  4)=1.997088e-01, rnorm= 8.6481e-05
# 5 converged in 24 steps, ritz(  5)=1.000000e-01, rnorm= 9.1420e-06
 parameters used for the calculation:
 polym=11,  vmax=20, tol=1.000000e-04
 nconv=5,  #mat-vect-prod=20,  #iter=24
results from chdav(L1): 
running time 2.0008 
#iteration:         24 
computed eigenvalues: 0.000000 
computed eigenvalues: 0.000000 
computed eigenvalues: 0.000000 
computed eigenvalues: 0.082251 
computed eigenvalues: 0.099709 
eigV error: 3.6334e-04 
--------------------------------------------
#1 converged in 3 steps, ritz(  1)=1.000000e-01, rnorm= 2.3281e-05
#2 converged in 3 steps, ritz(  2)=1.000001e-01, rnorm= 1.2173e-04
#3 converged in 3 steps, ritz(  3)=1.000001e-01, rnorm= 1.3346e-04
#4 converged in 3 steps, ritz(  4)=1.000001e-01, rnorm= 1.4722e-04
#5 converged in 3 steps, ritz(  5)=1.000002e-01, rnorm= 1.9048e-04
#converged eig=5,  #wanted eig=5,  #iter=3, kinner=0, kouter=0
 info of the eigenproblem and solver parameters :  dim=50000
 polym=11,  blk=5,  vomax=35,  vimax=30,  n=15, augment=1, tol=1.00e-04
 ORTH-cpu=2.7800e+00, ORTH-flops=24000000,  ORTH-flops/dim=4.8000e+02
 mat-vect-cpu=7.9000e-01  #mat-vect-prod=186,  mat-vec-cpu/#mvprod=4.2473e-03
 filt_MVcpu=6.0000e-01, filt_non_mv_cpu=2.7000e-01, refinement_cpu=3.8000e-01
 CPU%: MV=16.02%(filt_MV=12.17%), ORTH=56.39%, refinement=7.71%
       other=19.88% (filt_nonMV=5.48%, Hn_cpu=2.43%, conv_cpu=1.01%)
 TOTAL CPU seconds = 4.930000e+00
results from bchdav(L1): 
running time 0.7041 
#iteration:          3 
computed eigenvalues: 0.000000 
computed eigenvalues: 0.000000 
computed eigenvalues: 0.000000 
computed eigenvalues: 0.000000 
computed eigenvalues: 0.000000 
eigV error: 1.3500e-03 
--------------------------------------------
#1 converged in 1 steps, ritz(  1)=1.000000e-01, rnorm= 1.5449e-05
#2 converged in 1 steps, ritz(  2)=1.000000e-01, rnorm= 3.0814e-05
#3 converged in 1 steps, ritz(  3)=1.000000e-01, rnorm= 4.5333e-05
#4 converged in 3 steps, ritz(  4)=1.000000e-01, rnorm= 6.6141e-07
#5 converged in 3 steps, ritz(  5)=1.000000e-01, rnorm= 2.3449e-06
#converged eig=5,  #wanted eig=5,  #iter=3, kinner=0, kouter=0
 info of the eigenproblem and solver parameters :  dim=50050
 polym=11,  blk=5,  vomax=35,  vimax=30,  n=11, augment=1, tol=1.00e-04
 ORTH-cpu=1.8300e+00, ORTH-flops=13013000,  ORTH-flops/dim=2.6000e+02
 mat-vect-cpu=8.5000e-01  #mat-vect-prod=182,  mat-vec-cpu/#mvprod=4.6703e-03
 filt_MVcpu=6.3000e-01, filt_non_mv_cpu=2.9000e-01, refinement_cpu=3.3000e-01
 CPU%: MV=21.14%(filt_MV=15.67%), ORTH=45.52%, refinement=8.21%
       other=25.12% (filt_nonMV=7.21%, Hn_cpu=1.99%, conv_cpu=2.74%)
 TOTAL CPU seconds = 4.020000e+00
results from bchdav(L2, good init): 
running time 0.6465 
#iteration:          3 
computed eigenvalues: 0.000000 
computed eigenvalues: 0.000000 
computed eigenvalues: 0.000000 
computed eigenvalues: 0.000000 
computed eigenvalues: 0.000000 
eigV error: 2.5492e-04 
--------------------------------------------
#1 converged in 3 steps, ritz(  1)=1.000000e-01, rnorm= 1.5205e-05
#2 converged in 3 steps, ritz(  2)=1.000000e-01, rnorm= 9.2679e-05
#3 converged in 3 steps, ritz(  3)=1.000000e-01, rnorm= 1.0263e-04
#4 converged in 3 steps, ritz(  4)=1.000001e-01, rnorm= 1.0808e-04
#5 converged in 3 steps, ritz(  5)=1.000001e-01, rnorm= 1.2317e-04
#converged eig=5,  #wanted eig=5,  #iter=3, kinner=0, kouter=0
 info of the eigenproblem and solver parameters :  dim=50050
 polym=11,  blk=5,  vomax=35,  vimax=30,  n=15, augment=1, tol=1.00e-04
 ORTH-cpu=2.8900e+00, ORTH-flops=24024000,  ORTH-flops/dim=4.8000e+02
 mat-vect-cpu=8.9000e-01  #mat-vect-prod=186,  mat-vec-cpu/#mvprod=4.7849e-03
 filt_MVcpu=6.6000e-01, filt_non_mv_cpu=1.9000e-01, refinement_cpu=3.5000e-01
 CPU%: MV=17.73%(filt_MV=13.15%), ORTH=57.57%, refinement=6.97%
       other=17.73% (filt_nonMV=3.78%, Hn_cpu=2.39%, conv_cpu=0.80%)
 TOTAL CPU seconds = 5.020000e+00
results from bchdav(L2, rand init): 
running time 0.6468 
#iteration:          3 
computed eigenvalues: 0.000000 
computed eigenvalues: 0.000000 
computed eigenvalues: 0.000000 
computed eigenvalues: 0.000000 
computed eigenvalues: 0.000000 
eigV error: 9.6132e-04 


========================= #samples =     100000 ============================
results from eigs(L1): 
running time 1.0092 
computed eigenvalues: -0.000000 
computed eigenvalues: 0.000000 
computed eigenvalues: 0.016598 
computed eigenvalues: 0.028031 
computed eigenvalues: 0.029567 
eigV error: 1.9089e-05 
--------------------------------------------
# 1 converged in 5 steps, ritz(  1)=1.000000e-01, rnorm= 1.8104e-05
# 2 converged in 17 steps, ritz(  2)=1.165981e-01, rnorm= 4.7560e-05
# 3 converged in 23 steps, ritz(  3)=1.000002e-01, rnorm= 1.2332e-04
# 4 converged in 23 steps, ritz(  4)=1.280314e-01, rnorm= 1.2740e-04
# 5 converged in 26 steps, ritz(  5)=1.295673e-01, rnorm= 8.3489e-05
 parameters used for the calculation:
 polym=11,  vmax=20, tol=1.000000e-04
 nconv=5,  #mat-vect-prod=20,  #iter=26
results from chdav(L1): 
running time 5.9002 
#iteration:         26 
computed eigenvalues: 0.000000 
computed eigenvalues: 0.000000 
computed eigenvalues: 0.016598 
computed eigenvalues: 0.028031 
computed eigenvalues: 0.029567 
eigV error: 7.8358e-04 
--------------------------------------------
#1 converged in 3 steps, ritz(  1)=1.000001e-01, rnorm= 8.8689e-05
#2 converged in 4 steps, ritz(  2)=1.000000e-01, rnorm= 1.9063e-05
#3 converged in 4 steps, ritz(  3)=1.000000e-01, rnorm= 2.3187e-05
#4 converged in 4 steps, ritz(  4)=1.000000e-01, rnorm= 2.3862e-05
#5 converged in 4 steps, ritz(  5)=1.000000e-01, rnorm= 3.4946e-05
#converged eig=5,  #wanted eig=5,  #iter=4, kinner=0, kouter=0
 info of the eigenproblem and solver parameters :  dim=100000
 polym=11,  blk=5,  vomax=35,  vimax=30,  n=20, augment=1, tol=1.00e-04
 ORTH-cpu=6.4100e+00, ORTH-flops=85000000,  ORTH-flops/dim=8.5000e+02
 mat-vect-cpu=2.5500e+00  #mat-vect-prod=246,  mat-vec-cpu/#mvprod=1.0366e-02
 filt_MVcpu=2.1800e+00, filt_non_mv_cpu=1.0000e+00, refinement_cpu=7.2000e-01
 CPU%: MV=20.88%(filt_MV=17.85%), ORTH=52.50%, refinement=5.90%
       other=20.72% (filt_nonMV=8.19%, Hn_cpu=2.38%, conv_cpu=0.90%)
 TOTAL CPU seconds = 1.221000e+01
results from bchdav(L1): 
running time 3.4463 
#iteration:          4 
computed eigenvalues: 0.000000 
computed eigenvalues: 0.000000 
computed eigenvalues: 0.000000 
computed eigenvalues: 0.000000 
computed eigenvalues: 0.000000 
eigV error: 4.5951e-04 
--------------------------------------------
#1 converged in 1 steps, ritz(  1)=1.000000e-01, rnorm= 1.5626e-05
#2 converged in 1 steps, ritz(  2)=1.000000e-01, rnorm= 2.3565e-05
#3 converged in 1 steps, ritz(  3)=1.000000e-01, rnorm= 1.0231e-04
#4 converged in 2 steps, ritz(  4)=1.000000e-01, rnorm= 5.5274e-05
#5 converged in 3 steps, ritz(  5)=1.000000e-01, rnorm= 2.8251e-05
#converged eig=5,  #wanted eig=5,  #iter=3, kinner=0, kouter=0
 info of the eigenproblem and solver parameters :  dim=100050
 polym=11,  blk=5,  vomax=35,  vimax=30,  n=10, augment=1, tol=1.00e-04
 ORTH-cpu=2.1400e+00, ORTH-flops=19709850,  ORTH-flops/dim=1.9700e+02
 mat-vect-cpu=2.0900e+00  #mat-vect-prod=181,  mat-vec-cpu/#mvprod=1.1547e-02
 filt_MVcpu=1.8200e+00, filt_non_mv_cpu=4.2000e-01, refinement_cpu=2.7000e-01
 CPU%: MV=33.33%(filt_MV=29.03%), ORTH=34.13%, refinement=4.31%
       other=28.23% (filt_nonMV=6.70%, Hn_cpu=1.28%, conv_cpu=2.07%)
 TOTAL CPU seconds = 6.270000e+00
results from bchdav(L2, good init): 
running time 2.6334 
#iteration:          3 
computed eigenvalues: 0.000000 
computed eigenvalues: 0.000000 
computed eigenvalues: 0.000000 
computed eigenvalues: 0.000000 
computed eigenvalues: 0.000000 
eigV error: 5.4993e-04 
--------------------------------------------
#1 converged in 3 steps, ritz(  1)=1.000001e-01, rnorm= 9.0500e-05
#2 converged in 4 steps, ritz(  2)=1.000000e-01, rnorm= 1.9516e-05
#3 converged in 4 steps, ritz(  3)=1.000000e-01, rnorm= 2.3821e-05
#4 converged in 4 steps, ritz(  4)=1.000000e-01, rnorm= 2.5183e-05
#5 converged in 4 steps, ritz(  5)=1.000000e-01, rnorm= 2.6656e-05
#converged eig=5,  #wanted eig=5,  #iter=4, kinner=0, kouter=0
 info of the eigenproblem and solver parameters :  dim=100050
 polym=11,  blk=5,  vomax=35,  vimax=30,  n=20, augment=1, tol=1.00e-04
 ORTH-cpu=6.0900e+00, ORTH-flops=85042500,  ORTH-flops/dim=8.5000e+02
 mat-vect-cpu=3.8600e+00  #mat-vect-prod=246,  mat-vec-cpu/#mvprod=1.5691e-02
 filt_MVcpu=3.4200e+00, filt_non_mv_cpu=6.0000e-01, refinement_cpu=6.7000e-01
 CPU%: MV=30.35%(filt_MV=26.89%), ORTH=47.88%, refinement=5.27%
       other=16.51% (filt_nonMV=4.72%, Hn_cpu=2.04%, conv_cpu=0.86%)
 TOTAL CPU seconds = 1.272000e+01
results from bchdav(L2, rand init): 
running time 4.8282 
#iteration:          4 
computed eigenvalues: 0.000000 
computed eigenvalues: 0.000000 
computed eigenvalues: 0.000000 
computed eigenvalues: 0.000000 
computed eigenvalues: 0.000000 
eigV error: 4.5789e-04 


========================= #samples =     500000 ============================
results from eigs(L1): 
running time 128.0705 
computed eigenvalues: 0.000000 
computed eigenvalues: 0.000001 
computed eigenvalues: 0.000037 
computed eigenvalues: 0.000041 
computed eigenvalues: 0.000084 
eigV error: 3.2380e-05 
--------------------------------------------
# 1 converged in 8 steps, ritz(  1)=1.000026e-01, rnorm= 7.6403e-05
# 2 converged in 65 steps, ritz(  2)=1.000462e-01, rnorm= 1.2683e-04
# 3 converged in 149 steps, ritz(  3)=1.000025e-01, rnorm= 1.1705e-04
# 4 converged in 153 steps, ritz(  4)=1.000414e-01, rnorm= 1.3080e-04
# 5 converged in 153 steps, ritz(  5)=1.000796e-01, rnorm= 5.7421e-05
 parameters used for the calculation:
 polym=11,  vmax=20, tol=1.000000e-04
 nconv=5,  #mat-vect-prod=20,  #iter=153
results from chdav(L1): 
running time 360.2063 
#iteration:        153 
computed eigenvalues: 0.000003 
computed eigenvalues: 0.000003 
computed eigenvalues: 0.000041 
computed eigenvalues: 0.000046 
computed eigenvalues: 0.000080 
eigV error: 1.0582e-03 
--------------------------------------------
#1 converged in 5 steps, ritz(  1)=1.000031e-01, rnorm= 1.1109e-04
#2 converged in 8 steps, ritz(  2)=1.000037e-01, rnorm= 1.7528e-04
#3 converged in 8 steps, ritz(  3)=1.000038e-01, rnorm= 1.7776e-04
#4 converged in 8 steps, ritz(  4)=1.000041e-01, rnorm= 1.7401e-04
#5 converged in 8 steps, ritz(  5)=1.000049e-01, rnorm= 2.0000e-04
#converged eig=5,  #wanted eig=5,  #iter=8, kinner=1, kouter=0
 info of the eigenproblem and solver parameters :  dim=500000
 polym=11,  blk=5,  vomax=35,  vimax=30,  n=26, augment=1, tol=1.00e-04
 ORTH-cpu=3.9610e+01, ORTH-flops=1390000000,  ORTH-flops/dim=2.7800e+03
 mat-vect-cpu=9.5480e+01  #mat-vect-prod=486,  mat-vec-cpu/#mvprod=1.9646e-01
 filt_MVcpu=8.4680e+01, filt_non_mv_cpu=8.2100e+00, refinement_cpu=7.2600e+00
 CPU%: MV=59.96%(filt_MV=53.18%), ORTH=24.87%, refinement=4.56%
       other=10.61% (filt_nonMV=5.16%, Hn_cpu=1.52%, conv_cpu=0.36%)
 TOTAL CPU seconds = 1.592400e+02
results from bchdav(L1): 
running time 117.1644 
#iteration:          8 
computed eigenvalues: 0.000003 
computed eigenvalues: 0.000004 
computed eigenvalues: 0.000004 
computed eigenvalues: 0.000004 
computed eigenvalues: 0.000005 
eigV error: 1.7025e-03 
--------------------------------------------
#1 converged in 4 steps, ritz(  1)=1.000019e-01, rnorm= 5.4339e-05
#2 converged in 4 steps, ritz(  2)=1.000020e-01, rnorm= 5.7673e-05
#3 converged in 4 steps, ritz(  3)=1.000020e-01, rnorm= 5.5487e-05
#4 converged in 4 steps, ritz(  4)=1.000023e-01, rnorm= 7.3909e-05
#5 converged in 4 steps, ritz(  5)=1.000029e-01, rnorm= 6.0573e-05
#converged eig=5,  #wanted eig=5,  #iter=4, kinner=0, kouter=0
 info of the eigenproblem and solver parameters :  dim=500050
 polym=11,  blk=5,  vomax=35,  vimax=30,  n=20, augment=1, tol=1.00e-04
 ORTH-cpu=1.3870e+01, ORTH-flops=425042500,  ORTH-flops/dim=8.5000e+02
 mat-vect-cpu=2.8690e+01  #mat-vect-prod=246,  mat-vec-cpu/#mvprod=1.1663e-01
 filt_MVcpu=2.5600e+01, filt_non_mv_cpu=4.3400e+00, refinement_cpu=2.5800e+00
 CPU%: MV=51.15%(filt_MV=45.64%), ORTH=24.73%, refinement=4.60%
       other=19.52% (filt_nonMV=7.74%, Hn_cpu=1.27%, conv_cpu=0.75%)
 TOTAL CPU seconds = 5.609000e+01
results from bchdav(L2, good init): 
running time 36.8786 
#iteration:          4 
computed eigenvalues: 0.000002 
computed eigenvalues: 0.000002 
computed eigenvalues: 0.000002 
computed eigenvalues: 0.000002 
computed eigenvalues: 0.000003 
eigV error: 6.0809e-04 
--------------------------------------------
#1 converged in 4 steps, ritz(  1)=1.000051e-01, rnorm= 2.0702e-04
#2 converged in 8 steps, ritz(  2)=1.000042e-01, rnorm= 1.7842e-04
#3 converged in 8 steps, ritz(  3)=1.000048e-01, rnorm= 1.9026e-04
#4 converged in 8 steps, ritz(  4)=1.000050e-01, rnorm= 1.9871e-04
#5 converged in 9 steps, ritz(  5)=1.000031e-01, rnorm= 1.2963e-04
#converged eig=5,  #wanted eig=5,  #iter=9, kinner=2, kouter=0
 info of the eigenproblem and solver parameters :  dim=500050
 polym=11,  blk=5,  vomax=35,  vimax=30,  n=19, augment=1, tol=1.00e-04
 ORTH-cpu=4.4980e+01, ORTH-flops=1685168500,  ORTH-flops/dim=3.3700e+03
 mat-vect-cpu=5.9010e+01  #mat-vect-prod=546,  mat-vec-cpu/#mvprod=1.0808e-01
 filt_MVcpu=5.3100e+01, filt_non_mv_cpu=8.3200e+00, refinement_cpu=8.1000e+00
 CPU%: MV=45.42%(filt_MV=40.87%), ORTH=34.62%, refinement=6.23%
       other=13.72% (filt_nonMV=6.40%, Hn_cpu=1.88%, conv_cpu=0.70%)
 TOTAL CPU seconds = 1.299200e+02
results from bchdav(L2, rand init): 
running time 80.0210 
#iteration:          9 
computed eigenvalues: 0.000003 
computed eigenvalues: 0.000004 
computed eigenvalues: 0.000005 
computed eigenvalues: 0.000005 
computed eigenvalues: 0.000005 
eigV error: 1.8284e-03 


========================= #samples =    1000000 ============================
results from eigs(L1): 
running time 167.8201 
computed eigenvalues: 0.000000 
computed eigenvalues: 0.000020 
computed eigenvalues: 0.000076 
computed eigenvalues: 0.000136 
computed eigenvalues: 0.000233 
eigV error: 4.4188e-05 
--------------------------------------------
# 1 converged in 8 steps, ritz(  1)=1.000014e-01, rnorm= 4.7584e-05
# 2 converged in 25 steps, ritz(  2)=1.002330e-01, rnorm= 9.5475e-05
# 3 converged in 76 steps, ritz(  3)=1.000236e-01, rnorm= 1.2689e-04
# 4 converged in 76 steps, ritz(  4)=1.000791e-01, rnorm= 8.9034e-05
# 5 converged in 89 steps, ritz(  5)=1.001322e-01, rnorm= 1.0135e-04
 parameters used for the calculation:
 polym=11,  vmax=20, tol=1.000000e-04
 nconv=5,  #mat-vect-prod=20,  #iter=89
results from chdav(L1): 
running time 515.1017 
#iteration:         89 
computed eigenvalues: 0.000001 
computed eigenvalues: 0.000024 
computed eigenvalues: 0.000079 
computed eigenvalues: 0.000132 
computed eigenvalues: 0.000233 
eigV error: 9.5493e-04 
--------------------------------------------
#1 converged in 4 steps, ritz(  1)=1.000033e-01, rnorm= 1.8305e-04
#2 converged in 9 steps, ritz(  2)=1.000036e-01, rnorm= 1.4377e-04
#3 converged in 9 steps, ritz(  3)=1.000040e-01, rnorm= 1.6900e-04
#4 converged in 9 steps, ritz(  4)=1.000046e-01, rnorm= 1.6128e-04
#5 converged in 9 steps, ritz(  5)=1.000052e-01, rnorm= 1.6120e-04
#converged eig=5,  #wanted eig=5,  #iter=9, kinner=2, kouter=0
 info of the eigenproblem and solver parameters :  dim=1000000
 polym=11,  blk=5,  vomax=35,  vimax=30,  n=16, augment=1, tol=1.00e-04
 ORTH-cpu=7.3570e+01, ORTH-flops=3310000000,  ORTH-flops/dim=3.3100e+03
 mat-vect-cpu=1.7381e+02  #mat-vect-prod=546,  mat-vec-cpu/#mvprod=3.1833e-01
 filt_MVcpu=1.5524e+02, filt_non_mv_cpu=1.6420e+01, refinement_cpu=1.4500e+01
 CPU%: MV=58.39%(filt_MV=52.15%), ORTH=24.72%, refinement=4.87%
       other=12.02% (filt_nonMV=5.52%, Hn_cpu=1.56%, conv_cpu=0.30%)
 TOTAL CPU seconds = 2.976600e+02
results from bchdav(L1): 
running time 218.3596 
#iteration:          9 
computed eigenvalues: 0.000003 
computed eigenvalues: 0.000004 
computed eigenvalues: 0.000004 
computed eigenvalues: 0.000005 
computed eigenvalues: 0.000005 
eigV error: 1.6415e-03 
--------------------------------------------
#1 converged in 4 steps, ritz(  1)=1.000013e-01, rnorm= 5.1148e-05
#2 converged in 4 steps, ritz(  2)=1.000019e-01, rnorm= 7.5738e-05
#3 converged in 4 steps, ritz(  3)=1.000020e-01, rnorm= 8.9376e-05
#4 converged in 4 steps, ritz(  4)=1.000026e-01, rnorm= 7.7362e-05
#5 converged in 4 steps, ritz(  5)=1.000031e-01, rnorm= 1.2485e-04
#converged eig=5,  #wanted eig=5,  #iter=4, kinner=0, kouter=0
 info of the eigenproblem and solver parameters :  dim=1000050
 polym=11,  blk=5,  vomax=35,  vimax=30,  n=20, augment=1, tol=1.00e-04
 ORTH-cpu=2.5030e+01, ORTH-flops=850042500,  ORTH-flops/dim=8.5000e+02
 mat-vect-cpu=1.0082e+02  #mat-vect-prod=246,  mat-vec-cpu/#mvprod=4.0984e-01
 filt_MVcpu=8.9590e+01, filt_non_mv_cpu=7.6300e+00, refinement_cpu=4.8600e+00
 CPU%: MV=66.32%(filt_MV=58.93%), ORTH=16.46%, refinement=3.20%
       other=14.02% (filt_nonMV=5.02%, Hn_cpu=0.94%, conv_cpu=0.17%)
 TOTAL CPU seconds = 1.520300e+02
results from bchdav(L2, good init): 
running time 122.1232 
#iteration:          4 
computed eigenvalues: 0.000001 
computed eigenvalues: 0.000002 
computed eigenvalues: 0.000002 
computed eigenvalues: 0.000003 
computed eigenvalues: 0.000003 
eigV error: 8.7076e-04 
--------------------------------------------
#1 converged in 4 steps, ritz(  1)=1.000033e-01, rnorm= 1.8294e-04
#2 converged in 9 steps, ritz(  2)=1.000040e-01, rnorm= 1.5558e-04
#3 converged in 9 steps, ritz(  3)=1.000046e-01, rnorm= 1.6267e-04
#4 converged in 9 steps, ritz(  4)=1.000048e-01, rnorm= 1.6218e-04
#5 converged in 9 steps, ritz(  5)=1.000064e-01, rnorm= 1.6762e-04
#converged eig=5,  #wanted eig=5,  #iter=9, kinner=2, kouter=0
 info of the eigenproblem and solver parameters :  dim=1000050
 polym=11,  blk=5,  vomax=35,  vimax=30,  n=16, augment=1, tol=1.00e-04
 ORTH-cpu=7.4840e+01, ORTH-flops=3310165500,  ORTH-flops/dim=3.3100e+03
 mat-vect-cpu=1.9085e+02  #mat-vect-prod=546,  mat-vec-cpu/#mvprod=3.4954e-01
 filt_MVcpu=1.6950e+02, filt_non_mv_cpu=1.7470e+01, refinement_cpu=1.4730e+01
 CPU%: MV=58.77%(filt_MV=52.20%), ORTH=23.05%, refinement=4.54%
       other=13.65% (filt_nonMV=5.38%, Hn_cpu=1.53%, conv_cpu=0.27%)
 TOTAL CPU seconds = 3.247300e+02
results from bchdav(L2, rand init): 
running time 244.6292 
#iteration:          9 
computed eigenvalues: 0.000003 
computed eigenvalues: 0.000004 
computed eigenvalues: 0.000005 
computed eigenvalues: 0.000005 
computed eigenvalues: 0.000006 
eigV error: 1.6645e-03 


========================= #samples =    2000000 ============================
results from eigs(L1): 
running time 131.5695 
computed eigenvalues: 0.000000 
computed eigenvalues: 0.000005 
computed eigenvalues: 0.000131 
computed eigenvalues: 0.000223 
computed eigenvalues: 0.000250 
eigV error: 4.9945e-05 
--------------------------------------------
# 1 converged in 8 steps, ritz(  1)=1.000011e-01, rnorm= 6.6119e-05
# 2 converged in 27 steps, ritz(  2)=1.001309e-01, rnorm= 1.0873e-04
# 3 converged in 51 steps, ritz(  3)=1.000059e-01, rnorm= 1.1920e-04
# 4 converged in 55 steps, ritz(  4)=1.002414e-01, rnorm= 1.3193e-04
# 5 converged in 55 steps, ritz(  5)=1.008089e-01, rnorm= 1.6860e-05
 parameters used for the calculation:
 polym=11,  vmax=20, tol=1.000000e-04
 nconv=5,  #mat-vect-prod=20,  #iter=55
results from chdav(L1): 
running time 971.0769 
#iteration:         55 
computed eigenvalues: 0.000001 
computed eigenvalues: 0.000006 
computed eigenvalues: 0.000131 
computed eigenvalues: 0.000241 
computed eigenvalues: 0.000809 
eigV error: 9.7839e-04 
--------------------------------------------
#1 converged in 5 steps, ritz(  1)=1.000021e-01, rnorm= 1.3169e-04
#2 converged in 8 steps, ritz(  2)=1.000061e-01, rnorm= 1.8323e-04
#3 converged in 9 steps, ritz(  3)=1.000044e-01, rnorm= 1.7680e-04
#4 converged in 9 steps, ritz(  4)=1.000059e-01, rnorm= 1.6904e-04
#5 converged in 10 steps, ritz(  5)=1.000076e-01, rnorm= 1.8285e-04
#converged eig=5,  #wanted eig=5,  #iter=10, kinner=2, kouter=0
 info of the eigenproblem and solver parameters :  dim=2000000
 polym=11,  blk=5,  vomax=35,  vimax=30,  n=22, augment=1, tol=1.00e-04
 ORTH-cpu=1.4982e+02, ORTH-flops=7460000000,  ORTH-flops/dim=3.7300e+03
 mat-vect-cpu=5.5210e+02  #mat-vect-prod=606,  mat-vec-cpu/#mvprod=9.1106e-01
 filt_MVcpu=4.9522e+02, filt_non_mv_cpu=3.8880e+01, refinement_cpu=2.8700e+01
 CPU%: MV=67.57%(filt_MV=60.60%), ORTH=18.33%, refinement=3.51%
       other=10.59% (filt_nonMV=4.76%, Hn_cpu=1.21%, conv_cpu=0.35%)
 TOTAL CPU seconds = 8.171300e+02
results from bchdav(L1): 
running time 660.3405 
#iteration:         10 
computed eigenvalues: 0.000002 
computed eigenvalues: 0.000004 
computed eigenvalues: 0.000006 
computed eigenvalues: 0.000006 
computed eigenvalues: 0.000008 
eigV error: 1.6980e-03 
--------------------------------------------
#1 converged in 3 steps, ritz(  1)=1.000010e-01, rnorm= 1.9573e-04
#2 converged in 3 steps, ritz(  2)=1.000021e-01, rnorm= 1.5120e-04
#3 converged in 3 steps, ritz(  3)=1.000027e-01, rnorm= 1.3837e-04
#4 converged in 3 steps, ritz(  4)=1.000044e-01, rnorm= 1.8246e-04
#5 converged in 3 steps, ritz(  5)=1.000069e-01, rnorm= 1.0611e-04
#converged eig=5,  #wanted eig=5,  #iter=3, kinner=0, kouter=0
 info of the eigenproblem and solver parameters :  dim=2000050
 polym=11,  blk=5,  vomax=35,  vimax=30,  n=15, augment=1, tol=1.00e-04
 ORTH-cpu=2.4360e+01, ORTH-flops=960024000,  ORTH-flops/dim=4.8000e+02
 mat-vect-cpu=1.6496e+02  #mat-vect-prod=186,  mat-vec-cpu/#mvprod=8.8688e-01
 filt_MVcpu=1.4182e+02, filt_non_mv_cpu=1.2180e+01, refinement_cpu=5.1400e+00
 CPU%: MV=68.52%(filt_MV=58.91%), ORTH=10.12%, refinement=2.14%
       other=19.22% (filt_nonMV=5.06%, Hn_cpu=0.63%, conv_cpu=0.11%)
 TOTAL CPU seconds = 2.407400e+02
results from bchdav(L2, good init): 
running time 200.5818 
#iteration:          3 
computed eigenvalues: 0.000001 
computed eigenvalues: 0.000002 
computed eigenvalues: 0.000003 
computed eigenvalues: 0.000004 
computed eigenvalues: 0.000007 
eigV error: 1.5802e-03 
--------------------------------------------
#1 converged in 5 steps, ritz(  1)=1.000020e-01, rnorm= 1.3548e-04
#2 converged in 8 steps, ritz(  2)=1.000035e-01, rnorm= 1.6001e-04
#3 converged in 9 steps, ritz(  3)=1.000059e-01, rnorm= 1.6155e-04
#4 converged in 9 steps, ritz(  4)=1.000086e-01, rnorm= 1.4924e-04
#5 converged in 11 steps, ritz(  5)=1.000044e-01, rnorm= 1.2922e-04
#converged eig=5,  #wanted eig=5,  #iter=11, kinner=2, kouter=0
 info of the eigenproblem and solver parameters :  dim=2000050
 polym=11,  blk=5,  vomax=35,  vimax=30,  n=27, augment=1, tol=1.00e-04
 ORTH-cpu=1.6748e+02, ORTH-flops=8480212000,  ORTH-flops/dim=4.2400e+03
 mat-vect-cpu=6.6170e+02  #mat-vect-prod=666,  mat-vec-cpu/#mvprod=9.9354e-01
 filt_MVcpu=5.9410e+02, filt_non_mv_cpu=4.1300e+01, refinement_cpu=3.4400e+01
 CPU%: MV=69.10%(filt_MV=62.04%), ORTH=17.49%, refinement=3.59%
       other=9.82% (filt_nonMV=4.31%, Hn_cpu=1.25%, conv_cpu=0.30%)
 TOTAL CPU seconds = 9.576200e+02
results from bchdav(L2, rand init): 
running time 787.3844 
#iteration:         11 
computed eigenvalues: 0.000002 
computed eigenvalues: 0.000003 
computed eigenvalues: 0.000004 
computed eigenvalues: 0.000006 
computed eigenvalues: 0.000009 
eigV error: 1.4766e-03 


========================= #samples =    3000000 ============================
results from eigs(L1): 
running time 178.8238 
computed eigenvalues: 0.000000 
computed eigenvalues: 0.000068 
computed eigenvalues: 0.000152 
computed eigenvalues: 0.000289 
computed eigenvalues: 0.000429 
eigV error: 5.5293e-06 
--------------------------------------------
# 1 converged in 8 steps, ritz(  1)=1.000024e-01, rnorm= 8.8347e-05
# 2 converged in 24 steps, ritz(  2)=1.001406e-01, rnorm= 1.2507e-04
# 3 converged in 36 steps, ritz(  3)=1.000785e-01, rnorm= 8.6078e-05
# 4 converged in 36 steps, ritz(  4)=1.006976e-01, rnorm= 2.6500e-05
# 5 converged in 46 steps, ritz(  5)=1.002940e-01, rnorm= 1.2618e-04
 parameters used for the calculation:
 polym=11,  vmax=20, tol=1.000000e-04
 nconv=5,  #mat-vect-prod=20,  #iter=46
results from chdav(L1): 
running time 1772.9038 
#iteration:         46 
computed eigenvalues: 0.000002 
computed eigenvalues: 0.000079 
computed eigenvalues: 0.000141 
computed eigenvalues: 0.000294 
computed eigenvalues: 0.000698 
eigV error: 9.7211e-04 
--------------------------------------------
#1 converged in 6 steps, ritz(  1)=1.000020e-01, rnorm= 1.4095e-04
#2 converged in 7 steps, ritz(  2)=1.000029e-01, rnorm= 2.0854e-04
#3 converged in 8 steps, ritz(  3)=1.000029e-01, rnorm= 1.1391e-04
#4 converged in 8 steps, ritz(  4)=1.000132e-01, rnorm= 1.9209e-04
#5 converged in 8 steps, ritz(  5)=1.000159e-01, rnorm= 1.5994e-04
#converged eig=5,  #wanted eig=5,  #iter=8, kinner=1, kouter=0
 info of the eigenproblem and solver parameters :  dim=3000000
 polym=11,  blk=5,  vomax=35,  vimax=30,  n=25, augment=1, tol=1.00e-04
 ORTH-cpu=1.5312e+02, ORTH-flops=8070000000,  ORTH-flops/dim=2.6900e+03
 mat-vect-cpu=8.3530e+02  #mat-vect-prod=486,  mat-vec-cpu/#mvprod=1.7187e+00
 filt_MVcpu=7.4712e+02, filt_non_mv_cpu=4.3910e+01, refinement_cpu=3.3540e+01
 CPU%: MV=73.41%(filt_MV=65.66%), ORTH=13.46%, refinement=2.95%
       other=10.18% (filt_nonMV=3.86%, Hn_cpu=0.98%, conv_cpu=0.20%)
 TOTAL CPU seconds = 1.137790e+03
results from bchdav(L1): 
running time 967.4150 
#iteration:          8 
computed eigenvalues: 0.000002 
computed eigenvalues: 0.000003 
computed eigenvalues: 0.000003 
computed eigenvalues: 0.000013 
computed eigenvalues: 0.000016 
eigV error: 1.6661e-03 
--------------------------------------------
#1 converged in 3 steps, ritz(  1)=1.000007e-01, rnorm= 1.9087e-04
#2 converged in 3 steps, ritz(  2)=1.000010e-01, rnorm= 1.9834e-04
#3 converged in 4 steps, ritz(  3)=1.000024e-01, rnorm= 5.2892e-05
#4 converged in 5 steps, ritz(  4)=1.000043e-01, rnorm= 1.7610e-04
#5 converged in 6 steps, ritz(  5)=1.000085e-01, rnorm= 1.9396e-04
#converged eig=5,  #wanted eig=5,  #iter=6, kinner=1, kouter=0
 info of the eigenproblem and solver parameters :  dim=3000050
 polym=11,  blk=5,  vomax=35,  vimax=30,  n=19, augment=1, tol=1.00e-04
 ORTH-cpu=1.1870e+02, ORTH-flops=5550092500,  ORTH-flops/dim=1.8500e+03
 mat-vect-cpu=6.4623e+02  #mat-vect-prod=366,  mat-vec-cpu/#mvprod=1.7657e+00
 filt_MVcpu=5.7581e+02, filt_non_mv_cpu=3.4850e+01, refinement_cpu=2.4520e+01
 CPU%: MV=72.25%(filt_MV=64.38%), ORTH=13.27%, refinement=2.74%
       other=11.73% (filt_nonMV=3.90%, Hn_cpu=0.84%, conv_cpu=0.35%)
 TOTAL CPU seconds = 8.943900e+02
results from bchdav(L2, good init): 
running time 755.0867 
#iteration:          6 
computed eigenvalues: 0.000001 
computed eigenvalues: 0.000001 
computed eigenvalues: 0.000002 
computed eigenvalues: 0.000004 
computed eigenvalues: 0.000009 
eigV error: 1.7157e-03 
--------------------------------------------
#1 converged in 5 steps, ritz(  1)=1.000041e-01, rnorm= 1.9889e-04
#2 converged in 7 steps, ritz(  2)=1.000031e-01, rnorm= 1.8181e-04
#3 converged in 8 steps, ritz(  3)=1.000016e-01, rnorm= 1.3309e-04
#4 converged in 8 steps, ritz(  4)=1.000096e-01, rnorm= 1.4704e-04
#5 converged in 8 steps, ritz(  5)=1.000143e-01, rnorm= 1.8299e-04
#converged eig=5,  #wanted eig=5,  #iter=8, kinner=1, kouter=0
 info of the eigenproblem and solver parameters :  dim=3000050
 polym=11,  blk=5,  vomax=35,  vimax=30,  n=26, augment=1, tol=1.00e-04
 ORTH-cpu=1.6066e+02, ORTH-flops=8190136500,  ORTH-flops/dim=2.7300e+03
 mat-vect-cpu=1.0613e+03  #mat-vect-prod=486,  mat-vec-cpu/#mvprod=2.1837e+00
 filt_MVcpu=9.5239e+02, filt_non_mv_cpu=4.3620e+01, refinement_cpu=3.2970e+01
 CPU%: MV=76.81%(filt_MV=68.93%), ORTH=11.63%, refinement=2.39%
       other=9.17% (filt_nonMV=3.16%, Hn_cpu=0.83%, conv_cpu=0.21%)
 TOTAL CPU seconds = 1.381610e+03
results from bchdav(L2, rand init): 
running time 1219.4222 
#iteration:          8 
computed eigenvalues: 0.000002 
computed eigenvalues: 0.000003 
computed eigenvalues: 0.000004 
computed eigenvalues: 0.000010 
computed eigenvalues: 0.000014 
eigV error: 1.7053e-03 


========================= #samples =    4000000 ============================
results from eigs(L1): 
running time 2022.3555 
computed eigenvalues: 0.000000 
computed eigenvalues: 0.000003 
computed eigenvalues: 0.000007 
computed eigenvalues: 0.000022 
computed eigenvalues: 0.000070 
eigV error: 5.3273e-05 
--------------------------------------------
# 1 converged in 11 steps, ritz(  1)=1.000028e-01, rnorm= 9.1016e-05
# 2 converged in 32 steps, ritz(  2)=1.000603e-01, rnorm= 1.1154e-04
# 3 converged in 32 steps, ritz(  3)=1.002591e-01, rnorm= 9.4001e-05
# 4 converged in 32 steps, ritz(  4)=1.005118e-01, rnorm= 6.7296e-05
# 5 converged in 33 steps, ritz(  5)=1.010062e-01, rnorm= 1.5167e-05
 parameters used for the calculation:
 polym=11,  vmax=20, tol=1.000000e-04
 nconv=5,  #mat-vect-prod=20,  #iter=33
results from chdav(L1): 
running time 2044.6462 
#iteration:         33 
computed eigenvalues: 0.000003 
computed eigenvalues: 0.000060 
computed eigenvalues: 0.000259 
computed eigenvalues: 0.000512 
computed eigenvalues: 0.001006 
eigV error: 8.2544e-04 
--------------------------------------------
#1 converged in 5 steps, ritz(  1)=1.000130e-01, rnorm= 2.0059e-04
#2 converged in 7 steps, ritz(  2)=1.000032e-01, rnorm= 2.0393e-04
#3 converged in 8 steps, ritz(  3)=1.000052e-01, rnorm= 1.3631e-04
#4 converged in 8 steps, ritz(  4)=1.000102e-01, rnorm= 1.9002e-04
#5 converged in 8 steps, ritz(  5)=1.000211e-01, rnorm= 1.9835e-04
#converged eig=5,  #wanted eig=5,  #iter=8, kinner=1, kouter=0
 info of the eigenproblem and solver parameters :  dim=4000000
 polym=11,  blk=5,  vomax=35,  vimax=30,  n=26, augment=1, tol=1.00e-04
 ORTH-cpu=2.1193e+02, ORTH-flops=10920000000,  ORTH-flops/dim=2.7300e+03
 mat-vect-cpu=1.2192e+03  #mat-vect-prod=486,  mat-vec-cpu/#mvprod=2.5086e+00
 filt_MVcpu=1.0923e+03, filt_non_mv_cpu=6.2670e+01, refinement_cpu=5.4090e+01
 CPU%: MV=74.28%(filt_MV=66.55%), ORTH=12.91%, refinement=3.30%
       other=9.51% (filt_nonMV=3.82%, Hn_cpu=0.37%, conv_cpu=0.20%)
 TOTAL CPU seconds = 1.641320e+03
results from bchdav(L1): 
running time 1393.0764 
#iteration:          8 
computed eigenvalues: 0.000003 
computed eigenvalues: 0.000005 
computed eigenvalues: 0.000010 
computed eigenvalues: 0.000013 
computed eigenvalues: 0.000021 
eigV error: 1.8752e-03 
--------------------------------------------
#1 converged in 3 steps, ritz(  1)=1.000011e-01, rnorm= 9.1960e-05
#2 converged in 4 steps, ritz(  2)=1.000035e-01, rnorm= 1.0895e-04
#3 converged in 4 steps, ritz(  3)=1.000080e-01, rnorm= 1.3885e-04
#4 converged in 4 steps, ritz(  4)=1.000096e-01, rnorm= 1.8113e-04
#5 converged in 4 steps, ritz(  5)=1.000174e-01, rnorm= 2.0943e-04
#converged eig=5,  #wanted eig=5,  #iter=4, kinner=0, kouter=0
 info of the eigenproblem and solver parameters :  dim=4000050
 polym=11,  blk=5,  vomax=35,  vimax=30,  n=20, augment=1, tol=1.00e-04
 ORTH-cpu=6.7450e+01, ORTH-flops=3400042500,  ORTH-flops/dim=8.5000e+02
 mat-vect-cpu=5.9445e+02  #mat-vect-prod=246,  mat-vec-cpu/#mvprod=2.4165e+00
 filt_MVcpu=5.2282e+02, filt_non_mv_cpu=3.1990e+01, refinement_cpu=1.6590e+01
 CPU%: MV=74.46%(filt_MV=65.49%), ORTH=8.45%, refinement=2.08%
       other=15.02% (filt_nonMV=4.01%, Hn_cpu=0.50%, conv_cpu=0.15%)
 TOTAL CPU seconds = 7.983700e+02
results from bchdav(L2, good init): 
running time 695.7546 
#iteration:          4 
computed eigenvalues: 0.000001 
computed eigenvalues: 0.000003 
computed eigenvalues: 0.000008 
computed eigenvalues: 0.000010 
computed eigenvalues: 0.000017 
eigV error: 1.5248e-03 
--------------------------------------------
#1 converged in 6 steps, ritz(  1)=1.000020e-01, rnorm= 1.4820e-04
#2 converged in 6 steps, ritz(  2)=1.000075e-01, rnorm= 1.8747e-04
#3 converged in 7 steps, ritz(  3)=1.000083e-01, rnorm= 1.9873e-04
#4 converged in 8 steps, ritz(  4)=1.000084e-01, rnorm= 1.6114e-04
#5 converged in 8 steps, ritz(  5)=1.000179e-01, rnorm= 2.0000e-04
#converged eig=5,  #wanted eig=5,  #iter=8, kinner=1, kouter=0
 info of the eigenproblem and solver parameters :  dim=4000050
 polym=11,  blk=5,  vomax=35,  vimax=30,  n=25, augment=1, tol=1.00e-04
 ORTH-cpu=2.1430e+02, ORTH-flops=10760134500,  ORTH-flops/dim=2.6900e+03
 mat-vect-cpu=1.1887e+03  #mat-vect-prod=486,  mat-vec-cpu/#mvprod=2.4458e+00
 filt_MVcpu=1.0655e+03, filt_non_mv_cpu=6.1520e+01, refinement_cpu=4.5890e+01
 CPU%: MV=74.12%(filt_MV=66.44%), ORTH=13.36%, refinement=2.86%
       other=9.66% (filt_nonMV=3.84%, Hn_cpu=0.81%, conv_cpu=0.20%)
 TOTAL CPU seconds = 1.603710e+03
results from bchdav(L2, rand init): 
running time 1361.0426 
#iteration:          8 
computed eigenvalues: 0.000002 
computed eigenvalues: 0.000008 
computed eigenvalues: 0.000008 
computed eigenvalues: 0.000008 
computed eigenvalues: 0.000018 
eigV error: 1.8030e-03 
