type: pos 


========================= #samples =       1000 ============================
#1 converged in 1 steps, ritz(  1)=1.000000e-01, rnorm= 1.8339e-10
#2 converged in 1 steps, ritz(  2)=1.006982e-01, rnorm= 2.7756e-08
#3 converged in 1 steps, ritz(  3)=1.014587e-01, rnorm= 6.1245e-09
#4 converged in 5 steps, ritz(  4)=8.892070e-01, rnorm= 7.6757e-04
#5 converged in 6 steps, ritz(  5)=8.899839e-01, rnorm= 4.6546e-04
#converged eig=5,  #wanted eig=5,  #iter=6, kinner=0, kouter=0
 info of the eigenproblem and solver parameters :  dim=1000
 polym=11,  blk=5,  vomax=35,  vimax=30,  n=26, augment=1, tol=1.00e-03
 ORTH-cpu=3.0395e+00, ORTH-flops=1458000,  ORTH-flops/dim=1.4580e+03
 mat-vect-cpu=5.4491e-01  #mat-vect-prod=362,  mat-vec-cpu/#mvprod=1.5053e-03
 filt_MVcpu=2.3806e-01, filt_non_mv_cpu=1.3990e-01, refinement_cpu=1.9623e-01
 CPU%: MV=13.70%(filt_MV=5.98%), ORTH=76.39%, refinement=4.93%
       other=4.98% (filt_nonMV=3.52%, Hn_cpu=28.41%, conv_cpu=156.40%)
 TOTAL CPU seconds = 3.978803e+00
results from bchdav: 
running time 46.3506 
iteration:          6 
  1-th eigenvalue computed: 0.000000 
  1-th eigenvalue computed: 0.000698 
  1-th eigenvalue computed: 0.001459 
  1-th eigenvalue computed: 0.789207 
  1-th eigenvalue computed: 0.789984 
eigV error: 7.0676e-04 
--------------------------------------------
results from eigs(Arpack): 
running time 14.7760 
  1-th eigenvalue computed: -0.000000 
  1-th eigenvalue computed: 0.000698 
  1-th eigenvalue computed: 0.001459 
  1-th eigenvalue computed: 0.789221 
  1-th eigenvalue computed: 0.790062 
eigV error: 8.6561e-04 


========================= #samples =      10000 ============================
#1 converged in 1 steps, ritz(  1)=1.000000e-01, rnorm= 7.5105e-10
#2 converged in 1 steps, ritz(  2)=1.007499e-01, rnorm= 2.1137e-07
#3 converged in 1 steps, ritz(  3)=1.014708e-01, rnorm= 2.1477e-07
#4 converged in 5 steps, ritz(  4)=8.754932e-01, rnorm= 1.0418e-03
#5 converged in 7 steps, ritz(  5)=8.753897e-01, rnorm= 1.2813e-03
#converged eig=5,  #wanted eig=5,  #iter=7, kinner=1, kouter=0
 info of the eigenproblem and solver parameters :  dim=10000
 polym=11,  blk=5,  vomax=35,  vimax=30,  n=19, augment=1, tol=1.00e-03
 ORTH-cpu=9.3634e-01, ORTH-flops=20480000,  ORTH-flops/dim=2.0480e+03
 mat-vect-cpu=5.6892e+00  #mat-vect-prod=422,  mat-vec-cpu/#mvprod=1.3482e-02
 filt_MVcpu=5.2077e+00, filt_non_mv_cpu=2.4497e-01, refinement_cpu=6.0875e-02
 CPU%: MV=4310.73%(filt_MV=3945.91%), ORTH=709.47%, refinement=46.13%
       other=-4966.32% (filt_nonMV=185.62%, Hn_cpu=17.19%, conv_cpu=7.87%)
 TOTAL CPU seconds = 1.319780e-01
results from bchdav: 
running time 7.2927 
iteration:          7 
  2-th eigenvalue computed: 0.000000 
  2-th eigenvalue computed: 0.000750 
  2-th eigenvalue computed: 0.001471 
  2-th eigenvalue computed: 0.775390 
  2-th eigenvalue computed: 0.775493 
eigV error: 1.3208e-03 
--------------------------------------------
results from eigs(Arpack): 
running time 1.4540 
  2-th eigenvalue computed: 0.000000 
  2-th eigenvalue computed: 0.000750 
  2-th eigenvalue computed: 0.001471 
  2-th eigenvalue computed: 0.774956 
  2-th eigenvalue computed: 0.775685 
eigV error: 4.8681e-04 


========================= #samples =     100000 ============================
#1 converged in 1 steps, ritz(  1)=1.000000e-01, rnorm= 8.3315e-10
#2 converged in 1 steps, ritz(  2)=1.011875e-01, rnorm= 4.1541e-07
#3 converged in 1 steps, ritz(  3)=1.016935e-01, rnorm= 4.8527e-07
#4 converged in 5 steps, ritz(  4)=8.738748e-01, rnorm= 7.7901e-04
#5 converged in 5 steps, ritz(  5)=8.742075e-01, rnorm= 1.0369e-03
#converged eig=5,  #wanted eig=5,  #iter=5, kinner=0, kouter=0
 info of the eigenproblem and solver parameters :  dim=100000
 polym=11,  blk=5,  vomax=35,  vimax=30,  n=21, augment=1, tol=1.00e-03
 ORTH-cpu=1.8843e+00, ORTH-flops=96800000,  ORTH-flops/dim=9.6800e+02
 mat-vect-cpu=1.0307e+02  #mat-vect-prod=302,  mat-vec-cpu/#mvprod=3.4131e-01
 filt_MVcpu=9.3959e+01, filt_non_mv_cpu=4.1169e+00, refinement_cpu=4.5988e-01
 CPU%: MV=676655.37%(filt_MV=616809.85%), ORTH=12370.17%, refinement=3018.96%
       other=-691944.50% (filt_nonMV=27026.13%, Hn_cpu=810.62%, conv_cpu=338.75%)
 TOTAL CPU seconds = 1.523300e-02
results from bchdav: 
running time 112.8788 
iteration:          5 
  3-th eigenvalue computed: 0.000000 
  3-th eigenvalue computed: 0.001187 
  3-th eigenvalue computed: 0.001694 
  3-th eigenvalue computed: 0.773875 
  3-th eigenvalue computed: 0.774208 
eigV error: 1.0389e-03 
--------------------------------------------
results from eigs(Arpack): 
running time 38.3041 
  3-th eigenvalue computed: 0.000000 
  3-th eigenvalue computed: 0.001187 
  3-th eigenvalue computed: 0.001694 
  3-th eigenvalue computed: 0.773835 
  3-th eigenvalue computed: 0.774396 
eigV error: 7.0690e-04 


========================= #samples =    1000000 ============================
#1 converged in 1 steps, ritz(  1)=1.000000e-01, rnorm= 2.8319e-09
#2 converged in 1 steps, ritz(  2)=1.004987e-01, rnorm= 4.2330e-06
#3 converged in 1 steps, ritz(  3)=1.017273e-01, rnorm= 1.2597e-06
#4 converged in 5 steps, ritz(  4)=8.741890e-01, rnorm= 1.2179e-03
#5 converged in 5 steps, ritz(  5)=8.742381e-01, rnorm= 1.2180e-03
#converged eig=5,  #wanted eig=5,  #iter=5, kinner=0, kouter=0
 info of the eigenproblem and solver parameters :  dim=1000000
 polym=11,  blk=5,  vomax=35,  vimax=30,  n=21, augment=1, tol=1.00e-03
 ORTH-cpu=3.0640e+01, ORTH-flops=968000000,  ORTH-flops/dim=9.6800e+02
 mat-vect-cpu=2.9509e+03  #mat-vect-prod=302,  mat-vec-cpu/#mvprod=9.7711e+00
 filt_MVcpu=2.6891e+03, filt_non_mv_cpu=3.9229e+01, refinement_cpu=6.5221e+00
 CPU%: MV=1543610.36%(filt_MV=1406666.01%), ORTH=16027.90%, refinement=3411.72%
       other=-1562949.99% (filt_nonMV=20520.55%, Hn_cpu=930.47%, conv_cpu=296.06%)
 TOTAL CPU seconds = 1.911670e-01
results from bchdav: 
running time 3077.7297 
iteration:          5 
  4-th eigenvalue computed: 0.000000 
  4-th eigenvalue computed: 0.000499 
  4-th eigenvalue computed: 0.001727 
  4-th eigenvalue computed: 0.774189 
  4-th eigenvalue computed: 0.774238 
eigV error: 1.3795e-03 
--------------------------------------------
results from eigs(Arpack): 
running time 1452.5098 
  4-th eigenvalue computed: -0.000000 
  4-th eigenvalue computed: 0.000499 
  4-th eigenvalue computed: 0.001727 
  4-th eigenvalue computed: 0.773647 
  4-th eigenvalue computed: 0.773877 
eigV error: 6.8477e-04 


========================= #samples =   10000000 ============================
#1 converged in 1 steps, ritz(  1)=1.000000e-01, rnorm= 1.8970e-09
#2 converged in 1 steps, ritz(  2)=1.001242e-01, rnorm= 6.1473e-06
#3 converged in 1 steps, ritz(  3)=1.013653e-01, rnorm= 9.1163e-06
#4 converged in 5 steps, ritz(  4)=8.742103e-01, rnorm= 1.2026e-03
#5 converged in 5 steps, ritz(  5)=8.742139e-01, rnorm= 1.2288e-03
#converged eig=5,  #wanted eig=5,  #iter=5, kinner=0, kouter=0
 info of the eigenproblem and solver parameters :  dim=10000000
 polym=11,  blk=5,  vomax=35,  vimax=30,  n=21, augment=1, tol=1.00e-03
 ORTH-cpu=4.7448e+02, ORTH-flops=9680000000,  ORTH-flops/dim=9.6800e+02
 mat-vect-cpu=3.3840e+04  #mat-vect-prod=302,  mat-vec-cpu/#mvprod=1.1205e+02
 filt_MVcpu=3.0772e+04, filt_non_mv_cpu=3.4639e+02, refinement_cpu=6.1977e+01
 CPU%: MV=516529.77%(filt_MV=469692.88%), ORTH=7242.39%, refinement=946.00%
       other=-524618.15% (filt_nonMV=5287.19%, Hn_cpu=556.29%, conv_cpu=216.39%)
 TOTAL CPU seconds = 6.551463e+00
results from bchdav: 
running time 35296.3410 
iteration:          5 
  5-th eigenvalue computed: 0.000000 
  5-th eigenvalue computed: 0.000124 
  5-th eigenvalue computed: 0.001365 
  5-th eigenvalue computed: 0.774210 
  5-th eigenvalue computed: 0.774214 
eigV error: 1.3771e-03 
--------------------------------------------
results from eigs(Arpack): 
running time 16265.8089 
  5-th eigenvalue computed: 0.000000 
  5-th eigenvalue computed: 0.000124 
  5-th eigenvalue computed: 0.001365 
  5-th eigenvalue computed: 0.773644 
  5-th eigenvalue computed: 0.773886 
eigV error: 6.5335e-04 


========================= #samples =   50000000 ============================
#1 converged in 1 steps, ritz(  1)=1.000000e-01, rnorm= 1.5653e-05
#2 converged in 2 steps, ritz(  2)=1.023947e-01, rnorm= 7.4983e-05
#3 converged in 2 steps, ritz(  3)=1.034020e-01, rnorm= 1.1456e-04
#4 converged in 6 steps, ritz(  4)=6.295474e-01, rnorm= 1.3736e-03
#5 converged in 8 steps, ritz(  5)=6.292180e-01, rnorm= 1.2210e-03
#converged eig=5,  #wanted eig=5,  #iter=8, kinner=1, kouter=0
 info of the eigenproblem and solver parameters :  dim=50000000
 polym=11,  blk=5,  vomax=35,  vimax=30,  n=28, augment=1, tol=1.00e-03
 ORTH-cpu=4.2076e+03, ORTH-flops=135750000000,  ORTH-flops/dim=2.7150e+03
 mat-vect-cpu=6.0168e+04  #mat-vect-prod=485,  mat-vec-cpu/#mvprod=1.2406e+02
 filt_MVcpu=5.4414e+04, filt_non_mv_cpu=2.4943e+03, refinement_cpu=6.7661e+02
 CPU%: MV=217541.87%(filt_MV=196740.96%), ORTH=15212.92%, refinement=2446.34%
       other=-235101.12% (filt_nonMV=9018.46%, Hn_cpu=1200.54%, conv_cpu=635.27%)
 TOTAL CPU seconds = 2.765790e+01
results from bchdav: 
running time 69099.0048 
iteration:          8 
  6-th eigenvalue computed: 0.000000 
  6-th eigenvalue computed: 0.002395 
  6-th eigenvalue computed: 0.003402 
  6-th eigenvalue computed: 0.529218 
  6-th eigenvalue computed: 0.529547 
eigV error: 2.0310e-03 
--------------------------------------------
results from eigs(Arpack): 
running time 24479.8217 
  6-th eigenvalue computed: -0.000000 
  6-th eigenvalue computed: 0.002395 
  6-th eigenvalue computed: 0.003402 
  6-th eigenvalue computed: 0.528637 
  6-th eigenvalue computed: 0.528864 
eigV error: 5.8932e-04 
