
                            < M A T L A B (R) >
                  Copyright 1984-2021 The MathWorks, Inc.
             R2021a Update 3 (9.10.0.1684407) 64-bit (glnxa64)
                                May 27, 2021

 
To get started, type doc.
For product information, visit www.mathworks.com.
 

sizes =

  Columns 1 through 6

        1000        5000       10000       50000      100000      500000

  Columns 7 through 8

     1000000     5000000


kwant =

     2


what = 

    "bin"


tau =

   1.0000e-03


itermax =

        2000


stepsize =

    0.0200


w =

     1


alpha =

    0.9000


ncores =

    40

Starting parallel pool (parpool) using the 'local' profile ...
Connected to the parallel pool (number of workers: 40).


========================= #samples =       1000 ============================
nonzeros rate:     0.0704 
results from CoD_sc: 
running time 424.0039 
#iteration:      38025 /        225 /        169 
computed eigenvalues: 0.004564 
computed eigenvalues: 0.415669 
eigV error: 7.2631e-01 
--------------------------------------------
results from bchdav(L, rand init): 
running time 2.2289 
computed eigenvalues: 0.000000 
computed eigenvalues: 0.043943 
eigV error: 2.6458e-09 
cl  v.s. cl2: 0.73 
cl1 v.s. cl2: 0.73 


========================= #samples =       5000 ============================
nonzeros rate:     0.0041 
results from CoD_sc: 
running time 194.1203 
#iteration:     192825 /         75 /       2571 
computed eigenvalues: 0.004457 
computed eigenvalues: 0.014342 
eigV error: 7.0587e-01 
--------------------------------------------
results from bchdav(L, rand init): 
running time 6.1332 
computed eigenvalues: 0.000000 
computed eigenvalues: 0.000000 
eigV error: 1.9177e-07 
cl  v.s. cl2: 0.54 
cl1 v.s. cl2: 0.97 


========================= #samples =      10000 ============================
nonzeros rate:     0.0049 
results from CoD_sc: 
running time 894.2006 
#iteration:     380250 /        125 /       3042 
computed eigenvalues: 0.005315 
computed eigenvalues: 0.051360 
eigV error: 9.5170e-01 
--------------------------------------------
results from bchdav(L, rand init): 
running time 29.6799 
computed eigenvalues: -0.000000 
computed eigenvalues: 0.000320 
eigV error: 1.6220e-07 
cl  v.s. cl2: 0.56 
cl1 v.s. cl2: 0.83 


========================= #samples =      50000 ============================
nonzeros rate:     0.0013 
results from CoD_sc: 
running time 6916.5338 
#iteration:    1933375 /        200 /       9666 
computed eigenvalues: 0.005244 
computed eigenvalues: 0.134848 
eigV error: 1.0695e+00 
--------------------------------------------
results from bchdav(L, rand init): 
running time 361.3442 
computed eigenvalues: -0.000000 
computed eigenvalues: 0.000094 
eigV error: 6.0590e-07 
cl  v.s. cl2: 0.51 
cl1 v.s. cl2: 0.61 


========================= #samples =     100000 ============================
nonzeros rate:     0.0003 
results from CoD_sc: 
running time 5087.0651 
#iteration:    3853475 /        125 /      30827 
computed eigenvalues: 0.010020 
computed eigenvalues: 0.390500 
eigV error: 1.0758e+00 
--------------------------------------------
results from bchdav(L, rand init): 
running time 149.1145 
computed eigenvalues: 0.000000 
computed eigenvalues: 0.000015 
eigV error: 9.0657e-08 
cl  v.s. cl2: 0.53 
cl1 v.s. cl2: 1.00 


========================= #samples =     500000 ============================
nonzeros rate:     0.0001 
results from CoD_sc: 
running time 123461.5390 
#iteration:   20087075 /        250 /      80348 
computed eigenvalues: 0.003926 
computed eigenvalues: 0.191041 
eigV error: 1.0013e+00 
--------------------------------------------
results from bchdav(L, rand init): 
running time 469.2683 
computed eigenvalues: -0.000000 
computed eigenvalues: 0.000000 
eigV error: 2.4450e-07 
cl  v.s. cl2: 0.51 
cl1 v.s. cl2: 0.62 


========================= #samples =    1000000 ============================
nonzeros rate:     0.0000 
results from CoD_sc: 
running time 262130.7592 
#iteration:   39677775 /        300 /     132259 
computed eigenvalues: 0.010072 
computed eigenvalues: 0.314736 
eigV error: 1.1679e+00 
--------------------------------------------
results from bchdav(L, rand init): 
running time 1303.6991 
computed eigenvalues: -0.000000 
computed eigenvalues: 0.000021 
eigV error: 9.9268e-08 
cl  v.s. cl2: 0.52 
cl1 v.s. cl2: 0.70 


========================= #samples =    5000000 ============================
nonzeros rate:     0.0000 
