type: pos 


========================= #samples =       1000 ============================
#1 converged in 1 steps, ritz(  1)=1.000000e-01, rnorm= 3.1112e-10
#2 converged in 1 steps, ritz(  2)=1.006982e-01, rnorm= 1.3324e-08
#3 converged in 1 steps, ritz(  3)=1.014587e-01, rnorm= 2.0984e-08
#4 converged in 5 steps, ritz(  4)=8.892003e-01, rnorm= 3.7354e-04
#5 converged in 5 steps, ritz(  5)=8.899961e-01, rnorm= 7.4538e-04
#converged eig=5,  #wanted eig=5,  #iter=5, kinner=0, kouter=0
 info of the eigenproblem and solver parameters :  dim=1000
 polym=11,  blk=5,  vomax=35,  vimax=30,  n=21, augment=1, tol=1.00e-03
 ORTH-cpu=4.3192e-01, ORTH-flops=968000,  ORTH-flops/dim=9.6800e+02
 mat-vect-cpu=7.4837e-02  #mat-vect-prod=302,  mat-vec-cpu/#mvprod=2.4780e-04
 filt_MVcpu=2.6129e-02, filt_non_mv_cpu=2.5660e-03, refinement_cpu=2.3744e-02
 CPU%: MV=12.21%(filt_MV=4.26%), ORTH=70.45%, refinement=3.87%
       other=13.47% (filt_nonMV=0.42%, Hn_cpu=29.16%, conv_cpu=137.91%)
 TOTAL CPU seconds = 6.131050e-01
results from bchdav: 
running time 5.1411 
iteration:          5 
  1-th eigenvalue computed: 0.000000 
  1-th eigenvalue computed: 0.000698 
  1-th eigenvalue computed: 0.001459 
  1-th eigenvalue computed: 0.789200 
  1-th eigenvalue computed: 0.789996 
eigV error: 6.5642e-04 


========================= #samples =      10000 ============================
#1 converged in 1 steps, ritz(  1)=1.000000e-01, rnorm= 7.4241e-10
#2 converged in 1 steps, ritz(  2)=1.007499e-01, rnorm= 1.5296e-07
#3 converged in 1 steps, ritz(  3)=1.014708e-01, rnorm= 2.9181e-07
#4 converged in 5 steps, ritz(  4)=8.752042e-01, rnorm= 1.0916e-03
#5 converged in 5 steps, ritz(  5)=8.756879e-01, rnorm= 8.0145e-04
#converged eig=5,  #wanted eig=5,  #iter=5, kinner=0, kouter=0
 info of the eigenproblem and solver parameters :  dim=10000
 polym=11,  blk=5,  vomax=35,  vimax=30,  n=21, augment=1, tol=1.00e-03
 ORTH-cpu=2.5579e-02, ORTH-flops=9680000,  ORTH-flops/dim=9.6800e+02
 mat-vect-cpu=3.4170e-01  #mat-vect-prod=302,  mat-vec-cpu/#mvprod=1.1315e-03
 filt_MVcpu=3.0379e-01, filt_non_mv_cpu=2.6882e-02, refinement_cpu=5.6350e-03
 CPU%: MV=104817.48%(filt_MV=93187.73%), ORTH=7846.32%, refinement=1728.53%
       other=-114292.33% (filt_nonMV=8246.01%, Hn_cpu=710.43%, conv_cpu=3520.55%)
 TOTAL CPU seconds = 3.260000e-04
results from bchdav: 
running time 5.4978 
iteration:          5 
  2-th eigenvalue computed: 0.000000 
  2-th eigenvalue computed: 0.000750 
  2-th eigenvalue computed: 0.001471 
  2-th eigenvalue computed: 0.775204 
  2-th eigenvalue computed: 0.775688 
eigV error: 1.0831e-03 


========================= #samples =     100000 ============================
#1 converged in 1 steps, ritz(  1)=1.000000e-01, rnorm= 1.1182e-09
#2 converged in 1 steps, ritz(  2)=1.011875e-01, rnorm= 6.5927e-07
#3 converged in 1 steps, ritz(  3)=1.016935e-01, rnorm= 9.3648e-07
#4 converged in 5 steps, ritz(  4)=8.739549e-01, rnorm= 9.4195e-04
#5 converged in 5 steps, ritz(  5)=8.743337e-01, rnorm= 1.2062e-03
#converged eig=5,  #wanted eig=5,  #iter=5, kinner=0, kouter=0
 info of the eigenproblem and solver parameters :  dim=100000
 polym=11,  blk=5,  vomax=35,  vimax=30,  n=21, augment=1, tol=1.00e-03
 ORTH-cpu=2.7491e-01, ORTH-flops=96800000,  ORTH-flops/dim=9.6800e+02
 mat-vect-cpu=9.8474e+00  #mat-vect-prod=302,  mat-vec-cpu/#mvprod=3.2607e-02
 filt_MVcpu=8.9642e+00, filt_non_mv_cpu=2.6921e-01, refinement_cpu=7.1435e-02
 CPU%: MV=257785.79%(filt_MV=234665.16%), ORTH=7196.68%, refinement=1870.03%
       other=-266752.49% (filt_nonMV=7047.36%, Hn_cpu=515.92%, conv_cpu=155.29%)
 TOTAL CPU seconds = 3.820000e-03
results from bchdav: 
running time 548.7237 
iteration:          5 
  3-th eigenvalue computed: 0.000000 
  3-th eigenvalue computed: 0.001187 
  3-th eigenvalue computed: 0.001694 
  3-th eigenvalue computed: 0.773955 
  3-th eigenvalue computed: 0.774334 
eigV error: 1.2258e-03 


========================= #samples =    1000000 ============================
#1 converged in 1 steps, ritz(  1)=1.000000e-01, rnorm= 7.3428e-10
#2 converged in 1 steps, ritz(  2)=1.004987e-01, rnorm= 2.9119e-06
#3 converged in 1 steps, ritz(  3)=1.017273e-01, rnorm= 1.9411e-06
#4 converged in 5 steps, ritz(  4)=8.742141e-01, rnorm= 1.1716e-03
#5 converged in 5 steps, ritz(  5)=8.742357e-01, rnorm= 1.1959e-03
#converged eig=5,  #wanted eig=5,  #iter=5, kinner=0, kouter=0
 info of the eigenproblem and solver parameters :  dim=1000000
 polym=11,  blk=5,  vomax=35,  vimax=30,  n=21, augment=1, tol=1.00e-03
 ORTH-cpu=3.2944e+01, ORTH-flops=968000000,  ORTH-flops/dim=9.6800e+02
 mat-vect-cpu=3.0846e+03  #mat-vect-prod=302,  mat-vec-cpu/#mvprod=1.0214e+01
 filt_MVcpu=2.8560e+03, filt_non_mv_cpu=2.8746e+01, refinement_cpu=7.3270e+00
 CPU%: MV=1317827.84%(filt_MV=1220174.12%), ORTH=14074.64%, refinement=3130.28%
       other=-1334932.77% (filt_nonMV=12281.16%, Hn_cpu=1260.79%, conv_cpu=240.77%)
 TOTAL CPU seconds = 2.340680e-01
results from bchdav: 
running time 272064.2856 
iteration:          5 
  4-th eigenvalue computed: 0.000000 
  4-th eigenvalue computed: 0.000499 
  4-th eigenvalue computed: 0.001727 
  4-th eigenvalue computed: 0.774214 
  4-th eigenvalue computed: 0.774236 
eigV error: 1.3409e-03 


========================= #samples =   10000000 ============================
