
                            < M A T L A B (R) >
                  Copyright 1984-2021 The MathWorks, Inc.
             R2021a Update 3 (9.10.0.1684407) 64-bit (glnxa64)
                                May 27, 2021

 
To get started, type doc.
For product information, visit www.mathworks.com.
 

sizes =

     5000000


kwant =

     4


what = 

    "abs"


tau =

   1.0000e-06


itermax =

   200


stepsize =

    0.1000


w =

     0


alpha =

    0.9000



========================= #samples =    5000000 ============================
Elapsed time is 17010.429477 seconds.
sparsedata/5000000/sparse5000000.mat saved! 
