
                            < M A T L A B (R) >
                  Copyright 1984-2021 The MathWorks, Inc.
             R2021a Update 3 (9.10.0.1684407) 64-bit (glnxa64)
                                May 27, 2021

 
To get started, type doc.
For product information, visit www.mathworks.com.
 

sizes =

        1000       10000      100000     1000000    10000000    50000000


kwant =

     4


what = 

    "bin"


tau =

   1.0000e-06


itermax =

   200


stepsize =

    0.1000


w =

     0


alpha =

    0.9000



========================= #samples =       1000 ============================
Elapsed time is 2.003151 seconds.
sparsedata/sparse1000/sparse1000bin.mat saved! 


========================= #samples =      10000 ============================
Elapsed time is 19.629937 seconds.
sparsedata/sparse10000/sparse10000bin.mat saved! 


========================= #samples =     100000 ============================
Elapsed time is 197.927081 seconds.
sparsedata/sparse100000/sparse100000bin.mat saved! 


========================= #samples =    1000000 ============================
Elapsed time is 2008.408266 seconds.
sparsedata/sparse1000000/sparse1000000bin.mat saved! 


========================= #samples =   10000000 ============================
Elapsed time is 20287.475748 seconds.
sparsedata/sparse10000000/sparse10000000bin.mat saved! 


========================= #samples =   50000000 ============================
