
                            < M A T L A B (R) >
                  Copyright 1984-2021 The MathWorks, Inc.
             R2021a Update 3 (9.10.0.1684407) 64-bit (glnxa64)
                                May 27, 2021

 
To get started, type doc.
For product information, visit www.mathworks.com.
 

sizes =

  Columns 1 through 6

        1000        5000       10000       50000      100000      500000

  Columns 7 through 8

     1000000     5000000


kwant =

     4


what = 

    "pos"


tau =

   1.0000e-06


itermax =

   200


stepsize =

    0.1000


w =

     0


alpha =

    0.9000



========================= #samples =       1000 ============================
Elapsed time is 2.526357 seconds.
sparsedata/1000/sparse1000pos.mat saved! 


========================= #samples =       5000 ============================
Elapsed time is 13.326189 seconds.
sparsedata/5000/sparse5000pos.mat saved! 


========================= #samples =      10000 ============================
Elapsed time is 25.384556 seconds.
sparsedata/10000/sparse10000pos.mat saved! 


========================= #samples =      50000 ============================
Elapsed time is 146.774218 seconds.
sparsedata/50000/sparse50000pos.mat saved! 


========================= #samples =     100000 ============================
Elapsed time is 333.109823 seconds.
sparsedata/100000/sparse100000pos.mat saved! 


========================= #samples =     500000 ============================
Elapsed time is 1656.557605 seconds.
sparsedata/500000/sparse500000pos.mat saved! 


========================= #samples =    1000000 ============================
Elapsed time is 3187.502790 seconds.
sparsedata/1000000/sparse1000000pos.mat saved! 


========================= #samples =    5000000 ============================
Elapsed time is 15875.693537 seconds.
sparsedata/5000000/sparse5000000pos.mat saved! 
